#
# There is insufficient memory for the Java Runtime Environment to continue.
# Native memory allocation (mmap) failed to map 329252864 bytes for G1 virtual space
# Possible reasons:
#   The system is out of physical RAM or swap space
#   The process is running with CompressedOops enabled, and the Java Heap may be blocking the growth of the native heap
# Possible solutions:
#   Reduce memory load on the system
#   Increase physical memory or swap space
#   Check if swap backing store is full
#   Decrease Java heap size (-Xmx/-Xms)
#   Decrease number of Java threads
#   Decrease Java thread stack sizes (-Xss)
#   Set larger code cache with -XX:ReservedCodeCacheSize=
#   JVM is running with Unscaled Compressed Oops mode in which the Java heap is
#     placed in the first 4GB address space. The Java Heap base address is the
#     maximum limit for the native heap growth. Please use -XX:HeapBaseMinAddress
#     to set the Java Heap base and to place the Java Heap above 4GB virtual address.
# This output file may be truncated or incomplete.
#
#  Out of Memory Error (os_windows.cpp:3769), pid=11316, tid=17468
#
# JRE version: OpenJDK Runtime Environment (17.0.6) (build 17.0.6+0-b2043.56-9586694)
# Java VM: OpenJDK 64-Bit Server VM (17.0.6+0-b2043.56-9586694, mixed mode, tiered, compressed oops, compressed class ptrs, g1 gc, windows-amd64)
# No core dump will be written. Minidumps are not enabled by default on client versions of Windows
#

---------------  S U M M A R Y ------------

Command Line: --add-opens=java.base/java.util=ALL-UNNAMED --add-opens=java.base/java.lang=ALL-UNNAMED --add-opens=java.base/java.lang.invoke=ALL-UNNAMED --add-opens=java.prefs/java.util.prefs=ALL-UNNAMED --add-opens=java.base/java.nio.charset=ALL-UNNAMED --add-opens=java.base/java.net=ALL-UNNAMED --add-opens=java.base/java.util.concurrent.atomic=ALL-UNNAMED -Xmx2048m -Dfile.encoding=UTF-8 -Duser.country=RU -Duser.language=ru -Duser.variant org.gradle.launcher.daemon.bootstrap.GradleDaemon 8.0

Host: Intel(R) Core(TM) i5-6300U CPU @ 2.40GHz, 4 cores, 15G,  Windows 11 , 64 bit Build 22000 (10.0.22000.675)
Time: Sun Dec 10 11:33:45 2023 RTZ 2 (s 11 , 64 bit Build 22000 (10.0.22000.675) elapsed time: 20.984902 seconds (0d 0h 0m 20s)

---------------  T H R E A D  ---------------

Current thread (0x000001eaab8eb640):  VMThread "VM Thread" [stack: 0x000000a1b2800000,0x000000a1b2900000] [id=17468]

Stack: [0x000000a1b2800000,0x000000a1b2900000]
Native frames: (J=compiled Java code, j=interpreted, Vv=VM code, C=native code)
V  [jvm.dll+0x683b4a]
V  [jvm.dll+0x842654]
V  [jvm.dll+0x843dfe]
V  [jvm.dll+0x844463]
V  [jvm.dll+0x249b75]
V  [jvm.dll+0x680a19]
V  [jvm.dll+0x674f0a]
V  [jvm.dll+0x309acb]
V  [jvm.dll+0x310f86]
V  [jvm.dll+0x3608ee]
V  [jvm.dll+0x360b1f]
V  [jvm.dll+0x2dfbf8]
V  [jvm.dll+0x2ddec4]
V  [jvm.dll+0x2dd4cc]
V  [jvm.dll+0x321f3b]
V  [jvm.dll+0x84893b]
V  [jvm.dll+0x849674]
V  [jvm.dll+0x849b8d]
V  [jvm.dll+0x849f64]
V  [jvm.dll+0x84a030]
V  [jvm.dll+0x7f25fa]
V  [jvm.dll+0x682985]
C  [ucrtbase.dll+0x26c0c]
C  [KERNEL32.DLL+0x154e0]
C  [ntdll.dll+0x485b]

VM_Operation (0x000000a1b8bfe390): G1CollectForAllocation, mode: safepoint, requested by thread 0x000001eab07c8570


---------------  P R O C E S S  ---------------

Threads class SMR info:
_java_thread_list=0x000001eab4284100, length=97, elements={
0x000001ea92329020, 0x000001eaac421810, 0x000001eaac422680, 0x000001eaac455530,
0x000001eaac47b690, 0x000001eaac46e010, 0x000001eaac46e4e0, 0x000001eaac4736d0,
0x000001eaac474170, 0x000001eaac487dc0, 0x000001eaac608440, 0x000001eaac608d20,
0x000001eaad959aa0, 0x000001eaadd58300, 0x000001eaadd4e330, 0x000001eaadd4bcb0,
0x000001eaadd4c650, 0x000001eaadd4d4c0, 0x000001eaadd4cb20, 0x000001eaadd4f670,
0x000001eaadd4c180, 0x000001eaadd4cff0, 0x000001eaadd4de60, 0x000001eaadd4e800,
0x000001eaadd4ecd0, 0x000001eaadd4f1a0, 0x000001eab045b060, 0x000001eab0460230,
0x000001eab045bed0, 0x000001eab045d6e0, 0x000001eab045e550, 0x000001eab045e080,
0x000001eab045dbb0, 0x000001eab045ea20, 0x000001eab045eef0, 0x000001eab04610a0,
0x000001eab0460700, 0x000001eab045fd60, 0x000001eab045c3a0, 0x000001eab045c870,
0x000001eab0461f10, 0x000001eab045cd40, 0x000001eaaf16b550, 0x000001eaaf16b080,
0x000001eaaf169870, 0x000001eaaf16a210, 0x000001eaaf16ba20, 0x000001eaaf1693a0,
0x000001eaaf16f8b0, 0x000001eaaf168530, 0x000001eaaf16bef0, 0x000001eaaf16d700,
0x000001eaaf168060, 0x000001eaaf16c3c0, 0x000001eaaf169d40, 0x000001eaaf16a6e0,
0x000001eaaf16f3e0, 0x000001eaaf168a00, 0x000001eaaf16dbd0, 0x000001eaaf16e0a0,
0x000001eaaf168ed0, 0x000001eaaf16c890, 0x000001eaaf16abb0, 0x000001eaaf16cd60,
0x000001eaaf16d230, 0x000001eaaf16e570, 0x000001eaaf16ef10, 0x000001eaaf16ea40,
0x000001eab07c5ef0, 0x000001eab07c63c0, 0x000001eab07c5a20, 0x000001eab07c98b0,
0x000001eab07c7230, 0x000001eab07c9d80, 0x000001eab07c6890, 0x000001eab07ca720,
0x000001eab07c7bd0, 0x000001eab07cba60, 0x000001eab07cb590, 0x000001eab07c7700,
0x000001eab07cabf0, 0x000001eab2310e80, 0x000001eab7b604b0, 0x000001eab7b59ad0,
0x000001eab7b5cfc0, 0x000001eab7b60980, 0x000001eab7b59fa0, 0x000001eab7b5a470,
0x000001eab7b5e7d0, 0x000001eab7b5f170, 0x000001eab7b5ffe0, 0x000001eab7b5b2e0,
0x000001eab7b5b7b0, 0x000001eab07c8570, 0x000001eab07c93e0, 0x000001eab07cb0c0,
0x000001eab07cc400
}

Java Threads: ( => current thread )
  0x000001ea92329020 JavaThread "main" [_thread_blocked, id=7716, stack(0x000000a1b2200000,0x000000a1b2300000)]
  0x000001eaac421810 JavaThread "Reference Handler" daemon [_thread_blocked, id=7728, stack(0x000000a1b2900000,0x000000a1b2a00000)]
  0x000001eaac422680 JavaThread "Finalizer" daemon [_thread_blocked, id=7828, stack(0x000000a1b2a00000,0x000000a1b2b00000)]
  0x000001eaac455530 JavaThread "Signal Dispatcher" daemon [_thread_blocked, id=15612, stack(0x000000a1b2b00000,0x000000a1b2c00000)]
  0x000001eaac47b690 JavaThread "Attach Listener" daemon [_thread_blocked, id=2924, stack(0x000000a1b2c00000,0x000000a1b2d00000)]
  0x000001eaac46e010 JavaThread "Service Thread" daemon [_thread_blocked, id=19040, stack(0x000000a1b2d00000,0x000000a1b2e00000)]
  0x000001eaac46e4e0 JavaThread "Monitor Deflation Thread" daemon [_thread_blocked, id=17440, stack(0x000000a1b2e00000,0x000000a1b2f00000)]
  0x000001eaac4736d0 JavaThread "C2 CompilerThread0" daemon [_thread_in_native, id=9056, stack(0x000000a1b2f00000,0x000000a1b3000000)]
  0x000001eaac474170 JavaThread "C1 CompilerThread0" daemon [_thread_blocked, id=17668, stack(0x000000a1b3000000,0x000000a1b3100000)]
  0x000001eaac487dc0 JavaThread "Sweeper thread" daemon [_thread_blocked, id=12344, stack(0x000000a1b3100000,0x000000a1b3200000)]
  0x000001eaac608440 JavaThread "Common-Cleaner" daemon [_thread_blocked, id=4308, stack(0x000000a1b3200000,0x000000a1b3300000)]
  0x000001eaac608d20 JavaThread "Notification Thread" daemon [_thread_blocked, id=2816, stack(0x000000a1b3300000,0x000000a1b3400000)]
  0x000001eaad959aa0 JavaThread "Daemon health stats" [_thread_blocked, id=16484, stack(0x000000a1b3900000,0x000000a1b3a00000)]
  0x000001eaadd58300 JavaThread "Incoming local TCP Connector on port 60111" [_thread_in_native, id=17960, stack(0x000000a1b3a00000,0x000000a1b3b00000)]
  0x000001eaadd4e330 JavaThread "Daemon periodic checks" [_thread_blocked, id=11968, stack(0x000000a1b3b00000,0x000000a1b3c00000)]
  0x000001eaadd4bcb0 JavaThread "Daemon" [_thread_blocked, id=18232, stack(0x000000a1b3c00000,0x000000a1b3d00000)]
  0x000001eaadd4c650 JavaThread "Handler for socket connection from /127.0.0.1:60111 to /127.0.0.1:60112" [_thread_in_native, id=14572, stack(0x000000a1b3d00000,0x000000a1b3e00000)]
  0x000001eaadd4d4c0 JavaThread "Cancel handler" [_thread_blocked, id=3252, stack(0x000000a1b3e00000,0x000000a1b3f00000)]
  0x000001eaadd4cb20 JavaThread "Daemon worker" [_thread_blocked, id=13172, stack(0x000000a1b3f00000,0x000000a1b4000000)]
  0x000001eaadd4f670 JavaThread "Asynchronous log dispatcher for DefaultDaemonConnection: socket connection from /127.0.0.1:60111 to /127.0.0.1:60112" [_thread_blocked, id=13224, stack(0x000000a1b4000000,0x000000a1b4100000)]
  0x000001eaadd4c180 JavaThread "Stdin handler" [_thread_blocked, id=17788, stack(0x000000a1b4100000,0x000000a1b4200000)]
  0x000001eaadd4cff0 JavaThread "Daemon client event forwarder" [_thread_blocked, id=16260, stack(0x000000a1b4200000,0x000000a1b4300000)]
  0x000001eaadd4de60 JavaThread "Cache worker for journal cache (C:\Users\ThinkPad T470\.gradle\caches\journal-1)" [_thread_blocked, id=4372, stack(0x000000a1b4300000,0x000000a1b4400000)]
  0x000001eaadd4e800 JavaThread "File lock request listener" [_thread_in_native, id=15428, stack(0x000000a1b4400000,0x000000a1b4500000)]
  0x000001eaadd4ecd0 JavaThread "Cache worker for file hash cache (C:\Users\ThinkPad T470\.gradle\caches\8.0\fileHashes)" [_thread_blocked, id=7368, stack(0x000000a1b4500000,0x000000a1b4600000)]
  0x000001eaadd4f1a0 JavaThread "File watcher server" daemon [_thread_blocked, id=8320, stack(0x000000a1b4600000,0x000000a1b4700000)]
  0x000001eab045b060 JavaThread "File watcher consumer" daemon [_thread_blocked, id=3636, stack(0x000000a1b4700000,0x000000a1b4800000)]
  0x000001eab0460230 JavaThread "Cache worker for checksums cache (D:\numbersGame\.gradle\8.0\checksums)" [_thread_blocked, id=10456, stack(0x000000a1b4800000,0x000000a1b4900000)]
  0x000001eab045bed0 JavaThread "Cache worker for cache directory md-rule (C:\Users\ThinkPad T470\.gradle\caches\8.0\md-rule)" [_thread_blocked, id=16648, stack(0x000000a1b4900000,0x000000a1b4a00000)]
  0x000001eab045d6e0 JavaThread "Cache worker for file content cache (C:\Users\ThinkPad T470\.gradle\caches\8.0\fileContent)" [_thread_blocked, id=3944, stack(0x000000a1b4a00000,0x000000a1b4b00000)]
  0x000001eab045e550 JavaThread "Cache worker for file hash cache (D:\numbersGame\.gradle\8.0\fileHashes)" [_thread_blocked, id=13796, stack(0x000000a1b4b00000,0x000000a1b4c00000)]
  0x000001eab045e080 JavaThread "Cache worker for cache directory md-supplier (C:\Users\ThinkPad T470\.gradle\caches\8.0\md-supplier)" [_thread_blocked, id=10596, stack(0x000000a1b4c00000,0x000000a1b4d00000)]
  0x000001eab045dbb0 JavaThread "Cache worker for execution history cache (C:\Users\ThinkPad T470\.gradle\caches\8.0\executionHistory)" [_thread_blocked, id=17688, stack(0x000000a1b4d00000,0x000000a1b4e00000)]
  0x000001eab045ea20 JavaThread "jar transforms" [_thread_blocked, id=14412, stack(0x000000a1b4e00000,0x000000a1b4f00000)]
  0x000001eab045eef0 JavaThread "jar transforms Thread 2" [_thread_blocked, id=9076, stack(0x000000a1b4f00000,0x000000a1b5000000)]
  0x000001eab04610a0 JavaThread "jar transforms Thread 3" [_thread_blocked, id=7148, stack(0x000000a1b5100000,0x000000a1b5200000)]
  0x000001eab0460700 JavaThread "jar transforms Thread 4" [_thread_blocked, id=5052, stack(0x000000a1b5200000,0x000000a1b5300000)]
  0x000001eab045fd60 JavaThread "Cache worker for dependencies-accessors (D:\numbersGame\.gradle\8.0\dependencies-accessors)" [_thread_blocked, id=2520, stack(0x000000a1b5300000,0x000000a1b5400000)]
  0x000001eab045c3a0 JavaThread "Cache worker for Build Output Cleanup Cache (D:\numbersGame\.gradle\buildOutputCleanup)" [_thread_blocked, id=9908, stack(0x000000a1b5400000,0x000000a1b5500000)]
  0x000001eab045c870 JavaThread "Unconstrained build operations" [_thread_blocked, id=7304, stack(0x000000a1b5500000,0x000000a1b5600000)]
  0x000001eab0461f10 JavaThread "Unconstrained build operations Thread 2" [_thread_blocked, id=19224, stack(0x000000a1b5600000,0x000000a1b5700000)]
  0x000001eab045cd40 JavaThread "Unconstrained build operations Thread 3" [_thread_blocked, id=19044, stack(0x000000a1b5700000,0x000000a1b5800000)]
  0x000001eaaf16b550 JavaThread "Unconstrained build operations Thread 4" [_thread_blocked, id=10020, stack(0x000000a1b5800000,0x000000a1b5900000)]
  0x000001eaaf16b080 JavaThread "Unconstrained build operations Thread 5" [_thread_blocked, id=3900, stack(0x000000a1b5900000,0x000000a1b5a00000)]
  0x000001eaaf169870 JavaThread "Unconstrained build operations Thread 6" [_thread_blocked, id=8324, stack(0x000000a1b5a00000,0x000000a1b5b00000)]
  0x000001eaaf16a210 JavaThread "Unconstrained build operations Thread 7" [_thread_blocked, id=17632, stack(0x000000a1b5b00000,0x000000a1b5c00000)]
  0x000001eaaf16ba20 JavaThread "Unconstrained build operations Thread 8" [_thread_blocked, id=16924, stack(0x000000a1b5c00000,0x000000a1b5d00000)]
  0x000001eaaf1693a0 JavaThread "Unconstrained build operations Thread 9" [_thread_blocked, id=18428, stack(0x000000a1b5d00000,0x000000a1b5e00000)]
  0x000001eaaf16f8b0 JavaThread "Unconstrained build operations Thread 10" [_thread_blocked, id=9328, stack(0x000000a1b5e00000,0x000000a1b5f00000)]
  0x000001eaaf168530 JavaThread "Unconstrained build operations Thread 11" [_thread_blocked, id=18960, stack(0x000000a1b5f00000,0x000000a1b6000000)]
  0x000001eaaf16bef0 JavaThread "Unconstrained build operations Thread 12" [_thread_blocked, id=9012, stack(0x000000a1b6000000,0x000000a1b6100000)]
  0x000001eaaf16d700 JavaThread "Unconstrained build operations Thread 13" [_thread_blocked, id=17640, stack(0x000000a1b6100000,0x000000a1b6200000)]
  0x000001eaaf168060 JavaThread "Unconstrained build operations Thread 14" [_thread_blocked, id=11068, stack(0x000000a1b6200000,0x000000a1b6300000)]
  0x000001eaaf16c3c0 JavaThread "Unconstrained build operations Thread 15" [_thread_blocked, id=14564, stack(0x000000a1b6300000,0x000000a1b6400000)]
  0x000001eaaf169d40 JavaThread "Unconstrained build operations Thread 16" [_thread_blocked, id=2524, stack(0x000000a1b6400000,0x000000a1b6500000)]
  0x000001eaaf16a6e0 JavaThread "Unconstrained build operations Thread 17" [_thread_blocked, id=10520, stack(0x000000a1b6500000,0x000000a1b6600000)]
  0x000001eaaf16f3e0 JavaThread "Unconstrained build operations Thread 18" [_thread_blocked, id=7444, stack(0x000000a1b6600000,0x000000a1b6700000)]
  0x000001eaaf168a00 JavaThread "Unconstrained build operations Thread 19" [_thread_blocked, id=17792, stack(0x000000a1b6700000,0x000000a1b6800000)]
  0x000001eaaf16dbd0 JavaThread "Unconstrained build operations Thread 20" [_thread_blocked, id=18372, stack(0x000000a1b6800000,0x000000a1b6900000)]
  0x000001eaaf16e0a0 JavaThread "Unconstrained build operations Thread 21" [_thread_blocked, id=8304, stack(0x000000a1b6900000,0x000000a1b6a00000)]
  0x000001eaaf168ed0 JavaThread "Unconstrained build operations Thread 22" [_thread_blocked, id=19272, stack(0x000000a1b6a00000,0x000000a1b6b00000)]
  0x000001eaaf16c890 JavaThread "Unconstrained build operations Thread 23" [_thread_blocked, id=18816, stack(0x000000a1b6b00000,0x000000a1b6c00000)]
  0x000001eaaf16abb0 JavaThread "Unconstrained build operations Thread 24" [_thread_blocked, id=17416, stack(0x000000a1b6c00000,0x000000a1b6d00000)]
  0x000001eaaf16cd60 JavaThread "Unconstrained build operations Thread 25" [_thread_blocked, id=18636, stack(0x000000a1b6d00000,0x000000a1b6e00000)]
  0x000001eaaf16d230 JavaThread "Unconstrained build operations Thread 26" [_thread_blocked, id=8900, stack(0x000000a1b6e00000,0x000000a1b6f00000)]
  0x000001eaaf16e570 JavaThread "Unconstrained build operations Thread 27" [_thread_blocked, id=18992, stack(0x000000a1b6f00000,0x000000a1b7000000)]
  0x000001eaaf16ef10 JavaThread "Unconstrained build operations Thread 28" [_thread_blocked, id=3688, stack(0x000000a1b7000000,0x000000a1b7100000)]
  0x000001eaaf16ea40 JavaThread "Unconstrained build operations Thread 29" [_thread_blocked, id=14368, stack(0x000000a1b7100000,0x000000a1b7200000)]
  0x000001eab07c5ef0 JavaThread "Unconstrained build operations Thread 30" [_thread_blocked, id=17732, stack(0x000000a1b7200000,0x000000a1b7300000)]
  0x000001eab07c63c0 JavaThread "Unconstrained build operations Thread 31" [_thread_blocked, id=11912, stack(0x000000a1b7300000,0x000000a1b7400000)]
  0x000001eab07c5a20 JavaThread "Unconstrained build operations Thread 32" [_thread_blocked, id=11856, stack(0x000000a1b7400000,0x000000a1b7500000)]
  0x000001eab07c98b0 JavaThread "Unconstrained build operations Thread 33" [_thread_blocked, id=18076, stack(0x000000a1b7500000,0x000000a1b7600000)]
  0x000001eab07c7230 JavaThread "Unconstrained build operations Thread 34" [_thread_blocked, id=17700, stack(0x000000a1b7600000,0x000000a1b7700000)]
  0x000001eab07c9d80 JavaThread "Unconstrained build operations Thread 35" [_thread_blocked, id=18732, stack(0x000000a1b7700000,0x000000a1b7800000)]
  0x000001eab07c6890 JavaThread "Unconstrained build operations Thread 36" [_thread_blocked, id=11624, stack(0x000000a1b7800000,0x000000a1b7900000)]
  0x000001eab07ca720 JavaThread "Unconstrained build operations Thread 37" [_thread_blocked, id=13860, stack(0x000000a1b7900000,0x000000a1b7a00000)]
  0x000001eab07c7bd0 JavaThread "Unconstrained build operations Thread 38" [_thread_blocked, id=8128, stack(0x000000a1b7a00000,0x000000a1b7b00000)]
  0x000001eab07cba60 JavaThread "Unconstrained build operations Thread 39" [_thread_blocked, id=3040, stack(0x000000a1b7b00000,0x000000a1b7c00000)]
  0x000001eab07cb590 JavaThread "Unconstrained build operations Thread 40" [_thread_blocked, id=9852, stack(0x000000a1b7c00000,0x000000a1b7d00000)]
  0x000001eab07c7700 JavaThread "build event listener" [_thread_blocked, id=11072, stack(0x000000a1b7d00000,0x000000a1b7e00000)]
  0x000001eab07cabf0 JavaThread "Memory manager" [_thread_blocked, id=11620, stack(0x000000a1b7e00000,0x000000a1b7f00000)]
  0x000001eab2310e80 JavaThread "C2 CompilerThread1" daemon [_thread_in_native, id=12864, stack(0x000000a1b3500000,0x000000a1b3600000)]
  0x000001eab7b604b0 JavaThread "pool-3-thread-1" [_thread_blocked, id=15032, stack(0x000000a1b7f00000,0x000000a1b8000000)]
  0x000001eab7b59ad0 JavaThread "build event listener" [_thread_blocked, id=19288, stack(0x000000a1b8000000,0x000000a1b8100000)]
  0x000001eab7b5cfc0 JavaThread "included builds" [_thread_blocked, id=17616, stack(0x000000a1b8100000,0x000000a1b8200000)]
  0x000001eab7b60980 JavaThread "Execution worker" [_thread_blocked, id=3204, stack(0x000000a1b8200000,0x000000a1b8300000)]
  0x000001eab7b59fa0 JavaThread "Execution worker Thread 2" [_thread_blocked, id=16004, stack(0x000000a1b8300000,0x000000a1b8400000)]
  0x000001eab7b5a470 JavaThread "Execution worker Thread 3" [_thread_blocked, id=2688, stack(0x000000a1b8400000,0x000000a1b8500000)]
  0x000001eab7b5e7d0 JavaThread "Cache worker for execution history cache (D:\numbersGame\.gradle\8.0\executionHistory)" [_thread_blocked, id=17508, stack(0x000000a1b8500000,0x000000a1b8600000)]
  0x000001eab7b5f170 JavaThread "WorkerExecutor Queue" [_thread_blocked, id=18532, stack(0x000000a1b8600000,0x000000a1b8700000)]
  0x000001eab7b5ffe0 JavaThread "WorkerExecutor Queue Thread 2" [_thread_blocked, id=8444, stack(0x000000a1b8800000,0x000000a1b8900000)]
  0x000001eab7b5b2e0 JavaThread "WorkerExecutor Queue Thread 3" [_thread_blocked, id=18276, stack(0x000000a1b8900000,0x000000a1b8a00000)]
  0x000001eab7b5b7b0 JavaThread "WorkerExecutor Queue Thread 4" [_thread_blocked, id=4020, stack(0x000000a1b8a00000,0x000000a1b8b00000)]
  0x000001eab07c8570 JavaThread "ForkJoinPool-1-worker-1" daemon [_thread_blocked, id=17236, stack(0x000000a1b8b00000,0x000000a1b8c00000)]
  0x000001eab07c93e0 JavaThread "ForkJoinPool-1-worker-2" daemon [_thread_blocked, id=15384, stack(0x000000a1b8c00000,0x000000a1b8d00000)]
  0x000001eab07cb0c0 JavaThread "ForkJoinPool-1-worker-3" daemon [_thread_blocked, id=14416, stack(0x000000a1b8d00000,0x000000a1b8e00000)]
  0x000001eab07cc400 JavaThread "ForkJoinPool-1-worker-4" daemon [_thread_blocked, id=13380, stack(0x000000a1b8e00000,0x000000a1b8f00000)]

Other Threads:
=>0x000001eaab8eb640 VMThread "VM Thread" [stack: 0x000000a1b2800000,0x000000a1b2900000] [id=17468]
  0x000001ea923a74e0 WatcherThread [stack: 0x000000a1b3400000,0x000000a1b3500000] [id=17896]
  0x000001ea923855e0 GCTaskThread "GC Thread#0" [stack: 0x000000a1b2300000,0x000000a1b2400000] [id=12848]
  0x000001eaac991290 GCTaskThread "GC Thread#1" [stack: 0x000000a1b3600000,0x000000a1b3700000] [id=10516]
  0x000001eaacbbf8f0 GCTaskThread "GC Thread#2" [stack: 0x000000a1b3700000,0x000000a1b3800000] [id=7860]
  0x000001eaacbbfba0 GCTaskThread "GC Thread#3" [stack: 0x000000a1b3800000,0x000000a1b3900000] [id=12480]
  0x000001ea92396b30 ConcurrentGCThread "G1 Main Marker" [stack: 0x000000a1b2400000,0x000000a1b2500000] [id=18584]
  0x000001ea92397ce0 ConcurrentGCThread "G1 Conc#0" [stack: 0x000000a1b2500000,0x000000a1b2600000] [id=3868]
  0x000001ea923fddf0 ConcurrentGCThread "G1 Refine#0" [stack: 0x000000a1b2600000,0x000000a1b2700000] [id=9480]
  0x000001eab03a1480 ConcurrentGCThread "G1 Refine#1" [stack: 0x000000a1b5000000,0x000000a1b5100000] [id=13076]
  0x000001eaaf323ea0 ConcurrentGCThread "G1 Refine#2" [stack: 0x000000a1b8f00000,0x000000a1b9000000] [id=18664]
  0x000001ea923fe810 ConcurrentGCThread "G1 Service" [stack: 0x000000a1b2700000,0x000000a1b2800000] [id=14184]

Threads with active compile tasks:
C2 CompilerThread0    21008 13230 %     4       com.android.tools.r8.dex.B::a @ 316 (1030 bytes)
C2 CompilerThread1    21008 13232       4       com.android.tools.r8.dex.B::a (829 bytes)

VM state: at safepoint (normal execution)

VM Mutex/Monitor currently owned by a thread:  ([mutex/lock_event])
[0x000001ea92323a70] Threads_lock - owner thread: 0x000001eaab8eb640
[0x000001ea923252a0] Heap_lock - owner thread: 0x000001eab07c8570

Heap address: 0x0000000080000000, size: 2048 MB, Compressed Oops mode: 32-bit

CDS archive(s) not mapped
Compressed class space mapped at: 0x0000000100000000-0x0000000140000000, reserved size: 1073741824
Narrow klass base: 0x0000000000000000, Narrow klass shift: 3, Narrow klass range: 0x140000000

GC Precious Log:
 CPUs: 4 total, 4 available
 Memory: 16223M
 Large Page Support: Disabled
 NUMA Support: Disabled
 Compressed Oops: Enabled (32-bit)
 Heap Region Size: 1M
 Heap Min Capacity: 8M
 Heap Initial Capacity: 254M
 Heap Max Capacity: 2G
 Pre-touch: Disabled
 Parallel Workers: 4
 Concurrent Workers: 1
 Concurrent Refinement Workers: 4
 Periodic GC: Disabled

Heap:
 garbage-first heap   total 269312K, used 189639K [0x0000000080000000, 0x0000000100000000)
  region size 1024K, 4 young (4096K), 4 survivors (4096K)
 Metaspace       used 107701K, committed 108416K, reserved 1146880K
  class space    used 14689K, committed 15040K, reserved 1048576K

Heap Regions: E=young(eden), S=young(survivor), O=old, HS=humongous(starts), HC=humongous(continues), CS=collection set, F=free, OA=open archive, CA=closed archive, TAMS=top-at-mark-start (previous, next)
|   0|0x0000000080000000, 0x0000000080100000, 0x0000000080100000|100%| O|  |TAMS 0x0000000080100000, 0x0000000080100000| Untracked 
|   1|0x0000000080100000, 0x0000000080200000, 0x0000000080200000|100%| O|  |TAMS 0x0000000080200000, 0x0000000080200000| Untracked 
|   2|0x0000000080200000, 0x0000000080300000, 0x0000000080300000|100%|HS|  |TAMS 0x0000000080300000, 0x0000000080300000| Complete 
|   3|0x0000000080300000, 0x0000000080400000, 0x0000000080400000|100%|HC|  |TAMS 0x0000000080400000, 0x0000000080400000| Complete 
|   4|0x0000000080400000, 0x0000000080500000, 0x0000000080500000|100%|HC|  |TAMS 0x0000000080500000, 0x0000000080500000| Complete 
|   5|0x0000000080500000, 0x0000000080600000, 0x0000000080600000|100%|HC|  |TAMS 0x0000000080600000, 0x0000000080600000| Complete 
|   6|0x0000000080600000, 0x0000000080700000, 0x0000000080700000|100%| O|  |TAMS 0x0000000080700000, 0x0000000080700000| Untracked 
|   7|0x0000000080700000, 0x0000000080800000, 0x0000000080800000|100%| O|  |TAMS 0x0000000080800000, 0x0000000080800000| Untracked 
|   8|0x0000000080800000, 0x0000000080900000, 0x0000000080900000|100%| O|  |TAMS 0x0000000080900000, 0x0000000080900000| Untracked 
|   9|0x0000000080900000, 0x0000000080a00000, 0x0000000080a00000|100%| O|  |TAMS 0x0000000080a00000, 0x0000000080a00000| Untracked 
|  10|0x0000000080a00000, 0x0000000080b00000, 0x0000000080b00000|100%| O|  |TAMS 0x0000000080b00000, 0x0000000080b00000| Untracked 
|  11|0x0000000080b00000, 0x0000000080c00000, 0x0000000080c00000|100%| O|  |TAMS 0x0000000080c00000, 0x0000000080c00000| Untracked 
|  12|0x0000000080c00000, 0x0000000080d00000, 0x0000000080d00000|100%| O|  |TAMS 0x0000000080d00000, 0x0000000080d00000| Untracked 
|  13|0x0000000080d00000, 0x0000000080e00000, 0x0000000080e00000|100%| O|  |TAMS 0x0000000080e00000, 0x0000000080e00000| Untracked 
|  14|0x0000000080e00000, 0x0000000080f00000, 0x0000000080f00000|100%| O|  |TAMS 0x0000000080f00000, 0x0000000080f00000| Untracked 
|  15|0x0000000080f00000, 0x0000000081000000, 0x0000000081000000|100%| O|  |TAMS 0x0000000081000000, 0x0000000081000000| Untracked 
|  16|0x0000000081000000, 0x0000000081100000, 0x0000000081100000|100%| O|  |TAMS 0x0000000081100000, 0x0000000081100000| Untracked 
|  17|0x0000000081100000, 0x0000000081200000, 0x0000000081200000|100%| O|  |TAMS 0x0000000081200000, 0x0000000081200000| Untracked 
|  18|0x0000000081200000, 0x0000000081300000, 0x0000000081300000|100%| O|  |TAMS 0x0000000081300000, 0x0000000081300000| Untracked 
|  19|0x0000000081300000, 0x0000000081400000, 0x0000000081400000|100%| O|  |TAMS 0x0000000081400000, 0x0000000081400000| Untracked 
|  20|0x0000000081400000, 0x0000000081500000, 0x0000000081500000|100%| O|  |TAMS 0x0000000081500000, 0x0000000081500000| Untracked 
|  21|0x0000000081500000, 0x0000000081600000, 0x0000000081600000|100%| O|  |TAMS 0x0000000081600000, 0x0000000081600000| Untracked 
|  22|0x0000000081600000, 0x0000000081700000, 0x0000000081700000|100%| O|  |TAMS 0x0000000081600000, 0x0000000081700000| Untracked 
|  23|0x0000000081700000, 0x0000000081800000, 0x0000000081800000|100%|HS|  |TAMS 0x0000000081800000, 0x0000000081800000| Complete 
|  24|0x0000000081800000, 0x0000000081900000, 0x0000000081900000|100%| O|  |TAMS 0x0000000081900000, 0x0000000081900000| Untracked 
|  25|0x0000000081900000, 0x0000000081a00000, 0x0000000081a00000|100%| O|  |TAMS 0x0000000081a00000, 0x0000000081a00000| Untracked 
|  26|0x0000000081a00000, 0x0000000081b00000, 0x0000000081b00000|100%| O|  |TAMS 0x0000000081b00000, 0x0000000081b00000| Untracked 
|  27|0x0000000081b00000, 0x0000000081c00000, 0x0000000081c00000|100%| O|  |TAMS 0x0000000081c00000, 0x0000000081c00000| Untracked 
|  28|0x0000000081c00000, 0x0000000081d00000, 0x0000000081d00000|100%| O|  |TAMS 0x0000000081d00000, 0x0000000081d00000| Untracked 
|  29|0x0000000081d00000, 0x0000000081e00000, 0x0000000081e00000|100%| O|  |TAMS 0x0000000081e00000, 0x0000000081e00000| Untracked 
|  30|0x0000000081e00000, 0x0000000081f00000, 0x0000000081f00000|100%| O|  |TAMS 0x0000000081f00000, 0x0000000081f00000| Untracked 
|  31|0x0000000081f00000, 0x0000000082000000, 0x0000000082000000|100%| O|  |TAMS 0x0000000082000000, 0x0000000082000000| Untracked 
|  32|0x0000000082000000, 0x0000000082100000, 0x0000000082100000|100%| O|  |TAMS 0x0000000082000000, 0x0000000082100000| Untracked 
|  33|0x0000000082100000, 0x0000000082200000, 0x0000000082200000|100%|HS|  |TAMS 0x0000000082200000, 0x0000000082200000| Complete 
|  34|0x0000000082200000, 0x0000000082300000, 0x0000000082300000|100%|HC|  |TAMS 0x0000000082300000, 0x0000000082300000| Complete 
|  35|0x0000000082300000, 0x0000000082400000, 0x0000000082400000|100%|HS|  |TAMS 0x0000000082400000, 0x0000000082400000| Complete 
|  36|0x0000000082400000, 0x0000000082500000, 0x0000000082500000|100%| O|  |TAMS 0x0000000082500000, 0x0000000082500000| Untracked 
|  37|0x0000000082500000, 0x0000000082600000, 0x0000000082600000|100%| O|  |TAMS 0x0000000082600000, 0x0000000082600000| Untracked 
|  38|0x0000000082600000, 0x0000000082700000, 0x0000000082700000|100%| O|  |TAMS 0x0000000082700000, 0x0000000082700000| Untracked 
|  39|0x0000000082700000, 0x0000000082800000, 0x0000000082800000|100%| O|  |TAMS 0x0000000082800000, 0x0000000082800000| Untracked 
|  40|0x0000000082800000, 0x0000000082900000, 0x0000000082900000|100%|HS|  |TAMS 0x0000000082900000, 0x0000000082900000| Complete 
|  41|0x0000000082900000, 0x0000000082a00000, 0x0000000082a00000|100%|HC|  |TAMS 0x0000000082a00000, 0x0000000082a00000| Complete 
|  42|0x0000000082a00000, 0x0000000082b00000, 0x0000000082b00000|100%|HC|  |TAMS 0x0000000082b00000, 0x0000000082b00000| Complete 
|  43|0x0000000082b00000, 0x0000000082c00000, 0x0000000082c00000|100%|HC|  |TAMS 0x0000000082c00000, 0x0000000082c00000| Complete 
|  44|0x0000000082c00000, 0x0000000082d00000, 0x0000000082d00000|100%| O|  |TAMS 0x0000000082d00000, 0x0000000082d00000| Untracked 
|  45|0x0000000082d00000, 0x0000000082e00000, 0x0000000082e00000|100%| O|  |TAMS 0x0000000082e00000, 0x0000000082e00000| Untracked 
|  46|0x0000000082e00000, 0x0000000082f00000, 0x0000000082f00000|100%| O|  |TAMS 0x0000000082f00000, 0x0000000082f00000| Untracked 
|  47|0x0000000082f00000, 0x0000000083000000, 0x0000000083000000|100%| O|  |TAMS 0x0000000083000000, 0x0000000083000000| Untracked 
|  48|0x0000000083000000, 0x0000000083100000, 0x0000000083100000|100%| O|  |TAMS 0x0000000083100000, 0x0000000083100000| Untracked 
|  49|0x0000000083100000, 0x0000000083200000, 0x0000000083200000|100%| O|  |TAMS 0x0000000083200000, 0x0000000083200000| Untracked 
|  50|0x0000000083200000, 0x0000000083300000, 0x0000000083300000|100%| O|  |TAMS 0x0000000083300000, 0x0000000083300000| Untracked 
|  51|0x0000000083300000, 0x0000000083400000, 0x0000000083400000|100%| O|  |TAMS 0x0000000083400000, 0x0000000083400000| Untracked 
|  52|0x0000000083400000, 0x0000000083500000, 0x0000000083500000|100%| O|  |TAMS 0x0000000083500000, 0x0000000083500000| Untracked 
|  53|0x0000000083500000, 0x0000000083600000, 0x0000000083600000|100%| O|  |TAMS 0x0000000083600000, 0x0000000083600000| Untracked 
|  54|0x0000000083600000, 0x0000000083700000, 0x0000000083700000|100%| O|  |TAMS 0x0000000083700000, 0x0000000083700000| Untracked 
|  55|0x0000000083700000, 0x0000000083800000, 0x0000000083800000|100%| O|  |TAMS 0x0000000083800000, 0x0000000083800000| Untracked 
|  56|0x0000000083800000, 0x0000000083900000, 0x0000000083900000|100%| O|  |TAMS 0x0000000083900000, 0x0000000083900000| Untracked 
|  57|0x0000000083900000, 0x0000000083a00000, 0x0000000083a00000|100%| O|  |TAMS 0x0000000083a00000, 0x0000000083a00000| Untracked 
|  58|0x0000000083a00000, 0x0000000083b00000, 0x0000000083b00000|100%| O|  |TAMS 0x0000000083b00000, 0x0000000083b00000| Untracked 
|  59|0x0000000083b00000, 0x0000000083c00000, 0x0000000083c00000|100%| O|  |TAMS 0x0000000083c00000, 0x0000000083c00000| Untracked 
|  60|0x0000000083c00000, 0x0000000083d00000, 0x0000000083d00000|100%| O|  |TAMS 0x0000000083d00000, 0x0000000083d00000| Untracked 
|  61|0x0000000083d00000, 0x0000000083db1c00, 0x0000000083e00000| 69%| O|  |TAMS 0x0000000083db1c00, 0x0000000083db1c00| Untracked 
|  62|0x0000000083e00000, 0x0000000083f00000, 0x0000000083f00000|100%| O|  |TAMS 0x0000000083e00000, 0x0000000083f00000| Untracked 
|  63|0x0000000083f00000, 0x0000000084000000, 0x0000000084000000|100%| O|  |TAMS 0x0000000083f00000, 0x0000000084000000| Untracked 
|  64|0x0000000084000000, 0x0000000084100000, 0x0000000084100000|100%| O|  |TAMS 0x0000000084000000, 0x0000000084100000| Untracked 
|  65|0x0000000084100000, 0x0000000084200000, 0x0000000084200000|100%| O|  |TAMS 0x0000000084100000, 0x0000000084200000| Untracked 
|  66|0x0000000084200000, 0x0000000084300000, 0x0000000084300000|100%| O|  |TAMS 0x0000000084200000, 0x0000000084300000| Untracked 
|  67|0x0000000084300000, 0x0000000084400000, 0x0000000084400000|100%| O|  |TAMS 0x0000000084300000, 0x0000000084400000| Untracked 
|  68|0x0000000084400000, 0x0000000084500000, 0x0000000084500000|100%| O|  |TAMS 0x0000000084400000, 0x0000000084500000| Untracked 
|  69|0x0000000084500000, 0x0000000084600000, 0x0000000084600000|100%| O|  |TAMS 0x0000000084500000, 0x0000000084600000| Untracked 
|  70|0x0000000084600000, 0x0000000084700000, 0x0000000084700000|100%| O|  |TAMS 0x0000000084600000, 0x0000000084700000| Untracked 
|  71|0x0000000084700000, 0x0000000084800000, 0x0000000084800000|100%| O|  |TAMS 0x0000000084700000, 0x0000000084800000| Untracked 
|  72|0x0000000084800000, 0x0000000084900000, 0x0000000084900000|100%| O|  |TAMS 0x0000000084800000, 0x0000000084900000| Untracked 
|  73|0x0000000084900000, 0x0000000084a00000, 0x0000000084a00000|100%| O|  |TAMS 0x0000000084900000, 0x0000000084a00000| Untracked 
|  74|0x0000000084a00000, 0x0000000084b00000, 0x0000000084b00000|100%| O|  |TAMS 0x0000000084a00000, 0x0000000084b00000| Untracked 
|  75|0x0000000084b00000, 0x0000000084c00000, 0x0000000084c00000|100%| O|  |TAMS 0x0000000084b00000, 0x0000000084c00000| Untracked 
|  76|0x0000000084c00000, 0x0000000084d00000, 0x0000000084d00000|100%| O|  |TAMS 0x0000000084c00000, 0x0000000084d00000| Untracked 
|  77|0x0000000084d00000, 0x0000000084e00000, 0x0000000084e00000|100%| O|  |TAMS 0x0000000084d00000, 0x0000000084e00000| Untracked 
|  78|0x0000000084e00000, 0x0000000084f00000, 0x0000000084f00000|100%| O|  |TAMS 0x0000000084e00000, 0x0000000084f00000| Untracked 
|  79|0x0000000084f00000, 0x0000000085000000, 0x0000000085000000|100%| O|  |TAMS 0x0000000084f00000, 0x0000000085000000| Untracked 
|  80|0x0000000085000000, 0x0000000085100000, 0x0000000085100000|100%| O|  |TAMS 0x0000000085000000, 0x0000000085100000| Untracked 
|  81|0x0000000085100000, 0x0000000085200000, 0x0000000085200000|100%| O|  |TAMS 0x0000000085100000, 0x0000000085200000| Untracked 
|  82|0x0000000085200000, 0x0000000085300000, 0x0000000085300000|100%| O|  |TAMS 0x0000000085200000, 0x0000000085300000| Untracked 
|  83|0x0000000085300000, 0x0000000085400000, 0x0000000085400000|100%| O|  |TAMS 0x0000000085300000, 0x0000000085400000| Untracked 
|  84|0x0000000085400000, 0x0000000085500000, 0x0000000085500000|100%| O|  |TAMS 0x0000000085400000, 0x0000000085500000| Untracked 
|  85|0x0000000085500000, 0x0000000085600000, 0x0000000085600000|100%| O|  |TAMS 0x0000000085500000, 0x0000000085600000| Untracked 
|  86|0x0000000085600000, 0x0000000085700000, 0x0000000085700000|100%| O|  |TAMS 0x0000000085600000, 0x0000000085700000| Untracked 
|  87|0x0000000085700000, 0x0000000085800000, 0x0000000085800000|100%| O|  |TAMS 0x0000000085700000, 0x0000000085800000| Untracked 
|  88|0x0000000085800000, 0x0000000085900000, 0x0000000085900000|100%| O|  |TAMS 0x0000000085800000, 0x0000000085900000| Untracked 
|  89|0x0000000085900000, 0x0000000085a00000, 0x0000000085a00000|100%| O|  |TAMS 0x0000000085900000, 0x0000000085a00000| Untracked 
|  90|0x0000000085a00000, 0x0000000085b00000, 0x0000000085b00000|100%| O|  |TAMS 0x0000000085a00000, 0x0000000085b00000| Untracked 
|  91|0x0000000085b00000, 0x0000000085c00000, 0x0000000085c00000|100%| O|  |TAMS 0x0000000085b00000, 0x0000000085c00000| Untracked 
|  92|0x0000000085c00000, 0x0000000085d00000, 0x0000000085d00000|100%| O|  |TAMS 0x0000000085c00000, 0x0000000085d00000| Untracked 
|  93|0x0000000085d00000, 0x0000000085e00000, 0x0000000085e00000|100%| O|  |TAMS 0x0000000085d00000, 0x0000000085e00000| Untracked 
|  94|0x0000000085e00000, 0x0000000085f00000, 0x0000000085f00000|100%| O|  |TAMS 0x0000000085e00000, 0x0000000085f00000| Untracked 
|  95|0x0000000085f00000, 0x0000000086000000, 0x0000000086000000|100%| O|  |TAMS 0x0000000085f00000, 0x0000000086000000| Untracked 
|  96|0x0000000086000000, 0x0000000086100000, 0x0000000086100000|100%|HS|  |TAMS 0x0000000086000000, 0x0000000086100000| Complete 
|  97|0x0000000086100000, 0x0000000086200000, 0x0000000086200000|100%|HC|  |TAMS 0x0000000086100000, 0x0000000086200000| Complete 
|  98|0x0000000086200000, 0x0000000086300000, 0x0000000086300000|100%|HS|  |TAMS 0x0000000086200000, 0x0000000086300000| Complete 
|  99|0x0000000086300000, 0x0000000086400000, 0x0000000086400000|100%|HS|  |TAMS 0x0000000086300000, 0x0000000086400000| Complete 
| 100|0x0000000086400000, 0x0000000086500000, 0x0000000086500000|100%|HS|  |TAMS 0x0000000086400000, 0x0000000086500000| Complete 
| 101|0x0000000086500000, 0x0000000086600000, 0x0000000086600000|100%|HC|  |TAMS 0x0000000086500000, 0x0000000086600000| Complete 
| 102|0x0000000086600000, 0x0000000086700000, 0x0000000086700000|100%|HS|  |TAMS 0x0000000086600000, 0x0000000086700000| Complete 
| 103|0x0000000086700000, 0x0000000086800000, 0x0000000086800000|100%|HC|  |TAMS 0x0000000086700000, 0x0000000086800000| Complete 
| 104|0x0000000086800000, 0x0000000086900000, 0x0000000086900000|100%|HS|  |TAMS 0x0000000086800000, 0x0000000086900000| Complete 
| 105|0x0000000086900000, 0x0000000086a00000, 0x0000000086a00000|100%|HC|  |TAMS 0x0000000086900000, 0x0000000086a00000| Complete 
| 106|0x0000000086a00000, 0x0000000086b00000, 0x0000000086b00000|100%|HC|  |TAMS 0x0000000086a00000, 0x0000000086b00000| Complete 
| 107|0x0000000086b00000, 0x0000000086c00000, 0x0000000086c00000|100%|HS|  |TAMS 0x0000000086b00000, 0x0000000086c00000| Complete 
| 108|0x0000000086c00000, 0x0000000086d00000, 0x0000000086d00000|100%|HC|  |TAMS 0x0000000086c00000, 0x0000000086d00000| Complete 
| 109|0x0000000086d00000, 0x0000000086e00000, 0x0000000086e00000|100%| O|  |TAMS 0x0000000086d00000, 0x0000000086d00000| Untracked 
| 110|0x0000000086e00000, 0x0000000086f00000, 0x0000000086f00000|100%|HS|  |TAMS 0x0000000086e00000, 0x0000000086f00000| Complete 
| 111|0x0000000086f00000, 0x0000000087000000, 0x0000000087000000|100%|HC|  |TAMS 0x0000000086f00000, 0x0000000087000000| Complete 
| 112|0x0000000087000000, 0x0000000087100000, 0x0000000087100000|100%|HS|  |TAMS 0x0000000087000000, 0x0000000087100000| Complete 
| 113|0x0000000087100000, 0x0000000087200000, 0x0000000087200000|100%|HS|  |TAMS 0x0000000087100000, 0x0000000087200000| Complete 
| 114|0x0000000087200000, 0x0000000087300000, 0x0000000087300000|100%|HS|  |TAMS 0x0000000087200000, 0x0000000087300000| Complete 
| 115|0x0000000087300000, 0x0000000087400000, 0x0000000087400000|100%|HS|  |TAMS 0x0000000087300000, 0x0000000087400000| Complete 
| 116|0x0000000087400000, 0x0000000087500000, 0x0000000087500000|100%| O|  |TAMS 0x0000000087400000, 0x0000000087400000| Untracked 
| 117|0x0000000087500000, 0x0000000087600000, 0x0000000087600000|100%| O|  |TAMS 0x0000000087500000, 0x0000000087500000| Untracked 
| 118|0x0000000087600000, 0x0000000087700000, 0x0000000087700000|100%| O|  |TAMS 0x0000000087600000, 0x0000000087700000| Untracked 
| 119|0x0000000087700000, 0x0000000087800000, 0x0000000087800000|100%|HS|  |TAMS 0x0000000087700000, 0x0000000087800000| Complete 
| 120|0x0000000087800000, 0x0000000087900000, 0x0000000087900000|100%|HC|  |TAMS 0x0000000087800000, 0x0000000087900000| Complete 
| 121|0x0000000087900000, 0x0000000087a00000, 0x0000000087a00000|100%| O|  |TAMS 0x0000000087900000, 0x0000000087900000| Untracked 
| 122|0x0000000087a00000, 0x0000000087b00000, 0x0000000087b00000|100%| O|  |TAMS 0x0000000087a00000, 0x0000000087a00000| Untracked 
| 123|0x0000000087b00000, 0x0000000087c00000, 0x0000000087c00000|100%| O|  |TAMS 0x0000000087b00000, 0x0000000087b00000| Untracked 
| 124|0x0000000087c00000, 0x0000000087d00000, 0x0000000087d00000|100%| O|  |TAMS 0x0000000087c00000, 0x0000000087d00000| Untracked 
| 125|0x0000000087d00000, 0x0000000087e00000, 0x0000000087e00000|100%| O|  |TAMS 0x0000000087d00000, 0x0000000087e00000| Untracked 
| 126|0x0000000087e00000, 0x0000000087f00000, 0x0000000087f00000|100%| O|  |TAMS 0x0000000087e00000, 0x0000000087f00000| Untracked 
| 127|0x0000000087f00000, 0x0000000088000000, 0x0000000088000000|100%| O|  |TAMS 0x0000000087f00000, 0x0000000088000000| Untracked 
| 128|0x0000000088000000, 0x0000000088100000, 0x0000000088100000|100%| O|  |TAMS 0x0000000088000000, 0x0000000088100000| Untracked 
| 129|0x0000000088100000, 0x0000000088200000, 0x0000000088200000|100%| O|  |TAMS 0x0000000088100000, 0x0000000088200000| Untracked 
| 130|0x0000000088200000, 0x0000000088300000, 0x0000000088300000|100%| O|  |TAMS 0x0000000088200000, 0x0000000088300000| Untracked 
| 131|0x0000000088300000, 0x0000000088400000, 0x0000000088400000|100%| O|  |TAMS 0x0000000088300000, 0x0000000088300000| Untracked 
| 132|0x0000000088400000, 0x0000000088500000, 0x0000000088500000|100%| O|  |TAMS 0x0000000088400000, 0x0000000088400000| Untracked 
| 133|0x0000000088500000, 0x0000000088600000, 0x0000000088600000|100%| O|  |TAMS 0x0000000088500000, 0x0000000088500000| Untracked 
| 134|0x0000000088600000, 0x0000000088700000, 0x0000000088700000|100%|HS|  |TAMS 0x0000000088600000, 0x0000000088700000| Complete 
| 135|0x0000000088700000, 0x0000000088800000, 0x0000000088800000|100%|HC|  |TAMS 0x0000000088700000, 0x0000000088800000| Complete 
| 136|0x0000000088800000, 0x0000000088900000, 0x0000000088900000|100%|HC|  |TAMS 0x0000000088800000, 0x0000000088900000| Complete 
| 137|0x0000000088900000, 0x0000000088a00000, 0x0000000088a00000|100%| O|  |TAMS 0x0000000088900000, 0x0000000088a00000| Untracked 
| 138|0x0000000088a00000, 0x0000000088b00000, 0x0000000088b00000|100%| O|  |TAMS 0x0000000088a00000, 0x0000000088b00000| Untracked 
| 139|0x0000000088b00000, 0x0000000088c00000, 0x0000000088c00000|100%| O|  |TAMS 0x0000000088b00000, 0x0000000088c00000| Untracked 
| 140|0x0000000088c00000, 0x0000000088d00000, 0x0000000088d00000|100%| O|  |TAMS 0x0000000088c00000, 0x0000000088d00000| Untracked 
| 141|0x0000000088d00000, 0x0000000088e00000, 0x0000000088e00000|100%| O|  |TAMS 0x0000000088d00000, 0x0000000088e00000| Untracked 
| 142|0x0000000088e00000, 0x0000000088f00000, 0x0000000088f00000|100%| O|  |TAMS 0x0000000088e00000, 0x0000000088f00000| Untracked 
| 143|0x0000000088f00000, 0x0000000089000000, 0x0000000089000000|100%| O|  |TAMS 0x0000000088f00000, 0x0000000089000000| Untracked 
| 144|0x0000000089000000, 0x0000000089100000, 0x0000000089100000|100%| O|  |TAMS 0x0000000089000000, 0x0000000089100000| Untracked 
| 145|0x0000000089100000, 0x0000000089200000, 0x0000000089200000|100%| O|  |TAMS 0x0000000089100000, 0x0000000089200000| Untracked 
| 146|0x0000000089200000, 0x0000000089300000, 0x0000000089300000|100%| O|  |TAMS 0x0000000089200000, 0x0000000089300000| Untracked 
| 147|0x0000000089300000, 0x0000000089400000, 0x0000000089400000|100%| O|  |TAMS 0x0000000089300000, 0x0000000089400000| Untracked 
| 148|0x0000000089400000, 0x0000000089500000, 0x0000000089500000|100%| O|  |TAMS 0x0000000089400000, 0x0000000089500000| Untracked 
| 149|0x0000000089500000, 0x0000000089600000, 0x0000000089600000|100%| O|  |TAMS 0x0000000089500000, 0x0000000089600000| Untracked 
| 150|0x0000000089600000, 0x0000000089700000, 0x0000000089700000|100%| O|  |TAMS 0x0000000089600000, 0x0000000089700000| Untracked 
| 151|0x0000000089700000, 0x0000000089800000, 0x0000000089800000|100%| O|  |TAMS 0x0000000089700000, 0x0000000089800000| Untracked 
| 152|0x0000000089800000, 0x0000000089900000, 0x0000000089900000|100%| O|  |TAMS 0x0000000089800000, 0x0000000089900000| Untracked 
| 153|0x0000000089900000, 0x0000000089a00000, 0x0000000089a00000|100%| O|  |TAMS 0x0000000089900000, 0x0000000089a00000| Untracked 
| 154|0x0000000089a00000, 0x0000000089b00000, 0x0000000089b00000|100%| O|  |TAMS 0x0000000089a00000, 0x0000000089b00000| Untracked 
| 155|0x0000000089b00000, 0x0000000089c00000, 0x0000000089c00000|100%| O|  |TAMS 0x0000000089b00000, 0x0000000089c00000| Untracked 
| 156|0x0000000089c00000, 0x0000000089d00000, 0x0000000089d00000|100%| O|  |TAMS 0x0000000089c00000, 0x0000000089c00000| Untracked 
| 157|0x0000000089d00000, 0x0000000089e00000, 0x0000000089e00000|100%| O|  |TAMS 0x0000000089d00000, 0x0000000089d00000| Untracked 
| 158|0x0000000089e00000, 0x0000000089f00000, 0x0000000089f00000|100%| O|  |TAMS 0x0000000089e00000, 0x0000000089e00000| Untracked 
| 159|0x0000000089f00000, 0x000000008a000000, 0x000000008a000000|100%| O|  |TAMS 0x0000000089f00000, 0x0000000089f00000| Untracked 
| 160|0x000000008a000000, 0x000000008a100000, 0x000000008a100000|100%| O|  |TAMS 0x000000008a000000, 0x000000008a000000| Untracked 
| 161|0x000000008a100000, 0x000000008a200000, 0x000000008a200000|100%| O|  |TAMS 0x000000008a100000, 0x000000008a100000| Untracked 
| 162|0x000000008a200000, 0x000000008a300000, 0x000000008a300000|100%| O|  |TAMS 0x000000008a200000, 0x000000008a200000| Untracked 
| 163|0x000000008a300000, 0x000000008a400000, 0x000000008a400000|100%| O|  |TAMS 0x000000008a300000, 0x000000008a300000| Untracked 
| 164|0x000000008a400000, 0x000000008a500000, 0x000000008a500000|100%| O|  |TAMS 0x000000008a400000, 0x000000008a400000| Untracked 
| 165|0x000000008a500000, 0x000000008a600000, 0x000000008a600000|100%| O|  |TAMS 0x000000008a500000, 0x000000008a500000| Untracked 
| 166|0x000000008a600000, 0x000000008a700000, 0x000000008a700000|100%| O|  |TAMS 0x000000008a600000, 0x000000008a600000| Untracked 
| 167|0x000000008a700000, 0x000000008a800000, 0x000000008a800000|100%| O|  |TAMS 0x000000008a700000, 0x000000008a700000| Untracked 
| 168|0x000000008a800000, 0x000000008a900000, 0x000000008a900000|100%| O|  |TAMS 0x000000008a800000, 0x000000008a800000| Untracked 
| 169|0x000000008a900000, 0x000000008aa00000, 0x000000008aa00000|100%| O|  |TAMS 0x000000008a900000, 0x000000008a900000| Untracked 
| 170|0x000000008aa00000, 0x000000008ab00000, 0x000000008ab00000|100%| O|  |TAMS 0x000000008aa00000, 0x000000008aa00000| Untracked 
| 171|0x000000008ab00000, 0x000000008ac00000, 0x000000008ac00000|100%| O|  |TAMS 0x000000008ab00000, 0x000000008ab00000| Untracked 
| 172|0x000000008ac00000, 0x000000008ad00000, 0x000000008ad00000|100%| O|  |TAMS 0x000000008ac00000, 0x000000008ac00000| Untracked 
| 173|0x000000008ad00000, 0x000000008ae00000, 0x000000008ae00000|100%| O|  |TAMS 0x000000008ad00000, 0x000000008ad00000| Untracked 
| 174|0x000000008ae00000, 0x000000008af00000, 0x000000008af00000|100%| O|  |TAMS 0x000000008ae00000, 0x000000008ae00000| Untracked 
| 175|0x000000008af00000, 0x000000008b000000, 0x000000008b000000|100%| O|  |TAMS 0x000000008af00000, 0x000000008af00000| Untracked 
| 176|0x000000008b000000, 0x000000008b100000, 0x000000008b100000|100%| O|  |TAMS 0x000000008b000000, 0x000000008b000000| Untracked 
| 177|0x000000008b100000, 0x000000008b200000, 0x000000008b200000|100%| O|  |TAMS 0x000000008b100000, 0x000000008b100000| Untracked 
| 178|0x000000008b200000, 0x000000008b300000, 0x000000008b300000|100%| O|  |TAMS 0x000000008b200000, 0x000000008b200000| Untracked 
| 179|0x000000008b300000, 0x000000008b400000, 0x000000008b400000|100%| O|  |TAMS 0x000000008b300000, 0x000000008b300000| Untracked 
| 180|0x000000008b400000, 0x000000008b500000, 0x000000008b500000|100%| O|  |TAMS 0x000000008b400000, 0x000000008b400000| Untracked 
| 181|0x000000008b500000, 0x000000008b580000, 0x000000008b600000| 50%| O|  |TAMS 0x000000008b500000, 0x000000008b500000| Untracked 
| 182|0x000000008b600000, 0x000000008b600000, 0x000000008b700000|  0%| F|  |TAMS 0x000000008b600000, 0x000000008b600000| Untracked 
| 183|0x000000008b700000, 0x000000008b700000, 0x000000008b800000|  0%| F|  |TAMS 0x000000008b700000, 0x000000008b700000| Untracked 
| 184|0x000000008b800000, 0x000000008b800000, 0x000000008b900000|  0%| F|  |TAMS 0x000000008b800000, 0x000000008b800000| Untracked 
| 185|0x000000008b900000, 0x000000008b900000, 0x000000008ba00000|  0%| F|  |TAMS 0x000000008b900000, 0x000000008b900000| Untracked 
| 186|0x000000008ba00000, 0x000000008ba00000, 0x000000008bb00000|  0%| F|  |TAMS 0x000000008ba00000, 0x000000008ba00000| Untracked 
| 187|0x000000008bb00000, 0x000000008bb00000, 0x000000008bc00000|  0%| F|  |TAMS 0x000000008bb00000, 0x000000008bb00000| Untracked 
| 188|0x000000008bc00000, 0x000000008bc00000, 0x000000008bd00000|  0%| F|  |TAMS 0x000000008bc00000, 0x000000008bc00000| Untracked 
| 189|0x000000008bd00000, 0x000000008bd00000, 0x000000008be00000|  0%| F|  |TAMS 0x000000008bd00000, 0x000000008bd00000| Untracked 
| 190|0x000000008be00000, 0x000000008be00000, 0x000000008bf00000|  0%| F|  |TAMS 0x000000008be00000, 0x000000008be00000| Untracked 
| 191|0x000000008bf00000, 0x000000008bf00000, 0x000000008c000000|  0%| F|  |TAMS 0x000000008bf00000, 0x000000008bf00000| Untracked 
| 192|0x000000008c000000, 0x000000008c000000, 0x000000008c100000|  0%| F|  |TAMS 0x000000008c000000, 0x000000008c000000| Untracked 
| 193|0x000000008c100000, 0x000000008c100000, 0x000000008c200000|  0%| F|  |TAMS 0x000000008c100000, 0x000000008c100000| Untracked 
| 194|0x000000008c200000, 0x000000008c200000, 0x000000008c300000|  0%| F|  |TAMS 0x000000008c200000, 0x000000008c200000| Untracked 
| 195|0x000000008c300000, 0x000000008c300000, 0x000000008c400000|  0%| F|  |TAMS 0x000000008c300000, 0x000000008c300000| Untracked 
| 196|0x000000008c400000, 0x000000008c400000, 0x000000008c500000|  0%| F|  |TAMS 0x000000008c400000, 0x000000008c400000| Untracked 
| 197|0x000000008c500000, 0x000000008c500000, 0x000000008c600000|  0%| F|  |TAMS 0x000000008c500000, 0x000000008c500000| Untracked 
| 198|0x000000008c600000, 0x000000008c600000, 0x000000008c700000|  0%| F|  |TAMS 0x000000008c600000, 0x000000008c600000| Untracked 
| 199|0x000000008c700000, 0x000000008c700000, 0x000000008c800000|  0%| F|  |TAMS 0x000000008c700000, 0x000000008c700000| Untracked 
| 200|0x000000008c800000, 0x000000008c800000, 0x000000008c900000|  0%| F|  |TAMS 0x000000008c800000, 0x000000008c800000| Untracked 
| 201|0x000000008c900000, 0x000000008c900000, 0x000000008ca00000|  0%| F|  |TAMS 0x000000008c900000, 0x000000008c900000| Untracked 
| 202|0x000000008ca00000, 0x000000008ca00000, 0x000000008cb00000|  0%| F|  |TAMS 0x000000008ca00000, 0x000000008ca00000| Untracked 
| 203|0x000000008cb00000, 0x000000008cb00000, 0x000000008cc00000|  0%| F|  |TAMS 0x000000008cb00000, 0x000000008cb00000| Untracked 
| 204|0x000000008cc00000, 0x000000008cc00000, 0x000000008cd00000|  0%| F|  |TAMS 0x000000008cc00000, 0x000000008cc00000| Untracked 
| 205|0x000000008cd00000, 0x000000008cd00000, 0x000000008ce00000|  0%| F|  |TAMS 0x000000008cd00000, 0x000000008cd00000| Untracked 
| 206|0x000000008ce00000, 0x000000008ce00000, 0x000000008cf00000|  0%| F|  |TAMS 0x000000008ce00000, 0x000000008ce00000| Untracked 
| 207|0x000000008cf00000, 0x000000008cf00000, 0x000000008d000000|  0%| F|  |TAMS 0x000000008cf00000, 0x000000008cf00000| Untracked 
| 208|0x000000008d000000, 0x000000008d000000, 0x000000008d100000|  0%| F|  |TAMS 0x000000008d000000, 0x000000008d000000| Untracked 
| 209|0x000000008d100000, 0x000000008d100000, 0x000000008d200000|  0%| F|  |TAMS 0x000000008d100000, 0x000000008d100000| Untracked 
| 210|0x000000008d200000, 0x000000008d200000, 0x000000008d300000|  0%| F|  |TAMS 0x000000008d200000, 0x000000008d200000| Untracked 
| 211|0x000000008d300000, 0x000000008d300000, 0x000000008d400000|  0%| F|  |TAMS 0x000000008d300000, 0x000000008d300000| Untracked 
| 212|0x000000008d400000, 0x000000008d400000, 0x000000008d500000|  0%| F|  |TAMS 0x000000008d400000, 0x000000008d400000| Untracked 
| 213|0x000000008d500000, 0x000000008d600000, 0x000000008d600000|100%| S|CS|TAMS 0x000000008d500000, 0x000000008d500000| Complete 
| 214|0x000000008d600000, 0x000000008d700000, 0x000000008d700000|100%| S|CS|TAMS 0x000000008d600000, 0x000000008d600000| Complete 
| 215|0x000000008d700000, 0x000000008d800000, 0x000000008d800000|100%| S|CS|TAMS 0x000000008d700000, 0x000000008d700000| Complete 
| 216|0x000000008d800000, 0x000000008d900000, 0x000000008d900000|100%| S|CS|TAMS 0x000000008d800000, 0x000000008d800000| Complete 
| 217|0x000000008d900000, 0x000000008d900000, 0x000000008da00000|  0%| F|  |TAMS 0x000000008d900000, 0x000000008d900000| Untracked 
| 218|0x000000008da00000, 0x000000008da00000, 0x000000008db00000|  0%| F|  |TAMS 0x000000008da00000, 0x000000008da00000| Untracked 
| 219|0x000000008db00000, 0x000000008db00000, 0x000000008dc00000|  0%| F|  |TAMS 0x000000008db00000, 0x000000008db00000| Untracked 
| 220|0x000000008dc00000, 0x000000008dc00000, 0x000000008dd00000|  0%| F|  |TAMS 0x000000008dc00000, 0x000000008dc00000| Untracked 
| 221|0x000000008dd00000, 0x000000008dd00000, 0x000000008de00000|  0%| F|  |TAMS 0x000000008dd00000, 0x000000008dd00000| Untracked 
| 222|0x000000008de00000, 0x000000008de00000, 0x000000008df00000|  0%| F|  |TAMS 0x000000008de00000, 0x000000008de00000| Untracked 
| 223|0x000000008df00000, 0x000000008df00000, 0x000000008e000000|  0%| F|  |TAMS 0x000000008df00000, 0x000000008df00000| Untracked 
| 224|0x000000008e000000, 0x000000008e000000, 0x000000008e100000|  0%| F|  |TAMS 0x000000008e000000, 0x000000008e000000| Untracked 
| 225|0x000000008e100000, 0x000000008e100000, 0x000000008e200000|  0%| F|  |TAMS 0x000000008e100000, 0x000000008e100000| Untracked 
| 226|0x000000008e200000, 0x000000008e200000, 0x000000008e300000|  0%| F|  |TAMS 0x000000008e200000, 0x000000008e200000| Untracked 
| 227|0x000000008e300000, 0x000000008e300000, 0x000000008e400000|  0%| F|  |TAMS 0x000000008e300000, 0x000000008e300000| Untracked 
| 228|0x000000008e400000, 0x000000008e400000, 0x000000008e500000|  0%| F|  |TAMS 0x000000008e400000, 0x000000008e400000| Untracked 
| 229|0x000000008e500000, 0x000000008e500000, 0x000000008e600000|  0%| F|  |TAMS 0x000000008e500000, 0x000000008e500000| Untracked 
| 230|0x000000008e600000, 0x000000008e600000, 0x000000008e700000|  0%| F|  |TAMS 0x000000008e600000, 0x000000008e600000| Untracked 
| 231|0x000000008e700000, 0x000000008e700000, 0x000000008e800000|  0%| F|  |TAMS 0x000000008e700000, 0x000000008e700000| Untracked 
| 232|0x000000008e800000, 0x000000008e800000, 0x000000008e900000|  0%| F|  |TAMS 0x000000008e800000, 0x000000008e800000| Untracked 
| 233|0x000000008e900000, 0x000000008e900000, 0x000000008ea00000|  0%| F|  |TAMS 0x000000008e900000, 0x000000008e900000| Untracked 
| 234|0x000000008ea00000, 0x000000008ea00000, 0x000000008eb00000|  0%| F|  |TAMS 0x000000008ea00000, 0x000000008ea00000| Untracked 
| 235|0x000000008eb00000, 0x000000008eb00000, 0x000000008ec00000|  0%| F|  |TAMS 0x000000008eb00000, 0x000000008eb00000| Untracked 
| 236|0x000000008ec00000, 0x000000008ec00000, 0x000000008ed00000|  0%| F|  |TAMS 0x000000008ec00000, 0x000000008ec00000| Untracked 
| 237|0x000000008ed00000, 0x000000008ed00000, 0x000000008ee00000|  0%| F|  |TAMS 0x000000008ed00000, 0x000000008ed00000| Untracked 
| 238|0x000000008ee00000, 0x000000008ee00000, 0x000000008ef00000|  0%| F|  |TAMS 0x000000008ee00000, 0x000000008ee00000| Untracked 
| 239|0x000000008ef00000, 0x000000008ef00000, 0x000000008f000000|  0%| F|  |TAMS 0x000000008ef00000, 0x000000008ef00000| Untracked 
| 240|0x000000008f000000, 0x000000008f000000, 0x000000008f100000|  0%| F|  |TAMS 0x000000008f000000, 0x000000008f000000| Untracked 
| 241|0x000000008f100000, 0x000000008f100000, 0x000000008f200000|  0%| F|  |TAMS 0x000000008f100000, 0x000000008f100000| Untracked 
| 242|0x000000008f200000, 0x000000008f200000, 0x000000008f300000|  0%| F|  |TAMS 0x000000008f200000, 0x000000008f200000| Untracked 
| 243|0x000000008f300000, 0x000000008f300000, 0x000000008f400000|  0%| F|  |TAMS 0x000000008f300000, 0x000000008f300000| Untracked 
| 244|0x000000008f400000, 0x000000008f400000, 0x000000008f500000|  0%| F|  |TAMS 0x000000008f400000, 0x000000008f400000| Untracked 
| 245|0x000000008f500000, 0x000000008f500000, 0x000000008f600000|  0%| F|  |TAMS 0x000000008f500000, 0x000000008f500000| Untracked 
| 246|0x000000008f600000, 0x000000008f600000, 0x000000008f700000|  0%| F|  |TAMS 0x000000008f600000, 0x000000008f600000| Untracked 
| 247|0x000000008f700000, 0x000000008f700000, 0x000000008f800000|  0%| F|  |TAMS 0x000000008f700000, 0x000000008f700000| Untracked 
| 248|0x000000008f800000, 0x000000008f800000, 0x000000008f900000|  0%| F|  |TAMS 0x000000008f800000, 0x000000008f800000| Untracked 
| 249|0x000000008f900000, 0x000000008f900000, 0x000000008fa00000|  0%| F|  |TAMS 0x000000008f900000, 0x000000008f900000| Untracked 
| 250|0x000000008fa00000, 0x000000008fa00000, 0x000000008fb00000|  0%| F|  |TAMS 0x000000008fa00000, 0x000000008fa00000| Untracked 
| 251|0x000000008fb00000, 0x000000008fb00000, 0x000000008fc00000|  0%| F|  |TAMS 0x000000008fb00000, 0x000000008fb00000| Untracked 
| 252|0x000000008fc00000, 0x000000008fc00000, 0x000000008fd00000|  0%| F|  |TAMS 0x000000008fc00000, 0x000000008fc00000| Untracked 
| 253|0x000000008fd00000, 0x000000008fd00000, 0x000000008fe00000|  0%| F|  |TAMS 0x000000008fd00000, 0x000000008fd00000| Untracked 
| 254|0x000000008fe00000, 0x000000008fe00000, 0x000000008ff00000|  0%| F|  |TAMS 0x000000008fe00000, 0x000000008fe00000| Untracked 
| 255|0x000000008ff00000, 0x000000008ff00000, 0x0000000090000000|  0%| F|  |TAMS 0x000000008ff00000, 0x000000008ff00000| Untracked 
| 256|0x0000000090000000, 0x0000000090000000, 0x0000000090100000|  0%| F|  |TAMS 0x0000000090000000, 0x0000000090000000| Untracked 
| 257|0x0000000090100000, 0x0000000090100000, 0x0000000090200000|  0%| F|  |TAMS 0x0000000090100000, 0x0000000090100000| Untracked 
| 258|0x0000000090200000, 0x0000000090200000, 0x0000000090300000|  0%| F|  |TAMS 0x0000000090200000, 0x0000000090200000| Untracked 
| 259|0x0000000090300000, 0x0000000090300000, 0x0000000090400000|  0%| F|  |TAMS 0x0000000090300000, 0x0000000090300000| Untracked 
| 260|0x0000000090400000, 0x0000000090400000, 0x0000000090500000|  0%| F|  |TAMS 0x0000000090400000, 0x0000000090400000| Untracked 
| 261|0x0000000090500000, 0x0000000090500000, 0x0000000090600000|  0%| F|  |TAMS 0x0000000090500000, 0x0000000090500000| Untracked 
| 262|0x0000000090600000, 0x0000000090600000, 0x0000000090700000|  0%| F|  |TAMS 0x0000000090600000, 0x0000000090600000| Untracked 

Card table byte_map: [0x000001eaa4c00000,0x000001eaa5000000] _byte_map_base: 0x000001eaa4800000

Marking Bits (Prev, Next): (CMBitMap*) 0x000001ea92385bf0, (CMBitMap*) 0x000001ea92385c30
 Prev Bits: [0x000001eaa5400000, 0x000001eaa7400000)
 Next Bits: [0x000001eaa7400000, 0x000001eaa9400000)

Polling page: 0x000001ea91b00000

Metaspace:

Usage:
  Non-class:     90.83 MB used.
      Class:     14.35 MB used.
       Both:    105.18 MB used.

Virtual space:
  Non-class space:       96.00 MB reserved,      91.19 MB ( 95%) committed,  12 nodes.
      Class space:        1.00 GB reserved,      14.69 MB (  1%) committed,  1 nodes.
             Both:        1.09 GB reserved,     105.88 MB (  9%) committed. 

Chunk freelists:
   Non-Class:  672.00 KB
       Class:  1.19 MB
        Both:  1.84 MB

MaxMetaspaceSize: unlimited
CompressedClassSpaceSize: 1.00 GB
Initial GC threshold: 21.00 MB
Current GC threshold: 119.00 MB
CDS: off
MetaspaceReclaimPolicy: balanced
 - commit_granule_bytes: 65536.
 - commit_granule_words: 8192.
 - virtual_space_node_default_size: 1048576.
 - enlarge_chunks_in_place: 1.
 - new_chunks_are_fully_committed: 0.
 - uncommit_free_chunks: 1.
 - use_allocation_guard: 0.
 - handle_deallocations: 1.


Internal statistics:

num_allocs_failed_limit: 9.
num_arena_births: 1006.
num_arena_deaths: 0.
num_vsnodes_births: 13.
num_vsnodes_deaths: 0.
num_space_committed: 1694.
num_space_uncommitted: 0.
num_chunks_returned_to_freelist: 9.
num_chunks_taken_from_freelist: 5020.
num_chunk_merges: 6.
num_chunk_splits: 3342.
num_chunks_enlarged: 2289.
num_purges: 0.
num_inconsistent_stats: 0.

CodeHeap 'non-profiled nmethods': size=120000Kb used=6521Kb max_used=6521Kb free=113478Kb
 bounds [0x000001ea9d2d0000, 0x000001ea9d930000, 0x000001eaa4800000]
CodeHeap 'profiled nmethods': size=120000Kb used=23286Kb max_used=23286Kb free=96713Kb
 bounds [0x000001ea95800000, 0x000001ea96ec0000, 0x000001ea9cd30000]
CodeHeap 'non-nmethods': size=5760Kb used=2421Kb max_used=2523Kb free=3339Kb
 bounds [0x000001ea9cd30000, 0x000001ea9cfb0000, 0x000001ea9d2d0000]
 total_blobs=12701 nmethods=11739 adapters=874
 compilation: enabled
              stopped_count=0, restarted_count=0
 full_count=0

Compilation events (20 events):
Event: 20.646 Thread 0x000001eaac474170 13395       2       com.android.tools.r8.internal.EF::<init> (6 bytes)
Event: 20.646 Thread 0x000001eaac474170 nmethod 13395 0x000001ea96eb9890 code [0x000001ea96eb9a20, 0x000001ea96eb9b48]
Event: 20.646 Thread 0x000001eaac474170 13396       2       com.android.tools.r8.internal.EF::<init> (41 bytes)
Event: 20.646 Thread 0x000001eaac474170 nmethod 13396 0x000001ea96eb9c10 code [0x000001ea96eb9da0, 0x000001ea96eb9f38]
Event: 20.803 Thread 0x000001eaac474170 13398       2       com.android.tools.r8.dex.code.a0::<init> (18 bytes)
Event: 20.803 Thread 0x000001eaac474170 nmethod 13398 0x000001ea96eba010 code [0x000001ea96eba1a0, 0x000001ea96eba2e8]
Event: 20.804 Thread 0x000001eaac474170 13399       2       com.android.tools.r8.dex.B$$Lambda$1284/0x0000000100e63328::get (8 bytes)
Event: 20.805 Thread 0x000001eaac474170 nmethod 13399 0x000001ea96eba410 code [0x000001ea96eba5a0, 0x000001ea96eba6c8]
Event: 20.829 Thread 0x000001eaac474170 13402       2       com.android.tools.r8.dex.code.b1::<init> (20 bytes)
Event: 20.829 Thread 0x000001eaac474170 nmethod 13402 0x000001ea96eba790 code [0x000001ea96eba940, 0x000001ea96ebaac8]
Event: 20.862 Thread 0x000001eaac474170 13403       2       java.util.Arrays::hashCode (44 bytes)
Event: 20.862 Thread 0x000001eaac474170 nmethod 13403 0x000001ea96ebac10 code [0x000001ea96ebada0, 0x000001ea96ebaf38]
Event: 20.876 Thread 0x000001eaac474170 13405       2       java.lang.invoke.VarHandleGuards::guard_LI_V (125 bytes)
Event: 20.878 Thread 0x000001eaac474170 nmethod 13405 0x000001ea96ebb010 code [0x000001ea96ebb320, 0x000001ea96ebc338]
Event: 20.884 Thread 0x000001eaac474170 13408       2       com.android.tools.r8.graph.H4::g (64 bytes)
Event: 20.884 Thread 0x000001eaac474170 nmethod 13408 0x000001ea96ebcc90 code [0x000001ea96ebce80, 0x000001ea96ebd198]
Event: 20.885 Thread 0x000001eaac474170 13409       2       com.android.tools.r8.dex.code.b1::hashCode (22 bytes)
Event: 20.885 Thread 0x000001eaac474170 nmethod 13409 0x000001ea96ebd390 code [0x000001ea96ebd520, 0x000001ea96ebd668]
Event: 20.888 Thread 0x000001eaac474170 13410       2       java.util.concurrent.ThreadLocalRandom::getProbe (13 bytes)
Event: 20.888 Thread 0x000001eaac474170 nmethod 13410 0x000001ea96ebd710 code [0x000001ea96ebd8a0, 0x000001ea96ebd998]

GC Heap History (20 events):
Event: 11.072 GC heap after
{Heap after GC invocations=29 (full 0):
 garbage-first heap   total 121856K, used 62771K [0x0000000080000000, 0x0000000100000000)
  region size 1024K, 1 young (1024K), 1 survivors (1024K)
 Metaspace       used 71861K, committed 72384K, reserved 1114112K
  class space    used 9422K, committed 9664K, reserved 1048576K
}
Event: 11.341 GC heap before
{Heap before GC invocations=29 (full 0):
 garbage-first heap   total 121856K, used 96563K [0x0000000080000000, 0x0000000100000000)
  region size 1024K, 34 young (34816K), 1 survivors (1024K)
 Metaspace       used 72076K, committed 72640K, reserved 1114112K
  class space    used 9460K, committed 9728K, reserved 1048576K
}
Event: 11.350 GC heap after
{Heap after GC invocations=30 (full 0):
 garbage-first heap   total 269312K, used 65311K [0x0000000080000000, 0x0000000100000000)
  region size 1024K, 4 young (4096K), 4 survivors (4096K)
 Metaspace       used 72076K, committed 72640K, reserved 1114112K
  class space    used 9460K, committed 9728K, reserved 1048576K
}
Event: 13.616 GC heap before
{Heap before GC invocations=31 (full 0):
 garbage-first heap   total 242688K, used 196383K [0x0000000080000000, 0x0000000100000000)
  region size 1024K, 132 young (135168K), 4 survivors (4096K)
 Metaspace       used 86842K, committed 87424K, reserved 1130496K
  class space    used 11740K, committed 12032K, reserved 1048576K
}
Event: 13.636 GC heap after
{Heap after GC invocations=32 (full 0):
 garbage-first heap   total 242688K, used 74055K [0x0000000080000000, 0x0000000100000000)
  region size 1024K, 12 young (12288K), 12 survivors (12288K)
 Metaspace       used 86842K, committed 87424K, reserved 1130496K
  class space    used 11740K, committed 12032K, reserved 1048576K
}
Event: 13.649 GC heap before
{Heap before GC invocations=32 (full 0):
 garbage-first heap   total 242688K, used 75079K [0x0000000080000000, 0x0000000100000000)
  region size 1024K, 13 young (13312K), 12 survivors (12288K)
 Metaspace       used 87002K, committed 87552K, reserved 1130496K
  class space    used 11765K, committed 12032K, reserved 1048576K
}
Event: 13.668 GC heap after
{Heap after GC invocations=33 (full 0):
 garbage-first heap   total 242688K, used 74356K [0x0000000080000000, 0x0000000100000000)
  region size 1024K, 1 young (1024K), 1 survivors (1024K)
 Metaspace       used 87002K, committed 87552K, reserved 1130496K
  class space    used 11765K, committed 12032K, reserved 1048576K
}
Event: 15.178 GC heap before
{Heap before GC invocations=33 (full 0):
 garbage-first heap   total 242688K, used 186996K [0x0000000080000000, 0x0000000100000000)
  region size 1024K, 112 young (114688K), 1 survivors (1024K)
 Metaspace       used 93864K, committed 94464K, reserved 1130496K
  class space    used 12673K, committed 12992K, reserved 1048576K
}
Event: 15.205 GC heap after
{Heap after GC invocations=34 (full 0):
 garbage-first heap   total 242688K, used 89221K [0x0000000080000000, 0x0000000100000000)
  region size 1024K, 14 young (14336K), 14 survivors (14336K)
 Metaspace       used 93864K, committed 94464K, reserved 1130496K
  class space    used 12673K, committed 12992K, reserved 1048576K
}
Event: 17.171 GC heap before
{Heap before GC invocations=34 (full 0):
 garbage-first heap   total 242688K, used 184453K [0x0000000080000000, 0x0000000100000000)
  region size 1024K, 108 young (110592K), 14 survivors (14336K)
 Metaspace       used 97496K, committed 98176K, reserved 1138688K
  class space    used 13145K, committed 13440K, reserved 1048576K
}
Event: 17.196 GC heap after
{Heap after GC invocations=35 (full 0):
 garbage-first heap   total 242688K, used 97904K [0x0000000080000000, 0x0000000100000000)
  region size 1024K, 9 young (9216K), 9 survivors (9216K)
 Metaspace       used 97496K, committed 98176K, reserved 1138688K
  class space    used 13145K, committed 13440K, reserved 1048576K
}
Event: 18.592 GC heap before
{Heap before GC invocations=35 (full 0):
 garbage-first heap   total 242688K, used 188016K [0x0000000080000000, 0x0000000100000000)
  region size 1024K, 98 young (100352K), 9 survivors (9216K)
 Metaspace       used 101139K, committed 101824K, reserved 1138688K
  class space    used 13633K, committed 13952K, reserved 1048576K
}
Event: 18.610 GC heap after
{Heap after GC invocations=36 (full 0):
 garbage-first heap   total 242688K, used 105486K [0x0000000080000000, 0x0000000100000000)
  region size 1024K, 8 young (8192K), 8 survivors (8192K)
 Metaspace       used 101139K, committed 101824K, reserved 1138688K
  class space    used 13633K, committed 13952K, reserved 1048576K
}
Event: 19.412 GC heap before
{Heap before GC invocations=36 (full 0):
 garbage-first heap   total 242688K, used 182286K [0x0000000080000000, 0x0000000100000000)
  region size 1024K, 57 young (58368K), 8 survivors (8192K)
 Metaspace       used 104744K, committed 105472K, reserved 1146880K
  class space    used 14146K, committed 14528K, reserved 1048576K
}
Event: 19.430 GC heap after
{Heap after GC invocations=37 (full 0):
 garbage-first heap   total 242688K, used 133831K [0x0000000080000000, 0x0000000100000000)
  region size 1024K, 8 young (8192K), 8 survivors (8192K)
 Metaspace       used 104744K, committed 105472K, reserved 1146880K
  class space    used 14146K, committed 14528K, reserved 1048576K
}
Event: 20.377 GC heap before
{Heap before GC invocations=37 (full 0):
 garbage-first heap   total 242688K, used 209607K [0x0000000080000000, 0x0000000100000000)
  region size 1024K, 70 young (71680K), 8 survivors (8192K)
 Metaspace       used 107566K, committed 108288K, reserved 1146880K
  class space    used 14688K, committed 15040K, reserved 1048576K
}
Event: 20.421 GC heap after
{Heap after GC invocations=38 (full 0):
 garbage-first heap   total 242688K, used 159431K [0x0000000080000000, 0x0000000100000000)
  region size 1024K, 9 young (9216K), 9 survivors (9216K)
 Metaspace       used 107566K, committed 108288K, reserved 1146880K
  class space    used 14688K, committed 15040K, reserved 1048576K
}
Event: 20.733 GC heap before
{Heap before GC invocations=38 (full 0):
 garbage-first heap   total 242688K, used 194247K [0x0000000080000000, 0x0000000100000000)
  region size 1024K, 44 young (45056K), 9 survivors (9216K)
 Metaspace       used 107692K, committed 108416K, reserved 1146880K
  class space    used 14689K, committed 15040K, reserved 1048576K
}
Event: 20.785 GC heap after
{Heap after GC invocations=39 (full 0):
 garbage-first heap   total 242688K, used 177863K [0x0000000080000000, 0x0000000100000000)
  region size 1024K, 6 young (6144K), 6 survivors (6144K)
 Metaspace       used 107692K, committed 108416K, reserved 1146880K
  class space    used 14689K, committed 15040K, reserved 1048576K
}
Event: 20.948 GC heap before
{Heap before GC invocations=39 (full 0):
 garbage-first heap   total 242688K, used 198343K [0x0000000080000000, 0x0000000100000000)
  region size 1024K, 26 young (26624K), 6 survivors (6144K)
 Metaspace       used 107701K, committed 108416K, reserved 1146880K
  class space    used 14689K, committed 15040K, reserved 1048576K
}

Dll operation events (2 events):
Event: 0.006 Loaded shared library C:\Program Files\Android\Android Studio1\jbr\bin\java.dll
Event: 0.386 Loaded shared library C:\Program Files\Android\Android Studio1\jbr\bin\verify.dll

Deoptimization events (20 events):
Event: 20.326 Thread 0x000001eab07c93e0 DEOPT PACKING pc=0x000001ea9d9168a8 sp=0x000000a1b8cfed60
Event: 20.329 Thread 0x000001eab07c93e0 DEOPT UNPACKING pc=0x000001ea9cd869a3 sp=0x000000a1b8cfeca8 mode 2
Event: 20.376 Thread 0x000001eab07cb0c0 Uncommon trap: trap_request=0xffffff45 fr.pc=0x000001ea9d5bfa28 relative=0x0000000000000388
Event: 20.376 Thread 0x000001eab07cb0c0 Uncommon trap: reason=unstable_if action=reinterpret pc=0x000001ea9d5bfa28 method=java.util.concurrent.ConcurrentLinkedQueue.offer(Ljava/lang/Object;)Z @ 42 c2
Event: 20.376 Thread 0x000001eab07cb0c0 DEOPT PACKING pc=0x000001ea9d5bfa28 sp=0x000000a1b8dfecd0
Event: 20.376 Thread 0x000001eab07cb0c0 DEOPT UNPACKING pc=0x000001ea9cd869a3 sp=0x000000a1b8dfec70 mode 2
Event: 20.525 Thread 0x000001eab07c8570 DEOPT PACKING pc=0x000001ea96e11264 sp=0x000000a1b8bfe920
Event: 20.525 Thread 0x000001eab07c8570 DEOPT UNPACKING pc=0x000001ea9cd87143 sp=0x000000a1b8bfde38 mode 0
Event: 20.535 Thread 0x000001eab07cc400 DEOPT PACKING pc=0x000001ea96e11264 sp=0x000000a1b8efefb0
Event: 20.535 Thread 0x000001eab07cc400 DEOPT UNPACKING pc=0x000001ea9cd87143 sp=0x000000a1b8efe4c8 mode 0
Event: 20.537 Thread 0x000001eab07cb0c0 DEOPT PACKING pc=0x000001ea96e11264 sp=0x000000a1b8dfeaf0
Event: 20.537 Thread 0x000001eab07cb0c0 DEOPT UNPACKING pc=0x000001ea9cd87143 sp=0x000000a1b8dfe008 mode 0
Event: 20.560 Thread 0x000001eab07c8570 Uncommon trap: trap_request=0xffffff45 fr.pc=0x000001ea9d926f60 relative=0x00000000000063a0
Event: 20.560 Thread 0x000001eab07c93e0 Uncommon trap: trap_request=0xffffff45 fr.pc=0x000001ea9d926f40 relative=0x0000000000006380
Event: 20.560 Thread 0x000001eab07c93e0 Uncommon trap: reason=unstable_if action=reinterpret pc=0x000001ea9d926f40 method=com.android.tools.r8.dex.code.O.a(IILcom/android/tools/r8/dex/code/a;Lcom/android/tools/r8/graph/p5;)Lcom/android/tools/r8/dex/code/B1; @ 505 c2
Event: 20.560 Thread 0x000001eab07c8570 Uncommon trap: reason=unstable_if action=reinterpret pc=0x000001ea9d926f60 method=com.android.tools.r8.dex.code.O.a(IILcom/android/tools/r8/dex/code/a;Lcom/android/tools/r8/graph/p5;)Lcom/android/tools/r8/dex/code/B1; @ 505 c2
Event: 20.560 Thread 0x000001eab07c8570 DEOPT PACKING pc=0x000001ea9d926f60 sp=0x000000a1b8bfe8e0
Event: 20.560 Thread 0x000001eab07c93e0 DEOPT PACKING pc=0x000001ea9d926f40 sp=0x000000a1b8cfeb10
Event: 20.565 Thread 0x000001eab07c8570 DEOPT UNPACKING pc=0x000001ea9cd869a3 sp=0x000000a1b8bfe890 mode 2
Event: 20.570 Thread 0x000001eab07c93e0 DEOPT UNPACKING pc=0x000001ea9cd869a3 sp=0x000000a1b8cfeac0 mode 2

Classes unloaded (0 events):
No events

Classes redefined (0 events):
No events

Internal exceptions (20 events):
Event: 17.732 Thread 0x000001eab7b5cfc0 Exception <a 'java/lang/NoSuchMethodError'{0x000000008c4b1460}: 'void java.lang.invoke.DirectMethodHandle$Holder.invokeVirtual(java.lang.Object, java.lang.Object)'> (0x000000008c4b1460) 
thrown [s\src\hotspot\share\interpreter\linkResolver.cpp, line 771]
Event: 18.304 Thread 0x000001eab7b5cfc0 Exception <a 'java/lang/NoSuchMethodError'{0x000000008aa370a0}: static Lorg/jetbrains/kotlin/incremental/ChangedFiles$Unknown;.<clinit>()V> (0x000000008aa370a0) 
thrown [s\src\hotspot\share\prims\jni.cpp, line 1108]
Event: 18.307 Thread 0x000001eab7b5cfc0 Exception <a 'java/lang/NoSuchMethodError'{0x000000008aa6bf98}: static Lorg/jetbrains/kotlin/incremental/ClasspathChanges$ClasspathSnapshotEnabled$NotAvailableForNonIncrementalRun;.<clinit>()V> (0x000000008aa6bf98) 
thrown [s\src\hotspot\share\prims\jni.cpp, line 1108]
Event: 18.307 Thread 0x000001eab7b5cfc0 Exception <a 'java/lang/NoSuchMethodError'{0x000000008aa6df20}: static Lorg/jetbrains/kotlin/incremental/ClasspathChanges$ClasspathSnapshotEnabled;.<clinit>()V> (0x000000008aa6df20) 
thrown [s\src\hotspot\share\prims\jni.cpp, line 1108]
Event: 18.307 Thread 0x000001eab7b5cfc0 Exception <a 'java/lang/NoSuchMethodError'{0x000000008aa70550}: static Lorg/jetbrains/kotlin/incremental/ClasspathChanges;.<clinit>()V> (0x000000008aa70550) 
thrown [s\src\hotspot\share\prims\jni.cpp, line 1108]
Event: 18.337 Thread 0x000001eab7b5a470 Exception <a 'sun/nio/fs/WindowsException'{0x0000000090542f70}> (0x0000000090542f70) 
thrown [s\src\hotspot\share\prims\jni.cpp, line 517]
Event: 18.428 Thread 0x000001eab7b5a470 Exception <a 'sun/nio/fs/WindowsException'{0x000000008a2b80e0}> (0x000000008a2b80e0) 
thrown [s\src\hotspot\share\prims\jni.cpp, line 517]
Event: 18.820 Thread 0x000001eab7b5f170 Exception <a 'java/lang/NoSuchMethodError'{0x000000008db4de00}: 'void java.lang.invoke.DirectMethodHandle$Holder.invokeStatic(java.lang.Object, long)'> (0x000000008db4de00) 
thrown [s\src\hotspot\share\interpreter\linkResolver.cpp, line 771]
Event: 18.820 Thread 0x000001eab7b5f170 Exception <a 'java/lang/NoSuchMethodError'{0x000000008db536b8}: 'java.lang.Object java.lang.invoke.DirectMethodHandle$Holder.newInvokeSpecial(java.lang.Object, long)'> (0x000000008db536b8) 
thrown [s\src\hotspot\share\interpreter\linkResolver.cpp, line 771]
Event: 18.822 Thread 0x000001eab7b5f170 Exception <a 'java/lang/NoSuchMethodError'{0x000000008db5a9c0}: 'java.lang.Object java.lang.invoke.DirectMethodHandle$Holder.invokeStatic(java.lang.Object, java.lang.Object, long, java.lang.Object)'> (0x000000008db5a9c0) 
thrown [s\src\hotspot\share\interpreter\linkResolver.cpp, line 771]
Event: 18.823 Thread 0x000001eab7b5f170 Exception <a 'java/lang/NoSuchMethodError'{0x000000008db5e440}: 'java.lang.Object java.lang.invoke.DirectMethodHandle$Holder.invokeStaticInit(java.lang.Object, java.lang.Object, long, java.lang.Object)'> (0x000000008db5e440) 
thrown [s\src\hotspot\share\interpreter\linkResolver.cpp, line 771]
Event: 18.896 Thread 0x000001eab7b60980 Exception <a 'sun/nio/fs/WindowsException'{0x000000008d9055e0}> (0x000000008d9055e0) 
thrown [s\src\hotspot\share\prims\jni.cpp, line 517]
Event: 19.001 Thread 0x000001eab7b60980 Exception <a 'sun/nio/fs/WindowsException'{0x000000008d17d0d0}> (0x000000008d17d0d0) 
thrown [s\src\hotspot\share\prims\jni.cpp, line 517]
Event: 19.141 Thread 0x000001eab7b5b2e0 Exception <a 'sun/nio/fs/WindowsException'{0x000000008ccc02e0}> (0x000000008ccc02e0) 
thrown [s\src\hotspot\share\prims\jni.cpp, line 517]
Event: 19.394 Thread 0x000001eab7b5b2e0 Exception <a 'java/lang/NoSuchMethodError'{0x000000008c332428}: 'java.lang.Object java.lang.invoke.DirectMethodHandle$Holder.invokeStaticInit(java.lang.Object, java.lang.Object, java.lang.Object, java.lang.Object, java.lang.Object, java.lang.Object, java.lang.Object, java.lang.Object, java.lang.Object, java.lang.Object, java.lang.Object, java.lang.Object, java.lang.Object, java.lang.Object, java.lang.Object, java.lang.Object, java.lang.Object, java.lang.Object, java.lang.Object, int, java.lang.Object, java
Event: 20.047 Thread 0x000001eab07c8570 Exception <a 'java/lang/IncompatibleClassChangeError'{0x000000008befb870}: Found class java.lang.Object, but interface was expected> (0x000000008befb870) 
thrown [s\src\hotspot\share\interpreter\linkResolver.cpp, line 838]
Event: 20.086 Thread 0x000001eab07c8570 Exception <a 'java/lang/NoSuchMethodError'{0x000000008bc44938}: 'long java.lang.invoke.DirectMethodHandle$Holder.invokeStatic(java.lang.Object, java.lang.Object, java.lang.Object)'> (0x000000008bc44938) 
thrown [s\src\hotspot\share\interpreter\linkResolver.cpp, line 771]
Event: 20.194 Thread 0x000001eab07cc400 Exception <a 'java/lang/IncompatibleClassChangeError'{0x000000008b18c948}: Found class java.lang.Object, but interface was expected> (0x000000008b18c948) 
thrown [s\src\hotspot\share\interpreter\linkResolver.cpp, line 838]
Event: 20.195 Thread 0x000001eab07c8570 Exception <a 'java/lang/IncompatibleClassChangeError'{0x000000008b17efa0}: Found class java.lang.Object, but interface was expected> (0x000000008b17efa0) 
thrown [s\src\hotspot\share\interpreter\linkResolver.cpp, line 838]
Event: 20.195 Thread 0x000001eab07cc400 Exception <a 'java/lang/IncompatibleClassChangeError'{0x000000008b193d80}: Found class java.lang.Object, but interface was expected> (0x000000008b193d80) 
thrown [s\src\hotspot\share\interpreter\linkResolver.cpp, line 838]

VM Operations (20 events):
Event: 18.826 Executing VM operation: HandshakeAllThreads done
Event: 19.149 Executing VM operation: HandshakeAllThreads
Event: 19.149 Executing VM operation: HandshakeAllThreads done
Event: 19.189 Executing VM operation: HandshakeAllThreads
Event: 19.189 Executing VM operation: HandshakeAllThreads done
Event: 19.189 Executing VM operation: HandshakeAllThreads
Event: 19.189 Executing VM operation: HandshakeAllThreads done
Event: 19.200 Executing VM operation: ICBufferFull
Event: 19.200 Executing VM operation: ICBufferFull done
Event: 19.412 Executing VM operation: G1TryInitiateConcMark
Event: 19.430 Executing VM operation: G1TryInitiateConcMark done
Event: 20.052 Executing VM operation: HandshakeAllThreads
Event: 20.053 Executing VM operation: HandshakeAllThreads done
Event: 20.377 Executing VM operation: G1CollectForAllocation
Event: 20.443 Executing VM operation: G1CollectForAllocation done
Event: 20.524 Executing VM operation: HandshakeAllThreads
Event: 20.534 Executing VM operation: HandshakeAllThreads done
Event: 20.733 Executing VM operation: G1CollectForAllocation
Event: 20.785 Executing VM operation: G1CollectForAllocation done
Event: 20.948 Executing VM operation: G1CollectForAllocation

Events (20 events):
Event: 20.041 loading class java/util/concurrent/ForkJoinTask$Aux done
Event: 20.042 loading class java/util/concurrent/ForkJoinPool$DefaultForkJoinWorkerThreadFactory$1
Event: 20.042 loading class java/util/concurrent/ForkJoinPool$DefaultForkJoinWorkerThreadFactory$1 done
Event: 20.042 Thread 0x000001eab07c8570 Thread added: 0x000001eab07c8570
Event: 20.046 Thread 0x000001eab07c93e0 Thread added: 0x000001eab07c93e0
Event: 20.053 Thread 0x000001eab07cb0c0 Thread added: 0x000001eab07cb0c0
Event: 20.065 loading class java/lang/reflect/GenericSignatureFormatError
Event: 20.065 loading class java/lang/reflect/GenericSignatureFormatError done
Event: 20.067 Thread 0x000001eab07cc400 Thread added: 0x000001eab07cc400
Event: 20.186 loading class java/nio/ShortBuffer
Event: 20.187 loading class java/nio/ShortBuffer done
Event: 20.187 loading class java/nio/HeapShortBuffer
Event: 20.187 loading class java/nio/HeapShortBuffer done
Event: 20.197 loading class java/util/AbstractList$RandomAccessSubList
Event: 20.197 loading class java/util/AbstractList$SubList
Event: 20.198 loading class java/util/AbstractList$SubList done
Event: 20.198 loading class java/util/AbstractList$RandomAccessSubList done
Event: 20.198 loading class java/util/AbstractList$SubList$1
Event: 20.199 loading class java/util/AbstractList$SubList$1 done
Event: 20.929 Thread 0x000001eab7b5f640 Thread exited: 0x000001eab7b5f640


Dynamic libraries:
0x00007ff719b20000 - 0x00007ff719b2a000 	C:\Program Files\Android\Android Studio1\jbr\bin\java.exe
0x00007ff98fa40000 - 0x00007ff98fc49000 	C:\Windows\SYSTEM32\ntdll.dll
0x00007ff98e820000 - 0x00007ff98e8dd000 	C:\Windows\System32\KERNEL32.DLL
0x00007ff98d230000 - 0x00007ff98d5a9000 	C:\Windows\System32\KERNELBASE.dll
0x00007ff98d110000 - 0x00007ff98d221000 	C:\Windows\System32\ucrtbase.dll
0x00007ff98aea0000 - 0x00007ff98aebb000 	C:\Program Files\Android\Android Studio1\jbr\bin\VCRUNTIME140.dll
0x00007ff98ae80000 - 0x00007ff98ae97000 	C:\Program Files\Android\Android Studio1\jbr\bin\jli.dll
0x00007ff98e580000 - 0x00007ff98e72c000 	C:\Windows\System32\USER32.dll
0x00007ff976e30000 - 0x00007ff9770d5000 	C:\Windows\WinSxS\amd64_microsoft.windows.common-controls_6595b64144ccf1df_6.0.22000.120_none_9d947278b86cc467\COMCTL32.dll
0x00007ff98cf70000 - 0x00007ff98cf96000 	C:\Windows\System32\win32u.dll
0x00007ff98e730000 - 0x00007ff98e7d3000 	C:\Windows\System32\msvcrt.dll
0x00007ff98e7f0000 - 0x00007ff98e819000 	C:\Windows\System32\GDI32.dll
0x00007ff98d5b0000 - 0x00007ff98d6c2000 	C:\Windows\System32\gdi32full.dll
0x00007ff98d750000 - 0x00007ff98d7ed000 	C:\Windows\System32\msvcp_win.dll
0x00007ff98e540000 - 0x00007ff98e571000 	C:\Windows\System32\IMM32.DLL
0x00007ff98ae60000 - 0x00007ff98ae6c000 	C:\Program Files\Android\Android Studio1\jbr\bin\vcruntime140_1.dll
0x00007ff9675e0000 - 0x00007ff96766d000 	C:\Program Files\Android\Android Studio1\jbr\bin\msvcp140.dll
0x00007ff9472e0000 - 0x00007ff947f4d000 	C:\Program Files\Android\Android Studio1\jbr\bin\server\jvm.dll
0x00007ff98f920000 - 0x00007ff98f9ce000 	C:\Windows\System32\ADVAPI32.dll
0x00007ff98db50000 - 0x00007ff98dbee000 	C:\Windows\System32\sechost.dll
0x00007ff98e940000 - 0x00007ff98ea60000 	C:\Windows\System32\RPCRT4.dll
0x00007ff9754c0000 - 0x00007ff9754c9000 	C:\Windows\SYSTEM32\WSOCK32.dll
0x00007ff9871d0000 - 0x00007ff987203000 	C:\Windows\SYSTEM32\WINMM.dll
0x00007ff98f7c0000 - 0x00007ff98f82f000 	C:\Windows\System32\WS2_32.dll
0x00007ff9840f0000 - 0x00007ff9840fa000 	C:\Windows\SYSTEM32\VERSION.dll
0x00007ff98c0f0000 - 0x00007ff98c108000 	C:\Windows\SYSTEM32\kernel.appcore.dll
0x00007ff984120000 - 0x00007ff98412a000 	C:\Program Files\Android\Android Studio1\jbr\bin\jimage.dll
0x00007ff957690000 - 0x00007ff9578b1000 	C:\Windows\SYSTEM32\DBGHELP.DLL
0x00007ff97f750000 - 0x00007ff97f781000 	C:\Windows\SYSTEM32\dbgcore.DLL
0x00007ff98d6d0000 - 0x00007ff98d74f000 	C:\Windows\System32\bcryptPrimitives.dll
0x00007ff97d1e0000 - 0x00007ff97d205000 	C:\Program Files\Android\Android Studio1\jbr\bin\java.dll
0x00007ff97d1c0000 - 0x00007ff97d1d8000 	C:\Program Files\Android\Android Studio1\jbr\bin\zip.dll
0x00007ff98dc00000 - 0x00007ff98e3af000 	C:\Windows\System32\SHELL32.dll
0x00007ff98b040000 - 0x00007ff98b8a8000 	C:\Windows\SYSTEM32\windows.storage.dll
0x00007ff98eed0000 - 0x00007ff98f248000 	C:\Windows\System32\combase.dll
0x00007ff98aed0000 - 0x00007ff98b036000 	C:\Windows\SYSTEM32\wintypes.dll
0x00007ff98d940000 - 0x00007ff98da2a000 	C:\Windows\System32\SHCORE.dll
0x00007ff98e8e0000 - 0x00007ff98e93d000 	C:\Windows\System32\shlwapi.dll
0x00007ff98ce30000 - 0x00007ff98ce51000 	C:\Windows\SYSTEM32\profapi.dll
0x00007ff97c560000 - 0x00007ff97c579000 	C:\Program Files\Android\Android Studio1\jbr\bin\net.dll
0x00007ff98a360000 - 0x00007ff98a46c000 	C:\Windows\SYSTEM32\WINHTTP.dll
0x00007ff98c520000 - 0x00007ff98c587000 	C:\Windows\system32\mswsock.dll
0x00007ff97c540000 - 0x00007ff97c556000 	C:\Program Files\Android\Android Studio1\jbr\bin\nio.dll
0x00007ff97b2e0000 - 0x00007ff97b2f0000 	C:\Program Files\Android\Android Studio1\jbr\bin\verify.dll
0x00007ff979390000 - 0x00007ff9793b7000 	C:\Users\ThinkPad T470\.gradle\native\68d5fa5c4cc2d200863cafc0d521ce42e7d3e7ee720ec0a83991735586a16f82\windows-amd64\native-platform.dll
0x00007ff961e60000 - 0x00007ff961fa4000 	C:\Users\ThinkPad T470\.gradle\native\e376f236ea51e6404a007f0833ffe2c6e607c4080706a723a18a27aeea778392\windows-amd64\native-platform-file-events.dll
0x00007ff97cd00000 - 0x00007ff97cd09000 	C:\Program Files\Android\Android Studio1\jbr\bin\management.dll
0x00007ff97c530000 - 0x00007ff97c53b000 	C:\Program Files\Android\Android Studio1\jbr\bin\management_ext.dll
0x00007ff98f7b0000 - 0x00007ff98f7b8000 	C:\Windows\System32\PSAPI.DLL
0x00007ff98c760000 - 0x00007ff98c778000 	C:\Windows\SYSTEM32\CRYPTSP.dll
0x00007ff98c050000 - 0x00007ff98c085000 	C:\Windows\system32\rsaenh.dll
0x00007ff98c610000 - 0x00007ff98c639000 	C:\Windows\SYSTEM32\USERENV.dll
0x00007ff98c8e0000 - 0x00007ff98c907000 	C:\Windows\SYSTEM32\bcrypt.dll
0x00007ff98c780000 - 0x00007ff98c78c000 	C:\Windows\SYSTEM32\CRYPTBASE.dll
0x00007ff98bc20000 - 0x00007ff98bc4d000 	C:\Windows\SYSTEM32\IPHLPAPI.DLL
0x00007ff98e7e0000 - 0x00007ff98e7e9000 	C:\Windows\System32\NSI.dll
0x00007ff9840d0000 - 0x00007ff9840e9000 	C:\Windows\SYSTEM32\dhcpcsvc6.DLL
0x00007ff987180000 - 0x00007ff98719e000 	C:\Windows\SYSTEM32\dhcpcsvc.DLL
0x00007ff98bca0000 - 0x00007ff98bd88000 	C:\Windows\SYSTEM32\DNSAPI.dll
0x00007ff97b2d0000 - 0x00007ff97b2d8000 	C:\Windows\system32\wshunix.dll
0x00007ff97f690000 - 0x00007ff97f6a7000 	C:\Windows\system32\napinsp.dll
0x00007ff97f670000 - 0x00007ff97f68b000 	C:\Windows\system32\pnrpnsp.dll
0x00007ff97f650000 - 0x00007ff97f662000 	C:\Windows\System32\winrnr.dll
0x00007ff96e290000 - 0x00007ff96e2a5000 	C:\Windows\system32\wshbth.dll
0x00007ff977a30000 - 0x00007ff977a4f000 	C:\Windows\system32\nlansp_c.dll
0x00007ff97ea30000 - 0x00007ff97ea3a000 	C:\Windows\System32\rasadhlp.dll
0x00007ff97ff90000 - 0x00007ff980011000 	C:\Windows\System32\fwpuclnt.dll
0x00007ff98ae40000 - 0x00007ff98ae5e000 	C:\Temp\native-platform10222260361561484784dir\native-platform.dll

dbghelp: loaded successfully - version: 4.0.5 - missing functions: none
symbol engine: initialized successfully - sym options: 0x614 - pdb path: .;C:\Program Files\Android\Android Studio1\jbr\bin;C:\Windows\SYSTEM32;C:\Windows\WinSxS\amd64_microsoft.windows.common-controls_6595b64144ccf1df_6.0.22000.120_none_9d947278b86cc467;C:\Program Files\Android\Android Studio1\jbr\bin\server;C:\Users\ThinkPad T470\.gradle\native\68d5fa5c4cc2d200863cafc0d521ce42e7d3e7ee720ec0a83991735586a16f82\windows-amd64;C:\Users\ThinkPad T470\.gradle\native\e376f236ea51e6404a007f0833ffe2c6e607c4080706a723a18a27aeea778392\windows-amd64;C:\Temp\native-platform10222260361561484784dir

VM Arguments:
jvm_args: --add-opens=java.base/java.util=ALL-UNNAMED --add-opens=java.base/java.lang=ALL-UNNAMED --add-opens=java.base/java.lang.invoke=ALL-UNNAMED --add-opens=java.prefs/java.util.prefs=ALL-UNNAMED --add-opens=java.base/java.nio.charset=ALL-UNNAMED --add-opens=java.base/java.net=ALL-UNNAMED --add-opens=java.base/java.util.concurrent.atomic=ALL-UNNAMED -Xmx2048m -Dfile.encoding=UTF-8 -Duser.country=RU -Duser.language=ru -Duser.variant 
java_command: org.gradle.launcher.daemon.bootstrap.GradleDaemon 8.0
java_class_path (initial): C:\Users\ThinkPad T470\.gradle\wrapper\dists\gradle-8.0-bin\ca5e32bp14vu59qr306oxotwh\gradle-8.0\lib\gradle-launcher-8.0.jar
Launcher Type: SUN_STANDARD

[Global flags]
     intx CICompilerCount                          = 3                                         {product} {ergonomic}
     uint ConcGCThreads                            = 1                                         {product} {ergonomic}
     uint G1ConcRefinementThreads                  = 4                                         {product} {ergonomic}
   size_t G1HeapRegionSize                         = 1048576                                   {product} {ergonomic}
    uintx GCDrainStackTargetSize                   = 64                                        {product} {ergonomic}
   size_t InitialHeapSize                          = 266338304                                 {product} {ergonomic}
   size_t MarkStackSize                            = 4194304                                   {product} {ergonomic}
   size_t MaxHeapSize                              = 2147483648                                {product} {command line}
   size_t MaxNewSize                               = 1287651328                                {product} {ergonomic}
   size_t MinHeapDeltaBytes                        = 1048576                                   {product} {ergonomic}
   size_t MinHeapSize                              = 8388608                                   {product} {ergonomic}
    uintx NonNMethodCodeHeapSize                   = 5832780                                {pd product} {ergonomic}
    uintx NonProfiledCodeHeapSize                  = 122912730                              {pd product} {ergonomic}
    uintx ProfiledCodeHeapSize                     = 122912730                              {pd product} {ergonomic}
    uintx ReservedCodeCacheSize                    = 251658240                              {pd product} {ergonomic}
     bool SegmentedCodeCache                       = true                                      {product} {ergonomic}
   size_t SoftMaxHeapSize                          = 2147483648                             {manageable} {ergonomic}
     bool UseCompressedClassPointers               = true                           {product lp64_product} {ergonomic}
     bool UseCompressedOops                        = true                           {product lp64_product} {ergonomic}
     bool UseG1GC                                  = true                                      {product} {ergonomic}
     bool UseLargePagesIndividualAllocation        = false                                  {pd product} {ergonomic}

Logging:
Log output configuration:
 #0: stdout all=warning uptime,level,tags
 #1: stderr all=off uptime,level,tags

Environment Variables:
PATH=C:\Windows\system32;C:\Windows;C:\Windows\System32\Wbem;C:\Windows\System32\WindowsPowerShell\v1.0\;C:\Program Files (x86)\dotnet\;C:\Program Files\Git\cmd;c:\Program Files (x86)\Intel\Intel(R) Management Engine Components\DAL;c:\Program Files\Intel\Intel(R) Management Engine Components\DAL;C:\Users\ThinkPad T470\AppData\Local\Microsoft\WindowsApps;
USERNAME=ThinkPad T470
OS=Windows_NT
PROCESSOR_IDENTIFIER=Intel64 Family 6 Model 78 Stepping 3, GenuineIntel
TMP=C:\Temp
TEMP=C:\Temp



---------------  S Y S T E M  ---------------

OS:
 Windows 11 , 64 bit Build 22000 (10.0.22000.675)
OS uptime: 18 days 13:01 hours

CPU: total 4 (initial active 4) (2 cores per cpu, 2 threads per core) family 6 model 78 stepping 3 microcode 0xec, cx8, cmov, fxsr, ht, mmx, 3dnowpref, sse, sse2, sse3, ssse3, sse4.1, sse4.2, popcnt, lzcnt, tsc, tscinvbit, avx, avx2, aes, erms, clmul, bmi1, bmi2, rtm, adx, fma, vzeroupper, clflush, clflushopt

Memory: 4k page, system-wide physical 16223M (2700M free)
TotalPageFile size 16239M (AvailPageFile size 54M)
current process WorkingSet (physical memory assigned to process): 540M, peak: 541M
current process commit charge ("private bytes"): 594M, peak: 910M

vm_info: OpenJDK 64-Bit Server VM (17.0.6+0-b2043.56-9586694) for windows-amd64 JRE (17.0.6+0-b2043.56-9586694), built on Feb  9 2023 20:06:20 by "androidbuild" with MS VC++ 16.10 / 16.11 (VS2019)

END.
