#
# There is insufficient memory for the Java Runtime Environment to continue.
# Native memory allocation (mmap) failed to map 266338304 bytes for G1 virtual space
# Possible reasons:
#   The system is out of physical RAM or swap space
#   The process is running with CompressedOops enabled, and the Java Heap may be blocking the growth of the native heap
# Possible solutions:
#   Reduce memory load on the system
#   Increase physical memory or swap space
#   Check if swap backing store is full
#   Decrease Java heap size (-Xmx/-Xms)
#   Decrease number of Java threads
#   Decrease Java thread stack sizes (-Xss)
#   Set larger code cache with -XX:ReservedCodeCacheSize=
#   JVM is running with Zero Based Compressed Oops mode in which the Java heap is
#     placed in the first 32GB address space. The Java Heap base address is the
#     maximum limit for the native heap growth. Please use -XX:HeapBaseMinAddress
#     to set the Java Heap base and to place the Java Heap above 32GB virtual address.
# This output file may be truncated or incomplete.
#
#  Out of Memory Error (os_windows.cpp:3769), pid=9084, tid=15916
#
# JRE version:  (17.0.6) (build )
# Java VM: OpenJDK 64-Bit Server VM (17.0.6+0-b2043.56-9586694, mixed mode, sharing, tiered, compressed oops, compressed class ptrs, g1 gc, windows-amd64)
# No core dump will be written. Minidumps are not enabled by default on client versions of Windows
#

---------------  S U M M A R Y ------------

Command Line: org.jetbrains.kotlin.cli.jvm.K2JVMCompiler @D:\numbersGame\app\build\20231210_53322850204900908.compiler.options

Host: Intel(R) Core(TM) i5-6300U CPU @ 2.40GHz, 4 cores, 15G,  Windows 11 , 64 bit Build 22000 (10.0.22000.675)
Time: Sun Dec 10 11:28:31 2023 RTZ 2 (s 11 , 64 bit Build 22000 (10.0.22000.675) elapsed time: 0.015122 seconds (0d 0h 0m 0s)

---------------  T H R E A D  ---------------

Current thread (0x0000020c6f4a9cc0):  JavaThread "Unknown thread" [_thread_in_vm, id=15916, stack(0x0000006e1f200000,0x0000006e1f300000)]

Stack: [0x0000006e1f200000,0x0000006e1f300000]
Native frames: (J=compiled Java code, j=interpreted, Vv=VM code, C=native code)
V  [jvm.dll+0x683b4a]
V  [jvm.dll+0x842654]
V  [jvm.dll+0x843dfe]
V  [jvm.dll+0x844463]
V  [jvm.dll+0x249b75]
V  [jvm.dll+0x680a19]
V  [jvm.dll+0x674f0a]
V  [jvm.dll+0x309acb]
V  [jvm.dll+0x310f86]
V  [jvm.dll+0x3608ee]
V  [jvm.dll+0x360b1f]
V  [jvm.dll+0x2dfbf8]
V  [jvm.dll+0x2e0b64]
V  [jvm.dll+0x813f41]
V  [jvm.dll+0x36e6a1]
V  [jvm.dll+0x7f347c]
V  [jvm.dll+0x3f0e8f]
V  [jvm.dll+0x3f29d1]
C  [jli.dll+0x526b]
C  [ucrtbase.dll+0x26c0c]
C  [KERNEL32.DLL+0x154e0]
C  [ntdll.dll+0x485b]


---------------  P R O C E S S  ---------------

Threads class SMR info:
_java_thread_list=0x00007ff947e1c058, length=0, elements={
}

Java Threads: ( => current thread )

Other Threads:
  0x0000020c6f518170 GCTaskThread "GC Thread#0" [stack: 0x0000006e1f300000,0x0000006e1f400000] [id=7508]
  0x0000020c6f4c5ee0 ConcurrentGCThread "G1 Main Marker" [stack: 0x0000006e1f400000,0x0000006e1f500000] [id=2064]
  0x0000020c6f529d10 ConcurrentGCThread "G1 Conc#0" [stack: 0x0000006e1f500000,0x0000006e1f600000] [id=11008]

[error occurred during error reporting (printing all threads), id 0xc0000005, EXCEPTION_ACCESS_VIOLATION (0xc0000005) at pc=0x00007ff9475d0797]

VM state: not at safepoint (not fully initialized)

VM Mutex/Monitor currently owned by a thread:  ([mutex/lock_event])
[0x0000020c6f4a5f00] Heap_lock - owner thread: 0x0000020c6f4a9cc0

Heap address: 0x0000000702800000, size: 4056 MB, Compressed Oops mode: Zero based, Oop shift amount: 3

CDS archive(s) mapped at: [0x0000000000000000-0x0000000000000000-0x0000000000000000), size 0, SharedBaseAddress: 0x0000000800000000, ArchiveRelocationMode: 0.
Narrow klass base: 0x0000000000000000, Narrow klass shift: 0, Narrow klass range: 0x0

GC Precious Log:
<Empty>

Heap:
 garbage-first heap   total 0K, used 0K [0x0000000702800000, 0x0000000800000000)
  region size 2048K, 0 young (0K), 0 survivors (0K)

[error occurred during error reporting (printing heap information), id 0xc0000005, EXCEPTION_ACCESS_VIOLATION (0xc0000005) at pc=0x00007ff9479bd939]

GC Heap History (0 events):
No events

Dll operation events (1 events):
Event: 0.008 Loaded shared library C:\Program Files\Android\Android Studio1\jbr\bin\java.dll

Deoptimization events (0 events):
No events

Classes unloaded (0 events):
No events

Classes redefined (0 events):
No events

Internal exceptions (0 events):
No events

VM Operations (0 events):
No events

Events (0 events):
No events


Dynamic libraries:
0x00007ff719b20000 - 0x00007ff719b2a000 	C:\Program Files\Android\Android Studio1\jbr\bin\java.exe
0x00007ff98fa40000 - 0x00007ff98fc49000 	C:\Windows\SYSTEM32\ntdll.dll
0x00007ff98e820000 - 0x00007ff98e8dd000 	C:\Windows\System32\KERNEL32.DLL
0x00007ff98d230000 - 0x00007ff98d5a9000 	C:\Windows\System32\KERNELBASE.dll
0x00007ff98d110000 - 0x00007ff98d221000 	C:\Windows\System32\ucrtbase.dll
0x00007ff98ac70000 - 0x00007ff98ac8b000 	C:\Program Files\Android\Android Studio1\jbr\bin\VCRUNTIME140.dll
0x00007ff98ae80000 - 0x00007ff98ae97000 	C:\Program Files\Android\Android Studio1\jbr\bin\jli.dll
0x00007ff98e580000 - 0x00007ff98e72c000 	C:\Windows\System32\USER32.dll
0x00007ff98cf70000 - 0x00007ff98cf96000 	C:\Windows\System32\win32u.dll
0x00007ff976e30000 - 0x00007ff9770d5000 	C:\Windows\WinSxS\amd64_microsoft.windows.common-controls_6595b64144ccf1df_6.0.22000.120_none_9d947278b86cc467\COMCTL32.dll
0x00007ff98e730000 - 0x00007ff98e7d3000 	C:\Windows\System32\msvcrt.dll
0x00007ff98e7f0000 - 0x00007ff98e819000 	C:\Windows\System32\GDI32.dll
0x00007ff98d5b0000 - 0x00007ff98d6c2000 	C:\Windows\System32\gdi32full.dll
0x00007ff98d750000 - 0x00007ff98d7ed000 	C:\Windows\System32\msvcp_win.dll
0x00007ff98e540000 - 0x00007ff98e571000 	C:\Windows\System32\IMM32.DLL
0x00007ff98ade0000 - 0x00007ff98adec000 	C:\Program Files\Android\Android Studio1\jbr\bin\vcruntime140_1.dll
0x00007ff9675e0000 - 0x00007ff96766d000 	C:\Program Files\Android\Android Studio1\jbr\bin\msvcp140.dll
0x00007ff9472e0000 - 0x00007ff947f4d000 	C:\Program Files\Android\Android Studio1\jbr\bin\server\jvm.dll
0x00007ff98f920000 - 0x00007ff98f9ce000 	C:\Windows\System32\ADVAPI32.dll
0x00007ff98db50000 - 0x00007ff98dbee000 	C:\Windows\System32\sechost.dll
0x00007ff98e940000 - 0x00007ff98ea60000 	C:\Windows\System32\RPCRT4.dll
0x00007ff9754c0000 - 0x00007ff9754c9000 	C:\Windows\SYSTEM32\WSOCK32.dll
0x00007ff9871d0000 - 0x00007ff987203000 	C:\Windows\SYSTEM32\WINMM.dll
0x00007ff98f7c0000 - 0x00007ff98f82f000 	C:\Windows\System32\WS2_32.dll
0x00007ff9840f0000 - 0x00007ff9840fa000 	C:\Windows\SYSTEM32\VERSION.dll
0x00007ff98c0f0000 - 0x00007ff98c108000 	C:\Windows\SYSTEM32\kernel.appcore.dll
0x00007ff984120000 - 0x00007ff98412a000 	C:\Program Files\Android\Android Studio1\jbr\bin\jimage.dll
0x00007ff957690000 - 0x00007ff9578b1000 	C:\Windows\SYSTEM32\DBGHELP.DLL
0x00007ff97f750000 - 0x00007ff97f781000 	C:\Windows\SYSTEM32\dbgcore.DLL
0x00007ff98d6d0000 - 0x00007ff98d74f000 	C:\Windows\System32\bcryptPrimitives.dll
0x00007ff97d1e0000 - 0x00007ff97d205000 	C:\Program Files\Android\Android Studio1\jbr\bin\java.dll

dbghelp: loaded successfully - version: 4.0.5 - missing functions: none
symbol engine: initialized successfully - sym options: 0x614 - pdb path: .;C:\Program Files\Android\Android Studio1\jbr\bin;C:\Windows\SYSTEM32;C:\Windows\WinSxS\amd64_microsoft.windows.common-controls_6595b64144ccf1df_6.0.22000.120_none_9d947278b86cc467;C:\Program Files\Android\Android Studio1\jbr\bin\server

VM Arguments:
java_command: org.jetbrains.kotlin.cli.jvm.K2JVMCompiler @D:\numbersGame\app\build\20231210_53322850204900908.compiler.options
java_class_path (initial): C:\Users\ThinkPad T470\.gradle\caches\modules-2\files-2.1\org.jetbrains.kotlin\kotlin-compiler-embeddable\1.8.20\78d9baa57f65babf9e0a93e51f62f26f5f35ac3e\kotlin-compiler-embeddable-1.8.20.jar;C:\Users\ThinkPad T470\.gradle\caches\modules-2\files-2.1\org.jetbrains.kotlin\kotlin-stdlib\1.8.20\e72fc5e03ec6c064c678a6bd0d955c88d55b0c4a\kotlin-stdlib-1.8.20.jar;C:\Users\ThinkPad T470\.gradle\caches\modules-2\files-2.1\org.jetbrains.kotlin\kotlin-script-runtime\1.8.20\c850771e723701f9d63dbcf641429c0f29290074\kotlin-script-runtime-1.8.20.jar;C:\Users\ThinkPad T470\.gradle\caches\modules-2\files-2.1\org.jetbrains.kotlin\kotlin-reflect\1.6.10\1cbe9c92c12a94eea200d23c2bbaedaf3daf5132\kotlin-reflect-1.6.10.jar;C:\Users\ThinkPad T470\.gradle\caches\modules-2\files-2.1\org.jetbrains.kotlin\kotlin-daemon-embeddable\1.8.20\c1b808fbe5fee60bd0504a54778120ef40f383d4\kotlin-daemon-embeddable-1.8.20.jar;C:\Users\ThinkPad T470\.gradle\caches\modules-2\files-2.1\org.jetbrains.intellij.deps\trove4j\1.0.20200330\3afb14d5f9ceb459d724e907a21145e8ff394f02\trove4j-1.0.20200330.jar;C:\Users\ThinkPad T470\.gradle\caches\modules-2\files-2.1\net.java.dev.jna\jna\5.6.0\330f2244e9030119ab3030fc3fededc86713d9cc\jna-5.6.0.jar;C:\Users\ThinkPad T470\.gradle\caches\modules-2\files-2.1\org.jetbrains.kotlin\kotlin-stdlib-common\1.8.20\5eddaaf234c8c49d03eebeb6a14feb7f90faca71\kotlin-stdlib-common-1.8.20.jar;C:\Users\ThinkPad T470\.gradle\caches\modules-2\files-2.1\org.jetbrains\annotations\13.0\919f0dfe192fb4e063e7dacadee7f8bb9a2672a9\annotations-13.0.jar
Launcher Type: SUN_STANDARD

[Global flags]
     intx CICompilerCount                          = 3                                         {product} {ergonomic}
     uint ConcGCThreads                            = 1                                         {product} {ergonomic}
     uint G1ConcRefinementThreads                  = 4                                         {product} {ergonomic}
   size_t G1HeapRegionSize                         = 2097152                                   {product} {ergonomic}
    uintx GCDrainStackTargetSize                   = 64                                        {product} {ergonomic}
   size_t InitialHeapSize                          = 266338304                                 {product} {ergonomic}
   size_t MarkStackSize                            = 4194304                                   {product} {ergonomic}
   size_t MaxHeapSize                              = 4253024256                                {product} {ergonomic}
   size_t MinHeapDeltaBytes                        = 2097152                                   {product} {ergonomic}
   size_t MinHeapSize                              = 8388608                                   {product} {ergonomic}
    uintx NonNMethodCodeHeapSize                   = 5832780                                {pd product} {ergonomic}
    uintx NonProfiledCodeHeapSize                  = 122912730                              {pd product} {ergonomic}
    uintx ProfiledCodeHeapSize                     = 122912730                              {pd product} {ergonomic}
    uintx ReservedCodeCacheSize                    = 251658240                              {pd product} {ergonomic}
     bool SegmentedCodeCache                       = true                                      {product} {ergonomic}
   size_t SoftMaxHeapSize                          = 4253024256                             {manageable} {ergonomic}
     bool UseCompressedClassPointers               = true                           {product lp64_product} {ergonomic}
     bool UseCompressedOops                        = true                           {product lp64_product} {ergonomic}
     bool UseG1GC                                  = true                                      {product} {ergonomic}
     bool UseLargePagesIndividualAllocation        = false                                  {pd product} {ergonomic}

Logging:
Log output configuration:
 #0: stdout all=warning uptime,level,tags
 #1: stderr all=off uptime,level,tags

Environment Variables:
PATH=C:\Windows\system32;C:\Windows;C:\Windows\System32\Wbem;C:\Windows\System32\WindowsPowerShell\v1.0\;C:\Program Files (x86)\dotnet\;C:\Program Files\Git\cmd;c:\Program Files (x86)\Intel\Intel(R) Management Engine Components\DAL;c:\Program Files\Intel\Intel(R) Management Engine Components\DAL;C:\Users\ThinkPad T470\AppData\Local\Microsoft\WindowsApps;
USERNAME=ThinkPad T470
OS=Windows_NT
PROCESSOR_IDENTIFIER=Intel64 Family 6 Model 78 Stepping 3, GenuineIntel
TMP=C:\Temp
TEMP=C:\Temp



---------------  S Y S T E M  ---------------

OS:
 Windows 11 , 64 bit Build 22000 (10.0.22000.675)
OS uptime: 18 days 12:55 hours

CPU: total 4 (initial active 4) (2 cores per cpu, 2 threads per core) family 6 model 78 stepping 3 microcode 0xec, cx8, cmov, fxsr, ht, mmx, 3dnowpref, sse, sse2, sse3, ssse3, sse4.1, sse4.2, popcnt, lzcnt, tsc, tscinvbit, avx, avx2, aes, erms, clmul, bmi1, bmi2, rtm, adx, fma, vzeroupper, clflush, clflushopt

Memory: 4k page, system-wide physical 16223M (2458M free)
TotalPageFile size 16239M (AvailPageFile size 123M)
current process WorkingSet (physical memory assigned to process): 10M, peak: 10M
current process commit charge ("private bytes"): 52M, peak: 306M

vm_info: OpenJDK 64-Bit Server VM (17.0.6+0-b2043.56-9586694) for windows-amd64 JRE (17.0.6+0-b2043.56-9586694), built on Feb  9 2023 20:06:20 by "androidbuild" with MS VC++ 16.10 / 16.11 (VS2019)

END.
