#
# There is insufficient memory for the Java Runtime Environment to continue.
# Native memory allocation (mmap) failed to map 211812352 bytes for G1 virtual space
# Possible reasons:
#   The system is out of physical RAM or swap space
#   The process is running with CompressedOops enabled, and the Java Heap may be blocking the growth of the native heap
# Possible solutions:
#   Reduce memory load on the system
#   Increase physical memory or swap space
#   Check if swap backing store is full
#   Decrease Java heap size (-Xmx/-Xms)
#   Decrease number of Java threads
#   Decrease Java thread stack sizes (-Xss)
#   Set larger code cache with -XX:ReservedCodeCacheSize=
#   JVM is running with Unscaled Compressed Oops mode in which the Java heap is
#     placed in the first 4GB address space. The Java Heap base address is the
#     maximum limit for the native heap growth. Please use -XX:HeapBaseMinAddress
#     to set the Java Heap base and to place the Java Heap above 4GB virtual address.
# This output file may be truncated or incomplete.
#
#  Out of Memory Error (os_windows.cpp:3769), pid=12144, tid=7472
#
# JRE version: OpenJDK Runtime Environment (17.0.6) (build 17.0.6+0-b2043.56-9586694)
# Java VM: OpenJDK 64-Bit Server VM (17.0.6+0-b2043.56-9586694, mixed mode, tiered, compressed oops, compressed class ptrs, g1 gc, windows-amd64)
# No core dump will be written. Minidumps are not enabled by default on client versions of Windows
#

---------------  S U M M A R Y ------------

Command Line: --add-opens=java.base/java.util=ALL-UNNAMED --add-opens=java.base/java.lang=ALL-UNNAMED --add-opens=java.base/java.lang.invoke=ALL-UNNAMED --add-opens=java.prefs/java.util.prefs=ALL-UNNAMED --add-opens=java.base/java.nio.charset=ALL-UNNAMED --add-opens=java.base/java.net=ALL-UNNAMED --add-opens=java.base/java.util.concurrent.atomic=ALL-UNNAMED -Xmx2048m -Dfile.encoding=UTF-8 -Duser.country=RU -Duser.language=ru -Duser.variant org.gradle.launcher.daemon.bootstrap.GradleDaemon 8.0

Host: Intel(R) Core(TM) i5-6300U CPU @ 2.40GHz, 4 cores, 15G,  Windows 11 , 64 bit Build 22000 (10.0.22000.675)
Time: Sun Dec 10 11:32:23 2023 RTZ 2 (s 11 , 64 bit Build 22000 (10.0.22000.675) elapsed time: 18.981519 seconds (0d 0h 0m 18s)

---------------  T H R E A D  ---------------

Current thread (0x0000024ec6d85300):  VMThread "VM Thread" [stack: 0x00000071ddb00000,0x00000071ddc00000] [id=7472]

Stack: [0x00000071ddb00000,0x00000071ddc00000]
Native frames: (J=compiled Java code, j=interpreted, Vv=VM code, C=native code)
V  [jvm.dll+0x683b4a]
V  [jvm.dll+0x842654]
V  [jvm.dll+0x843dfe]
V  [jvm.dll+0x844463]
V  [jvm.dll+0x249b75]
V  [jvm.dll+0x680a19]
V  [jvm.dll+0x674f0a]
V  [jvm.dll+0x309acb]
V  [jvm.dll+0x310f86]
V  [jvm.dll+0x3608ee]
V  [jvm.dll+0x360b1f]
V  [jvm.dll+0x2dfbf8]
V  [jvm.dll+0x2ddec4]
V  [jvm.dll+0x2dd4cc]
V  [jvm.dll+0x321f3b]
V  [jvm.dll+0x84893b]
V  [jvm.dll+0x849674]
V  [jvm.dll+0x849b8d]
V  [jvm.dll+0x849f64]
V  [jvm.dll+0x84a030]
V  [jvm.dll+0x7f25fa]
V  [jvm.dll+0x682985]
C  [ucrtbase.dll+0x26c0c]
C  [KERNEL32.DLL+0x154e0]
C  [ntdll.dll+0x485b]

VM_Operation (0x00000071e42fed40): G1CollectForAllocation, mode: safepoint, requested by thread 0x0000024ed204ad20


---------------  P R O C E S S  ---------------

Threads class SMR info:
_java_thread_list=0x0000024ecd7285d0, length=98, elements={
0x0000024ead78af70, 0x0000024ec7820760, 0x0000024ec78214e0, 0x0000024ec6d87120,
0x0000024ec6d87ad0, 0x0000024ec78935f0, 0x0000024ec7894ff0, 0x0000024ec7874990,
0x0000024ec787d2c0, 0x0000024ec787f7e0, 0x0000024ec7896cd0, 0x0000024ec7895e60,
0x0000024ec7ab1710, 0x0000024ec78971a0, 0x0000024ec78954c0, 0x0000024ec7897b40,
0x0000024ec7898010, 0x0000024ec78984e0, 0x0000024ec7894b20, 0x0000024ec7895990,
0x0000024ec7896330, 0x0000024ec7896800, 0x0000024ec9c56f10, 0x0000024ec9c526e0,
0x0000024ec9c50a00, 0x0000024ec9c53550, 0x0000024ec9c50ed0, 0x0000024ec9c54890,
0x0000024ec9c53a20, 0x0000024ec9c53ef0, 0x0000024ec9c573e0, 0x0000024ec9c50060,
0x0000024ec9c55bd0, 0x0000024ec9c560a0, 0x0000024ec9c513a0, 0x0000024ec9c543c0,
0x0000024ec9c56570, 0x0000024ec9c578b0, 0x0000024ec9c53080, 0x0000024ec9c56a40,
0x0000024ec9c55230, 0x0000024ec9c50530, 0x0000024ec9c55700, 0x0000024eca8703f0,
0x0000024eca86ff20, 0x0000024eca872a70, 0x0000024eca876430, 0x0000024eca8755c0,
0x0000024eca8720d0, 0x0000024eca871c00, 0x0000024eca86fa50, 0x0000024eca873410,
0x0000024eca876900, 0x0000024eca873db0, 0x0000024eca874280, 0x0000024eca8708c0,
0x0000024eca870d90, 0x0000024eca8725a0, 0x0000024eca871260, 0x0000024eca874c20,
0x0000024eca875a90, 0x0000024eca872f40, 0x0000024eca874750, 0x0000024eca871730,
0x0000024eca875f60, 0x0000024eca8750f0, 0x0000024eca876dd0, 0x0000024eca86f580,
0x0000024eca8738e0, 0x0000024ec93c1760, 0x0000024ec93c6460, 0x0000024ec93c1c30,
0x0000024ec93c1290, 0x0000024ec93c6e00, 0x0000024ec93c3440, 0x0000024ec93bff50,
0x0000024ec93c77a0, 0x0000024ec93c3910, 0x0000024ec93c3de0, 0x0000024ec93c0420,
0x0000024ec93c4780, 0x0000024ec93c0dc0, 0x0000024ec93c5ac0, 0x0000024ec7897670,
0x0000024ed20486a0, 0x0000024ed2049040, 0x0000024ed2049eb0, 0x0000024ed20464f0,
0x0000024ed2044810, 0x0000024ed2048b70, 0x0000024ed2044ce0, 0x0000024ed20451b0,
0x0000024ed20439a0, 0x0000024ed2046020, 0x0000024ed2047d00, 0x0000024ed2049510,
0x0000024ed20499e0, 0x0000024ed204ad20
}

Java Threads: ( => current thread )
  0x0000024ead78af70 JavaThread "main" [_thread_blocked, id=19148, stack(0x00000071dd500000,0x00000071dd600000)]
  0x0000024ec7820760 JavaThread "Reference Handler" daemon [_thread_blocked, id=17580, stack(0x00000071ddc00000,0x00000071ddd00000)]
  0x0000024ec78214e0 JavaThread "Finalizer" daemon [_thread_blocked, id=2948, stack(0x00000071ddd00000,0x00000071dde00000)]
  0x0000024ec6d87120 JavaThread "Signal Dispatcher" daemon [_thread_blocked, id=13492, stack(0x00000071dde00000,0x00000071ddf00000)]
  0x0000024ec6d87ad0 JavaThread "Attach Listener" daemon [_thread_blocked, id=14728, stack(0x00000071ddf00000,0x00000071de000000)]
  0x0000024ec78935f0 JavaThread "Service Thread" daemon [_thread_blocked, id=18848, stack(0x00000071de000000,0x00000071de100000)]
  0x0000024ec7894ff0 JavaThread "Monitor Deflation Thread" daemon [_thread_blocked, id=14172, stack(0x00000071de100000,0x00000071de200000)]
  0x0000024ec7874990 JavaThread "C2 CompilerThread0" daemon [_thread_in_native, id=13232, stack(0x00000071de200000,0x00000071de300000)]
  0x0000024ec787d2c0 JavaThread "C1 CompilerThread0" daemon [_thread_blocked, id=16576, stack(0x00000071de300000,0x00000071de400000)]
  0x0000024ec787f7e0 JavaThread "Sweeper thread" daemon [_thread_blocked, id=7176, stack(0x00000071de400000,0x00000071de500000)]
  0x0000024ec7896cd0 JavaThread "Common-Cleaner" daemon [_thread_blocked, id=11280, stack(0x00000071de500000,0x00000071de600000)]
  0x0000024ec7895e60 JavaThread "Notification Thread" daemon [_thread_blocked, id=18632, stack(0x00000071de600000,0x00000071de700000)]
  0x0000024ec7ab1710 JavaThread "C2 CompilerThread1" daemon [_thread_in_native, id=15196, stack(0x00000071de800000,0x00000071de900000)]
  0x0000024ec78971a0 JavaThread "Daemon health stats" [_thread_blocked, id=520, stack(0x00000071dec00000,0x00000071ded00000)]
  0x0000024ec78954c0 JavaThread "Incoming local TCP Connector on port 60028" [_thread_in_native, id=15144, stack(0x00000071ded00000,0x00000071dee00000)]
  0x0000024ec7897b40 JavaThread "Daemon periodic checks" [_thread_blocked, id=14652, stack(0x00000071dee00000,0x00000071def00000)]
  0x0000024ec7898010 JavaThread "Daemon" [_thread_blocked, id=13484, stack(0x00000071def00000,0x00000071df000000)]
  0x0000024ec78984e0 JavaThread "Handler for socket connection from /127.0.0.1:60028 to /127.0.0.1:60030" [_thread_in_native, id=18048, stack(0x00000071df000000,0x00000071df100000)]
  0x0000024ec7894b20 JavaThread "Cancel handler" [_thread_blocked, id=13412, stack(0x00000071df100000,0x00000071df200000)]
  0x0000024ec7895990 JavaThread "Daemon worker" [_thread_blocked, id=18964, stack(0x00000071df200000,0x00000071df300000)]
  0x0000024ec7896330 JavaThread "Asynchronous log dispatcher for DefaultDaemonConnection: socket connection from /127.0.0.1:60028 to /127.0.0.1:60030" [_thread_blocked, id=13328, stack(0x00000071df300000,0x00000071df400000)]
  0x0000024ec7896800 JavaThread "Stdin handler" [_thread_blocked, id=9848, stack(0x00000071df400000,0x00000071df500000)]
  0x0000024ec9c56f10 JavaThread "Daemon client event forwarder" [_thread_blocked, id=16680, stack(0x00000071df500000,0x00000071df600000)]
  0x0000024ec9c526e0 JavaThread "Cache worker for journal cache (C:\Users\ThinkPad T470\.gradle\caches\journal-1)" [_thread_blocked, id=9384, stack(0x00000071df600000,0x00000071df700000)]
  0x0000024ec9c50a00 JavaThread "File lock request listener" [_thread_in_native, id=12236, stack(0x00000071df700000,0x00000071df800000)]
  0x0000024ec9c53550 JavaThread "Cache worker for file hash cache (C:\Users\ThinkPad T470\.gradle\caches\8.0\fileHashes)" [_thread_blocked, id=18980, stack(0x00000071df800000,0x00000071df900000)]
  0x0000024ec9c50ed0 JavaThread "File watcher server" daemon [_thread_blocked, id=18260, stack(0x00000071df900000,0x00000071dfa00000)]
  0x0000024ec9c54890 JavaThread "File watcher consumer" daemon [_thread_blocked, id=15060, stack(0x00000071dfa00000,0x00000071dfb00000)]
  0x0000024ec9c53a20 JavaThread "Cache worker for checksums cache (D:\numbersGame\.gradle\8.0\checksums)" [_thread_blocked, id=17628, stack(0x00000071dfb00000,0x00000071dfc00000)]
  0x0000024ec9c53ef0 JavaThread "Cache worker for cache directory md-rule (C:\Users\ThinkPad T470\.gradle\caches\8.0\md-rule)" [_thread_blocked, id=17320, stack(0x00000071dfc00000,0x00000071dfd00000)]
  0x0000024ec9c573e0 JavaThread "Cache worker for file content cache (C:\Users\ThinkPad T470\.gradle\caches\8.0\fileContent)" [_thread_blocked, id=15244, stack(0x00000071dfd00000,0x00000071dfe00000)]
  0x0000024ec9c50060 JavaThread "Cache worker for file hash cache (D:\numbersGame\.gradle\8.0\fileHashes)" [_thread_blocked, id=6400, stack(0x00000071dfe00000,0x00000071dff00000)]
  0x0000024ec9c55bd0 JavaThread "Cache worker for cache directory md-supplier (C:\Users\ThinkPad T470\.gradle\caches\8.0\md-supplier)" [_thread_blocked, id=12024, stack(0x00000071dff00000,0x00000071e0000000)]
  0x0000024ec9c560a0 JavaThread "Cache worker for execution history cache (C:\Users\ThinkPad T470\.gradle\caches\8.0\executionHistory)" [_thread_blocked, id=9796, stack(0x00000071e0000000,0x00000071e0100000)]
  0x0000024ec9c513a0 JavaThread "jar transforms" [_thread_blocked, id=7372, stack(0x00000071e0100000,0x00000071e0200000)]
  0x0000024ec9c543c0 JavaThread "jar transforms Thread 2" [_thread_blocked, id=18224, stack(0x00000071e0200000,0x00000071e0300000)]
  0x0000024ec9c56570 JavaThread "jar transforms Thread 3" [_thread_blocked, id=18180, stack(0x00000071e0300000,0x00000071e0400000)]
  0x0000024ec9c578b0 JavaThread "jar transforms Thread 4" [_thread_blocked, id=17828, stack(0x00000071e0400000,0x00000071e0500000)]
  0x0000024ec9c53080 JavaThread "Cache worker for dependencies-accessors (D:\numbersGame\.gradle\8.0\dependencies-accessors)" [_thread_blocked, id=17824, stack(0x00000071e0500000,0x00000071e0600000)]
  0x0000024ec9c56a40 JavaThread "Cache worker for Build Output Cleanup Cache (D:\numbersGame\.gradle\buildOutputCleanup)" [_thread_blocked, id=11564, stack(0x00000071e0600000,0x00000071e0700000)]
  0x0000024ec9c55230 JavaThread "Unconstrained build operations" [_thread_blocked, id=9648, stack(0x00000071e0700000,0x00000071e0800000)]
  0x0000024ec9c50530 JavaThread "Unconstrained build operations Thread 2" [_thread_blocked, id=3812, stack(0x00000071e0800000,0x00000071e0900000)]
  0x0000024ec9c55700 JavaThread "Unconstrained build operations Thread 3" [_thread_blocked, id=8808, stack(0x00000071e0900000,0x00000071e0a00000)]
  0x0000024eca8703f0 JavaThread "Unconstrained build operations Thread 4" [_thread_blocked, id=2712, stack(0x00000071e0a00000,0x00000071e0b00000)]
  0x0000024eca86ff20 JavaThread "Unconstrained build operations Thread 5" [_thread_blocked, id=3776, stack(0x00000071e0b00000,0x00000071e0c00000)]
  0x0000024eca872a70 JavaThread "Unconstrained build operations Thread 6" [_thread_blocked, id=16068, stack(0x00000071e0c00000,0x00000071e0d00000)]
  0x0000024eca876430 JavaThread "Unconstrained build operations Thread 7" [_thread_blocked, id=6956, stack(0x00000071e0d00000,0x00000071e0e00000)]
  0x0000024eca8755c0 JavaThread "Unconstrained build operations Thread 8" [_thread_blocked, id=8236, stack(0x00000071e0e00000,0x00000071e0f00000)]
  0x0000024eca8720d0 JavaThread "Unconstrained build operations Thread 9" [_thread_blocked, id=15700, stack(0x00000071e0f00000,0x00000071e1000000)]
  0x0000024eca871c00 JavaThread "Unconstrained build operations Thread 10" [_thread_blocked, id=14448, stack(0x00000071e1000000,0x00000071e1100000)]
  0x0000024eca86fa50 JavaThread "Unconstrained build operations Thread 11" [_thread_blocked, id=11800, stack(0x00000071e1100000,0x00000071e1200000)]
  0x0000024eca873410 JavaThread "Unconstrained build operations Thread 12" [_thread_blocked, id=18216, stack(0x00000071e1200000,0x00000071e1300000)]
  0x0000024eca876900 JavaThread "Unconstrained build operations Thread 13" [_thread_blocked, id=17972, stack(0x00000071e1300000,0x00000071e1400000)]
  0x0000024eca873db0 JavaThread "Unconstrained build operations Thread 14" [_thread_blocked, id=19428, stack(0x00000071e1400000,0x00000071e1500000)]
  0x0000024eca874280 JavaThread "Unconstrained build operations Thread 15" [_thread_blocked, id=17104, stack(0x00000071e1500000,0x00000071e1600000)]
  0x0000024eca8708c0 JavaThread "Unconstrained build operations Thread 16" [_thread_blocked, id=18468, stack(0x00000071e1600000,0x00000071e1700000)]
  0x0000024eca870d90 JavaThread "Unconstrained build operations Thread 17" [_thread_blocked, id=16124, stack(0x00000071e1700000,0x00000071e1800000)]
  0x0000024eca8725a0 JavaThread "Unconstrained build operations Thread 18" [_thread_blocked, id=18616, stack(0x00000071e1800000,0x00000071e1900000)]
  0x0000024eca871260 JavaThread "Unconstrained build operations Thread 19" [_thread_blocked, id=6780, stack(0x00000071e1900000,0x00000071e1a00000)]
  0x0000024eca874c20 JavaThread "Unconstrained build operations Thread 20" [_thread_blocked, id=448, stack(0x00000071e1a00000,0x00000071e1b00000)]
  0x0000024eca875a90 JavaThread "Unconstrained build operations Thread 21" [_thread_blocked, id=5784, stack(0x00000071e1b00000,0x00000071e1c00000)]
  0x0000024eca872f40 JavaThread "Unconstrained build operations Thread 22" [_thread_blocked, id=15732, stack(0x00000071e1c00000,0x00000071e1d00000)]
  0x0000024eca874750 JavaThread "Unconstrained build operations Thread 23" [_thread_blocked, id=13404, stack(0x00000071e1d00000,0x00000071e1e00000)]
  0x0000024eca871730 JavaThread "Unconstrained build operations Thread 24" [_thread_blocked, id=18332, stack(0x00000071e1e00000,0x00000071e1f00000)]
  0x0000024eca875f60 JavaThread "Unconstrained build operations Thread 25" [_thread_blocked, id=17004, stack(0x00000071e1f00000,0x00000071e2000000)]
  0x0000024eca8750f0 JavaThread "Unconstrained build operations Thread 26" [_thread_blocked, id=14236, stack(0x00000071e2000000,0x00000071e2100000)]
  0x0000024eca876dd0 JavaThread "Unconstrained build operations Thread 27" [_thread_blocked, id=17768, stack(0x00000071e2100000,0x00000071e2200000)]
  0x0000024eca86f580 JavaThread "Unconstrained build operations Thread 28" [_thread_blocked, id=7464, stack(0x00000071e2200000,0x00000071e2300000)]
  0x0000024eca8738e0 JavaThread "Unconstrained build operations Thread 29" [_thread_blocked, id=8384, stack(0x00000071e2300000,0x00000071e2400000)]
  0x0000024ec93c1760 JavaThread "Unconstrained build operations Thread 30" [_thread_blocked, id=1112, stack(0x00000071e2400000,0x00000071e2500000)]
  0x0000024ec93c6460 JavaThread "Unconstrained build operations Thread 31" [_thread_blocked, id=10328, stack(0x00000071e2500000,0x00000071e2600000)]
  0x0000024ec93c1c30 JavaThread "Unconstrained build operations Thread 32" [_thread_blocked, id=8972, stack(0x00000071e2600000,0x00000071e2700000)]
  0x0000024ec93c1290 JavaThread "Unconstrained build operations Thread 33" [_thread_blocked, id=11432, stack(0x00000071e2700000,0x00000071e2800000)]
  0x0000024ec93c6e00 JavaThread "Unconstrained build operations Thread 34" [_thread_blocked, id=10896, stack(0x00000071e2800000,0x00000071e2900000)]
  0x0000024ec93c3440 JavaThread "Unconstrained build operations Thread 35" [_thread_blocked, id=18012, stack(0x00000071e2900000,0x00000071e2a00000)]
  0x0000024ec93bff50 JavaThread "Unconstrained build operations Thread 36" [_thread_blocked, id=11392, stack(0x00000071e2a00000,0x00000071e2b00000)]
  0x0000024ec93c77a0 JavaThread "Unconstrained build operations Thread 37" [_thread_blocked, id=14248, stack(0x00000071e2b00000,0x00000071e2c00000)]
  0x0000024ec93c3910 JavaThread "Unconstrained build operations Thread 38" [_thread_blocked, id=18140, stack(0x00000071e2c00000,0x00000071e2d00000)]
  0x0000024ec93c3de0 JavaThread "Unconstrained build operations Thread 39" [_thread_blocked, id=15300, stack(0x00000071e2d00000,0x00000071e2e00000)]
  0x0000024ec93c0420 JavaThread "Unconstrained build operations Thread 40" [_thread_blocked, id=7004, stack(0x00000071e2e00000,0x00000071e2f00000)]
  0x0000024ec93c4780 JavaThread "build event listener" [_thread_blocked, id=14376, stack(0x00000071e3100000,0x00000071e3200000)]
  0x0000024ec93c0dc0 JavaThread "Memory manager" [_thread_blocked, id=10852, stack(0x00000071e3200000,0x00000071e3300000)]
  0x0000024ec93c5ac0 JavaThread "pool-3-thread-1" [_thread_blocked, id=18404, stack(0x00000071e3300000,0x00000071e3400000)]
  0x0000024ec7897670 JavaThread "build event listener" [_thread_blocked, id=18608, stack(0x00000071e3400000,0x00000071e3500000)]
  0x0000024ed20486a0 JavaThread "included builds" [_thread_blocked, id=8200, stack(0x00000071e3500000,0x00000071e3600000)]
  0x0000024ed2049040 JavaThread "Execution worker" [_thread_blocked, id=3208, stack(0x00000071e3600000,0x00000071e3700000)]
  0x0000024ed2049eb0 JavaThread "Execution worker Thread 2" [_thread_blocked, id=10168, stack(0x00000071e3700000,0x00000071e3800000)]
  0x0000024ed20464f0 JavaThread "Execution worker Thread 3" [_thread_blocked, id=13724, stack(0x00000071e3800000,0x00000071e3900000)]
  0x0000024ed2044810 JavaThread "Cache worker for execution history cache (D:\numbersGame\.gradle\8.0\executionHistory)" [_thread_blocked, id=1056, stack(0x00000071e3900000,0x00000071e3a00000)]
  0x0000024ed2048b70 JavaThread "WorkerExecutor Queue" [_thread_blocked, id=14272, stack(0x00000071e3a00000,0x00000071e3b00000)]
  0x0000024ed2044ce0 JavaThread "Thread-73" [_thread_in_native, id=10316, stack(0x00000071e3b00000,0x00000071e3c00000)]
  0x0000024ed20451b0 JavaThread "WorkerExecutor Queue Thread 2" [_thread_blocked, id=16148, stack(0x00000071e3c00000,0x00000071e3d00000)]
  0x0000024ed20439a0 JavaThread "WorkerExecutor Queue Thread 3" [_thread_blocked, id=19304, stack(0x00000071e3d00000,0x00000071e3e00000)]
  0x0000024ed2046020 JavaThread "WorkerExecutor Queue Thread 4" [_thread_blocked, id=8144, stack(0x00000071e3e00000,0x00000071e3f00000)]
  0x0000024ed2047d00 JavaThread "ForkJoinPool-1-worker-1" daemon [_thread_blocked, id=12588, stack(0x00000071e3f00000,0x00000071e4000000)]
  0x0000024ed2049510 JavaThread "ForkJoinPool-1-worker-2" daemon [_thread_blocked, id=11268, stack(0x00000071e4000000,0x00000071e4100000)]
  0x0000024ed20499e0 JavaThread "ForkJoinPool-1-worker-3" daemon [_thread_blocked, id=8852, stack(0x00000071e4100000,0x00000071e4200000)]
  0x0000024ed204ad20 JavaThread "ForkJoinPool-1-worker-4" daemon [_thread_blocked, id=5352, stack(0x00000071e4200000,0x00000071e4300000)]

Other Threads:
=>0x0000024ec6d85300 VMThread "VM Thread" [stack: 0x00000071ddb00000,0x00000071ddc00000] [id=7472]
  0x0000024ec6d8b530 WatcherThread [stack: 0x00000071de700000,0x00000071de800000] [id=17296]
  0x0000024ead7e8670 GCTaskThread "GC Thread#0" [stack: 0x00000071dd600000,0x00000071dd700000] [id=5944]
  0x0000024ec84290f0 GCTaskThread "GC Thread#1" [stack: 0x00000071de900000,0x00000071dea00000] [id=4072]
  0x0000024ec83daf60 GCTaskThread "GC Thread#2" [stack: 0x00000071dea00000,0x00000071deb00000] [id=11680]
  0x0000024ec7fd92e0 GCTaskThread "GC Thread#3" [stack: 0x00000071deb00000,0x00000071dec00000] [id=16256]
  0x0000024ead7f95b0 ConcurrentGCThread "G1 Main Marker" [stack: 0x00000071dd700000,0x00000071dd800000] [id=4520]
  0x0000024ead7f9fc0 ConcurrentGCThread "G1 Conc#0" [stack: 0x00000071dd800000,0x00000071dd900000] [id=18344]
  0x0000024ec6bf4560 ConcurrentGCThread "G1 Refine#0" [stack: 0x00000071dd900000,0x00000071dda00000] [id=18300]
  0x0000024eca72fe90 ConcurrentGCThread "G1 Refine#1" [stack: 0x00000071e2f00000,0x00000071e3000000] [id=8268]
  0x0000024ecbd1df60 ConcurrentGCThread "G1 Refine#2" [stack: 0x00000071e3000000,0x00000071e3100000] [id=2808]
  0x0000024ed254fb80 ConcurrentGCThread "G1 Refine#3" [stack: 0x00000071e4300000,0x00000071e4400000] [id=13892]
  0x0000024ec6bf4f80 ConcurrentGCThread "G1 Service" [stack: 0x00000071dda00000,0x00000071ddb00000] [id=19336]

Threads with active compile tasks:
C2 CompilerThread0    19008 13215       4       com.android.tools.r8.dex.B::a (829 bytes)
C2 CompilerThread1    19008 13131 %     4       com.android.tools.r8.dex.B::a @ 316 (1030 bytes)

VM state: at safepoint (normal execution)

VM Mutex/Monitor currently owned by a thread:  ([mutex/lock_event])
[0x0000024ead7875e0] Threads_lock - owner thread: 0x0000024ec6d85300
[0x0000024ead786c50] Heap_lock - owner thread: 0x0000024ed204ad20

Heap address: 0x0000000080000000, size: 2048 MB, Compressed Oops mode: 32-bit

CDS archive(s) not mapped
Compressed class space mapped at: 0x0000000100000000-0x0000000140000000, reserved size: 1073741824
Narrow klass base: 0x0000000000000000, Narrow klass shift: 3, Narrow klass range: 0x140000000

GC Precious Log:
 CPUs: 4 total, 4 available
 Memory: 16223M
 Large Page Support: Disabled
 NUMA Support: Disabled
 Compressed Oops: Enabled (32-bit)
 Heap Region Size: 1M
 Heap Min Capacity: 8M
 Heap Initial Capacity: 254M
 Heap Max Capacity: 2G
 Pre-touch: Disabled
 Parallel Workers: 4
 Concurrent Workers: 1
 Concurrent Refinement Workers: 4
 Periodic GC: Disabled

Heap:
 garbage-first heap   total 292864K, used 189952K [0x0000000080000000, 0x0000000100000000)
  region size 1024K, 4 young (4096K), 4 survivors (4096K)
 Metaspace       used 107575K, committed 108224K, reserved 1146880K
  class space    used 14689K, committed 14976K, reserved 1048576K

Heap Regions: E=young(eden), S=young(survivor), O=old, HS=humongous(starts), HC=humongous(continues), CS=collection set, F=free, OA=open archive, CA=closed archive, TAMS=top-at-mark-start (previous, next)
|   0|0x0000000080000000, 0x0000000080100000, 0x0000000080100000|100%| O|  |TAMS 0x0000000080100000, 0x0000000080100000| Untracked 
|   1|0x0000000080100000, 0x0000000080200000, 0x0000000080200000|100%| O|  |TAMS 0x0000000080200000, 0x0000000080200000| Untracked 
|   2|0x0000000080200000, 0x0000000080300000, 0x0000000080300000|100%|HS|  |TAMS 0x0000000080300000, 0x0000000080300000| Complete 
|   3|0x0000000080300000, 0x0000000080400000, 0x0000000080400000|100%|HC|  |TAMS 0x0000000080400000, 0x0000000080400000| Complete 
|   4|0x0000000080400000, 0x0000000080500000, 0x0000000080500000|100%|HC|  |TAMS 0x0000000080500000, 0x0000000080500000| Complete 
|   5|0x0000000080500000, 0x0000000080600000, 0x0000000080600000|100%|HC|  |TAMS 0x0000000080600000, 0x0000000080600000| Complete 
|   6|0x0000000080600000, 0x0000000080700000, 0x0000000080700000|100%| O|  |TAMS 0x0000000080700000, 0x0000000080700000| Untracked 
|   7|0x0000000080700000, 0x0000000080800000, 0x0000000080800000|100%| O|  |TAMS 0x0000000080800000, 0x0000000080800000| Untracked 
|   8|0x0000000080800000, 0x0000000080900000, 0x0000000080900000|100%| O|  |TAMS 0x0000000080900000, 0x0000000080900000| Untracked 
|   9|0x0000000080900000, 0x0000000080a00000, 0x0000000080a00000|100%| O|  |TAMS 0x0000000080a00000, 0x0000000080a00000| Untracked 
|  10|0x0000000080a00000, 0x0000000080b00000, 0x0000000080b00000|100%| O|  |TAMS 0x0000000080b00000, 0x0000000080b00000| Untracked 
|  11|0x0000000080b00000, 0x0000000080c00000, 0x0000000080c00000|100%| O|  |TAMS 0x0000000080c00000, 0x0000000080c00000| Untracked 
|  12|0x0000000080c00000, 0x0000000080d00000, 0x0000000080d00000|100%| O|  |TAMS 0x0000000080d00000, 0x0000000080d00000| Untracked 
|  13|0x0000000080d00000, 0x0000000080e00000, 0x0000000080e00000|100%| O|  |TAMS 0x0000000080e00000, 0x0000000080e00000| Untracked 
|  14|0x0000000080e00000, 0x0000000080f00000, 0x0000000080f00000|100%| O|  |TAMS 0x0000000080f00000, 0x0000000080f00000| Untracked 
|  15|0x0000000080f00000, 0x0000000081000000, 0x0000000081000000|100%| O|  |TAMS 0x0000000081000000, 0x0000000081000000| Untracked 
|  16|0x0000000081000000, 0x0000000081100000, 0x0000000081100000|100%| O|  |TAMS 0x0000000081100000, 0x0000000081100000| Untracked 
|  17|0x0000000081100000, 0x0000000081200000, 0x0000000081200000|100%| O|  |TAMS 0x0000000081200000, 0x0000000081200000| Untracked 
|  18|0x0000000081200000, 0x0000000081300000, 0x0000000081300000|100%| O|  |TAMS 0x0000000081300000, 0x0000000081300000| Untracked 
|  19|0x0000000081300000, 0x0000000081400000, 0x0000000081400000|100%| O|  |TAMS 0x0000000081400000, 0x0000000081400000| Untracked 
|  20|0x0000000081400000, 0x0000000081500000, 0x0000000081500000|100%| O|  |TAMS 0x0000000081500000, 0x0000000081500000| Untracked 
|  21|0x0000000081500000, 0x0000000081600000, 0x0000000081600000|100%| O|  |TAMS 0x0000000081600000, 0x0000000081600000| Untracked 
|  22|0x0000000081600000, 0x0000000081700000, 0x0000000081700000|100%| O|  |TAMS 0x0000000081700000, 0x0000000081700000| Untracked 
|  23|0x0000000081700000, 0x0000000081800000, 0x0000000081800000|100%| O|  |TAMS 0x0000000081800000, 0x0000000081800000| Untracked 
|  24|0x0000000081800000, 0x0000000081900000, 0x0000000081900000|100%| O|  |TAMS 0x0000000081900000, 0x0000000081900000| Untracked 
|  25|0x0000000081900000, 0x0000000081a00000, 0x0000000081a00000|100%| O|  |TAMS 0x0000000081a00000, 0x0000000081a00000| Untracked 
|  26|0x0000000081a00000, 0x0000000081b00000, 0x0000000081b00000|100%| O|  |TAMS 0x0000000081b00000, 0x0000000081b00000| Untracked 
|  27|0x0000000081b00000, 0x0000000081c00000, 0x0000000081c00000|100%| O|  |TAMS 0x0000000081c00000, 0x0000000081c00000| Untracked 
|  28|0x0000000081c00000, 0x0000000081d00000, 0x0000000081d00000|100%| O|  |TAMS 0x0000000081d00000, 0x0000000081d00000| Untracked 
|  29|0x0000000081d00000, 0x0000000081e00000, 0x0000000081e00000|100%| O|  |TAMS 0x0000000081e00000, 0x0000000081e00000| Untracked 
|  30|0x0000000081e00000, 0x0000000081f00000, 0x0000000081f00000|100%|HS|  |TAMS 0x0000000081f00000, 0x0000000081f00000| Complete 
|  31|0x0000000081f00000, 0x0000000082000000, 0x0000000082000000|100%|HS|  |TAMS 0x0000000082000000, 0x0000000082000000| Complete 
|  32|0x0000000082000000, 0x0000000082100000, 0x0000000082100000|100%|HC|  |TAMS 0x0000000082100000, 0x0000000082100000| Complete 
|  33|0x0000000082100000, 0x0000000082200000, 0x0000000082200000|100%|HS|  |TAMS 0x0000000082200000, 0x0000000082200000| Complete 
|  34|0x0000000082200000, 0x0000000082300000, 0x0000000082300000|100%|HS|  |TAMS 0x0000000082300000, 0x0000000082300000| Complete 
|  35|0x0000000082300000, 0x0000000082400000, 0x0000000082400000|100%|HC|  |TAMS 0x0000000082400000, 0x0000000082400000| Complete 
|  36|0x0000000082400000, 0x0000000082500000, 0x0000000082500000|100%|HC|  |TAMS 0x0000000082500000, 0x0000000082500000| Complete 
|  37|0x0000000082500000, 0x0000000082600000, 0x0000000082600000|100%|HC|  |TAMS 0x0000000082600000, 0x0000000082600000| Complete 
|  38|0x0000000082600000, 0x0000000082700000, 0x0000000082700000|100%| O|  |TAMS 0x0000000082700000, 0x0000000082700000| Untracked 
|  39|0x0000000082700000, 0x0000000082800000, 0x0000000082800000|100%| O|  |TAMS 0x0000000082800000, 0x0000000082800000| Untracked 
|  40|0x0000000082800000, 0x0000000082900000, 0x0000000082900000|100%| O|  |TAMS 0x0000000082900000, 0x0000000082900000| Untracked 
|  41|0x0000000082900000, 0x0000000082a00000, 0x0000000082a00000|100%| O|  |TAMS 0x0000000082a00000, 0x0000000082a00000| Untracked 
|  42|0x0000000082a00000, 0x0000000082b00000, 0x0000000082b00000|100%| O|  |TAMS 0x0000000082b00000, 0x0000000082b00000| Untracked 
|  43|0x0000000082b00000, 0x0000000082c00000, 0x0000000082c00000|100%| O|  |TAMS 0x0000000082c00000, 0x0000000082c00000| Untracked 
|  44|0x0000000082c00000, 0x0000000082d00000, 0x0000000082d00000|100%| O|  |TAMS 0x0000000082d00000, 0x0000000082d00000| Untracked 
|  45|0x0000000082d00000, 0x0000000082e00000, 0x0000000082e00000|100%| O|  |TAMS 0x0000000082e00000, 0x0000000082e00000| Untracked 
|  46|0x0000000082e00000, 0x0000000082f00000, 0x0000000082f00000|100%| O|  |TAMS 0x0000000082f00000, 0x0000000082f00000| Untracked 
|  47|0x0000000082f00000, 0x0000000083000000, 0x0000000083000000|100%| O|  |TAMS 0x0000000083000000, 0x0000000083000000| Untracked 
|  48|0x0000000083000000, 0x0000000083100000, 0x0000000083100000|100%| O|  |TAMS 0x0000000083100000, 0x0000000083100000| Untracked 
|  49|0x0000000083100000, 0x0000000083200000, 0x0000000083200000|100%| O|  |TAMS 0x0000000083200000, 0x0000000083200000| Untracked 
|  50|0x0000000083200000, 0x0000000083300000, 0x0000000083300000|100%| O|  |TAMS 0x0000000083300000, 0x0000000083300000| Untracked 
|  51|0x0000000083300000, 0x0000000083400000, 0x0000000083400000|100%| O|  |TAMS 0x0000000083400000, 0x0000000083400000| Untracked 
|  52|0x0000000083400000, 0x0000000083500000, 0x0000000083500000|100%| O|  |TAMS 0x0000000083500000, 0x0000000083500000| Untracked 
|  53|0x0000000083500000, 0x0000000083600000, 0x0000000083600000|100%| O|  |TAMS 0x0000000083600000, 0x0000000083600000| Untracked 
|  54|0x0000000083600000, 0x0000000083700000, 0x0000000083700000|100%| O|  |TAMS 0x0000000083700000, 0x0000000083700000| Untracked 
|  55|0x0000000083700000, 0x0000000083800000, 0x0000000083800000|100%| O|  |TAMS 0x0000000083800000, 0x0000000083800000| Untracked 
|  56|0x0000000083800000, 0x0000000083900000, 0x0000000083900000|100%| O|  |TAMS 0x0000000083900000, 0x0000000083900000| Untracked 
|  57|0x0000000083900000, 0x0000000083a00000, 0x0000000083a00000|100%| O|  |TAMS 0x0000000083a00000, 0x0000000083a00000| Untracked 
|  58|0x0000000083a00000, 0x0000000083b00000, 0x0000000083b00000|100%| O|  |TAMS 0x0000000083b00000, 0x0000000083b00000| Untracked 
|  59|0x0000000083b00000, 0x0000000083c00000, 0x0000000083c00000|100%| O|  |TAMS 0x0000000083b00000, 0x0000000083b00000| Untracked 
|  60|0x0000000083c00000, 0x0000000083d00000, 0x0000000083d00000|100%| O|  |TAMS 0x0000000083d00000, 0x0000000083d00000| Untracked 
|  61|0x0000000083d00000, 0x0000000083e00000, 0x0000000083e00000|100%| O|  |TAMS 0x0000000083e00000, 0x0000000083e00000| Untracked 
|  62|0x0000000083e00000, 0x0000000083f00000, 0x0000000083f00000|100%| O|  |TAMS 0x0000000083f00000, 0x0000000083f00000| Untracked 
|  63|0x0000000083f00000, 0x0000000084000000, 0x0000000084000000|100%| O|  |TAMS 0x0000000084000000, 0x0000000084000000| Untracked 
|  64|0x0000000084000000, 0x0000000084100000, 0x0000000084100000|100%| O|  |TAMS 0x0000000084100000, 0x0000000084100000| Untracked 
|  65|0x0000000084100000, 0x0000000084200000, 0x0000000084200000|100%| O|  |TAMS 0x0000000084200000, 0x0000000084200000| Untracked 
|  66|0x0000000084200000, 0x0000000084300000, 0x0000000084300000|100%| O|  |TAMS 0x0000000084300000, 0x0000000084300000| Untracked 
|  67|0x0000000084300000, 0x0000000084400000, 0x0000000084400000|100%| O|  |TAMS 0x0000000084400000, 0x0000000084400000| Untracked 
|  68|0x0000000084400000, 0x0000000084500000, 0x0000000084500000|100%| O|  |TAMS 0x0000000084500000, 0x0000000084500000| Untracked 
|  69|0x0000000084500000, 0x0000000084600000, 0x0000000084600000|100%| O|  |TAMS 0x0000000084600000, 0x0000000084600000| Untracked 
|  70|0x0000000084600000, 0x0000000084700000, 0x0000000084700000|100%| O|  |TAMS 0x0000000084700000, 0x0000000084700000| Untracked 
|  71|0x0000000084700000, 0x0000000084800000, 0x0000000084800000|100%| O|  |TAMS 0x0000000084800000, 0x0000000084800000| Untracked 
|  72|0x0000000084800000, 0x0000000084900000, 0x0000000084900000|100%| O|  |TAMS 0x0000000084900000, 0x0000000084900000| Untracked 
|  73|0x0000000084900000, 0x0000000084a00000, 0x0000000084a00000|100%| O|  |TAMS 0x0000000084a00000, 0x0000000084a00000| Untracked 
|  74|0x0000000084a00000, 0x0000000084b00000, 0x0000000084b00000|100%| O|  |TAMS 0x0000000084b00000, 0x0000000084b00000| Untracked 
|  75|0x0000000084b00000, 0x0000000084c00000, 0x0000000084c00000|100%| O|  |TAMS 0x0000000084c00000, 0x0000000084c00000| Untracked 
|  76|0x0000000084c00000, 0x0000000084d00000, 0x0000000084d00000|100%| O|  |TAMS 0x0000000084d00000, 0x0000000084d00000| Untracked 
|  77|0x0000000084d00000, 0x0000000084e00000, 0x0000000084e00000|100%| O|  |TAMS 0x0000000084e00000, 0x0000000084e00000| Untracked 
|  78|0x0000000084e00000, 0x0000000084f00000, 0x0000000084f00000|100%| O|  |TAMS 0x0000000084f00000, 0x0000000084f00000| Untracked 
|  79|0x0000000084f00000, 0x0000000085000000, 0x0000000085000000|100%| O|  |TAMS 0x0000000085000000, 0x0000000085000000| Untracked 
|  80|0x0000000085000000, 0x0000000085100000, 0x0000000085100000|100%| O|  |TAMS 0x0000000085100000, 0x0000000085100000| Untracked 
|  81|0x0000000085100000, 0x0000000085200000, 0x0000000085200000|100%| O|  |TAMS 0x0000000085200000, 0x0000000085200000| Untracked 
|  82|0x0000000085200000, 0x0000000085300000, 0x0000000085300000|100%| O|  |TAMS 0x0000000085300000, 0x0000000085300000| Untracked 
|  83|0x0000000085300000, 0x0000000085400000, 0x0000000085400000|100%| O|  |TAMS 0x0000000085400000, 0x0000000085400000| Untracked 
|  84|0x0000000085400000, 0x0000000085500000, 0x0000000085500000|100%| O|  |TAMS 0x0000000085500000, 0x0000000085500000| Untracked 
|  85|0x0000000085500000, 0x0000000085600000, 0x0000000085600000|100%| O|  |TAMS 0x0000000085600000, 0x0000000085600000| Untracked 
|  86|0x0000000085600000, 0x0000000085700000, 0x0000000085700000|100%| O|  |TAMS 0x0000000085700000, 0x0000000085700000| Untracked 
|  87|0x0000000085700000, 0x0000000085800000, 0x0000000085800000|100%| O|  |TAMS 0x0000000085800000, 0x0000000085800000| Untracked 
|  88|0x0000000085800000, 0x0000000085900000, 0x0000000085900000|100%| O|  |TAMS 0x0000000085900000, 0x0000000085900000| Untracked 
|  89|0x0000000085900000, 0x0000000085a00000, 0x0000000085a00000|100%| O|  |TAMS 0x0000000085a00000, 0x0000000085a00000| Untracked 
|  90|0x0000000085a00000, 0x0000000085b00000, 0x0000000085b00000|100%| O|  |TAMS 0x0000000085b00000, 0x0000000085b00000| Untracked 
|  91|0x0000000085b00000, 0x0000000085c00000, 0x0000000085c00000|100%| O|  |TAMS 0x0000000085c00000, 0x0000000085c00000| Untracked 
|  92|0x0000000085c00000, 0x0000000085d00000, 0x0000000085d00000|100%| O|  |TAMS 0x0000000085d00000, 0x0000000085d00000| Untracked 
|  93|0x0000000085d00000, 0x0000000085e00000, 0x0000000085e00000|100%| O|  |TAMS 0x0000000085e00000, 0x0000000085e00000| Untracked 
|  94|0x0000000085e00000, 0x0000000085f00000, 0x0000000085f00000|100%| O|  |TAMS 0x0000000085e80000, 0x0000000085f00000| Untracked 
|  95|0x0000000085f00000, 0x0000000086000000, 0x0000000086000000|100%|HS|  |TAMS 0x0000000086000000, 0x0000000086000000| Complete 
|  96|0x0000000086000000, 0x0000000086100000, 0x0000000086100000|100%|HC|  |TAMS 0x0000000086100000, 0x0000000086100000| Complete 
|  97|0x0000000086100000, 0x0000000086200000, 0x0000000086200000|100%|HS|  |TAMS 0x0000000086200000, 0x0000000086200000| Complete 
|  98|0x0000000086200000, 0x0000000086300000, 0x0000000086300000|100%|HS|  |TAMS 0x0000000086300000, 0x0000000086300000| Complete 
|  99|0x0000000086300000, 0x0000000086400000, 0x0000000086400000|100%|HS|  |TAMS 0x0000000086400000, 0x0000000086400000| Complete 
| 100|0x0000000086400000, 0x0000000086500000, 0x0000000086500000|100%|HC|  |TAMS 0x0000000086500000, 0x0000000086500000| Complete 
| 101|0x0000000086500000, 0x0000000086600000, 0x0000000086600000|100%|HS|  |TAMS 0x0000000086600000, 0x0000000086600000| Complete 
| 102|0x0000000086600000, 0x0000000086700000, 0x0000000086700000|100%|HC|  |TAMS 0x0000000086700000, 0x0000000086700000| Complete 
| 103|0x0000000086700000, 0x0000000086800000, 0x0000000086800000|100%| O|  |TAMS 0x0000000086700000, 0x0000000086800000| Untracked 
| 104|0x0000000086800000, 0x0000000086900000, 0x0000000086900000|100%| O|  |TAMS 0x0000000086800000, 0x0000000086900000| Untracked 
| 105|0x0000000086900000, 0x0000000086a00000, 0x0000000086a00000|100%| O|  |TAMS 0x0000000086900000, 0x0000000086a00000| Untracked 
| 106|0x0000000086a00000, 0x0000000086b00000, 0x0000000086b00000|100%| O|  |TAMS 0x0000000086a00000, 0x0000000086b00000| Untracked 
| 107|0x0000000086b00000, 0x0000000086c00000, 0x0000000086c00000|100%| O|  |TAMS 0x0000000086b00000, 0x0000000086c00000| Untracked 
| 108|0x0000000086c00000, 0x0000000086d00000, 0x0000000086d00000|100%| O|  |TAMS 0x0000000086c00000, 0x0000000086d00000| Untracked 
| 109|0x0000000086d00000, 0x0000000086e00000, 0x0000000086e00000|100%| O|  |TAMS 0x0000000086d00000, 0x0000000086e00000| Untracked 
| 110|0x0000000086e00000, 0x0000000086f00000, 0x0000000086f00000|100%|HS|  |TAMS 0x0000000086e00000, 0x0000000086f00000| Complete 
| 111|0x0000000086f00000, 0x0000000087000000, 0x0000000087000000|100%|HC|  |TAMS 0x0000000086f00000, 0x0000000087000000| Complete 
| 112|0x0000000087000000, 0x0000000087100000, 0x0000000087100000|100%|HC|  |TAMS 0x0000000087000000, 0x0000000087100000| Complete 
| 113|0x0000000087100000, 0x0000000087200000, 0x0000000087200000|100%| O|  |TAMS 0x0000000087100000, 0x0000000087200000| Untracked 
| 114|0x0000000087200000, 0x0000000087300000, 0x0000000087300000|100%| O|  |TAMS 0x0000000087200000, 0x0000000087300000| Untracked 
| 115|0x0000000087300000, 0x0000000087400000, 0x0000000087400000|100%| O|  |TAMS 0x0000000087300000, 0x0000000087400000| Untracked 
| 116|0x0000000087400000, 0x0000000087500000, 0x0000000087500000|100%|HS|  |TAMS 0x0000000087400000, 0x0000000087500000| Complete 
| 117|0x0000000087500000, 0x0000000087600000, 0x0000000087600000|100%|HC|  |TAMS 0x0000000087500000, 0x0000000087600000| Complete 
| 118|0x0000000087600000, 0x0000000087700000, 0x0000000087700000|100%| O|  |TAMS 0x0000000087600000, 0x0000000087700000| Untracked 
| 119|0x0000000087700000, 0x0000000087800000, 0x0000000087800000|100%|HS|  |TAMS 0x0000000087700000, 0x0000000087800000| Complete 
| 120|0x0000000087800000, 0x0000000087900000, 0x0000000087900000|100%| O|  |TAMS 0x0000000087800000, 0x0000000087900000| Untracked 
| 121|0x0000000087900000, 0x0000000087a00000, 0x0000000087a00000|100%|HS|  |TAMS 0x0000000087900000, 0x0000000087a00000| Complete 
| 122|0x0000000087a00000, 0x0000000087b00000, 0x0000000087b00000|100%| O|  |TAMS 0x0000000087a00000, 0x0000000087b00000| Untracked 
| 123|0x0000000087b00000, 0x0000000087c00000, 0x0000000087c00000|100%| O|  |TAMS 0x0000000087b00000, 0x0000000087c00000| Untracked 
| 124|0x0000000087c00000, 0x0000000087d00000, 0x0000000087d00000|100%| O|  |TAMS 0x0000000087c00000, 0x0000000087d00000| Untracked 
| 125|0x0000000087d00000, 0x0000000087e00000, 0x0000000087e00000|100%|HS|  |TAMS 0x0000000087d00000, 0x0000000087e00000| Complete 
| 126|0x0000000087e00000, 0x0000000087f00000, 0x0000000087f00000|100%|HC|  |TAMS 0x0000000087e00000, 0x0000000087f00000| Complete 
| 127|0x0000000087f00000, 0x0000000088000000, 0x0000000088000000|100%| O|  |TAMS 0x0000000087f00000, 0x0000000088000000| Untracked 
| 128|0x0000000088000000, 0x0000000088100000, 0x0000000088100000|100%| O|  |TAMS 0x0000000088000000, 0x0000000088100000| Untracked 
| 129|0x0000000088100000, 0x0000000088200000, 0x0000000088200000|100%| O|  |TAMS 0x0000000088100000, 0x0000000088180000| Untracked 
| 130|0x0000000088200000, 0x0000000088300000, 0x0000000088300000|100%|HS|  |TAMS 0x0000000088200000, 0x0000000088300000| Complete 
| 131|0x0000000088300000, 0x0000000088400000, 0x0000000088400000|100%|HC|  |TAMS 0x0000000088300000, 0x0000000088400000| Complete 
| 132|0x0000000088400000, 0x0000000088500000, 0x0000000088500000|100%| O|  |TAMS 0x0000000088400000, 0x0000000088400000| Untracked 
| 133|0x0000000088500000, 0x0000000088600000, 0x0000000088600000|100%| O|  |TAMS 0x0000000088500000, 0x0000000088500000| Untracked 
| 134|0x0000000088600000, 0x0000000088700000, 0x0000000088700000|100%| O|  |TAMS 0x0000000088600000, 0x0000000088600000| Untracked 
| 135|0x0000000088700000, 0x0000000088800000, 0x0000000088800000|100%| O|  |TAMS 0x0000000088700000, 0x0000000088700000| Untracked 
| 136|0x0000000088800000, 0x0000000088900000, 0x0000000088900000|100%| O|  |TAMS 0x0000000088800000, 0x0000000088800000| Untracked 
| 137|0x0000000088900000, 0x0000000088a00000, 0x0000000088a00000|100%| O|  |TAMS 0x0000000088900000, 0x0000000088900000| Untracked 
| 138|0x0000000088a00000, 0x0000000088b00000, 0x0000000088b00000|100%|HS|  |TAMS 0x0000000088a00000, 0x0000000088b00000| Complete 
| 139|0x0000000088b00000, 0x0000000088c00000, 0x0000000088c00000|100%|HC|  |TAMS 0x0000000088b00000, 0x0000000088c00000| Complete 
| 140|0x0000000088c00000, 0x0000000088d00000, 0x0000000088d00000|100%|HC|  |TAMS 0x0000000088c00000, 0x0000000088d00000| Complete 
| 141|0x0000000088d00000, 0x0000000088e00000, 0x0000000088e00000|100%|HS|  |TAMS 0x0000000088d00000, 0x0000000088e00000| Complete 
| 142|0x0000000088e00000, 0x0000000088f00000, 0x0000000088f00000|100%|HS|  |TAMS 0x0000000088e00000, 0x0000000088f00000| Complete 
| 143|0x0000000088f00000, 0x0000000089000000, 0x0000000089000000|100%| O|  |TAMS 0x0000000088f00000, 0x0000000089000000| Untracked 
| 144|0x0000000089000000, 0x0000000089100000, 0x0000000089100000|100%| O|  |TAMS 0x0000000089000000, 0x0000000089100000| Untracked 
| 145|0x0000000089100000, 0x0000000089200000, 0x0000000089200000|100%| O|  |TAMS 0x0000000089100000, 0x0000000089200000| Untracked 
| 146|0x0000000089200000, 0x0000000089300000, 0x0000000089300000|100%| O|  |TAMS 0x0000000089200000, 0x0000000089300000| Untracked 
| 147|0x0000000089300000, 0x0000000089400000, 0x0000000089400000|100%| O|  |TAMS 0x0000000089300000, 0x0000000089400000| Untracked 
| 148|0x0000000089400000, 0x0000000089500000, 0x0000000089500000|100%| O|  |TAMS 0x0000000089400000, 0x0000000089400000| Untracked 
| 149|0x0000000089500000, 0x0000000089600000, 0x0000000089600000|100%| O|  |TAMS 0x0000000089500000, 0x0000000089500000| Untracked 
| 150|0x0000000089600000, 0x0000000089700000, 0x0000000089700000|100%| O|  |TAMS 0x0000000089600000, 0x0000000089600000| Untracked 
| 151|0x0000000089700000, 0x0000000089800000, 0x0000000089800000|100%| O|  |TAMS 0x0000000089700000, 0x0000000089700000| Untracked 
| 152|0x0000000089800000, 0x0000000089900000, 0x0000000089900000|100%| O|  |TAMS 0x0000000089800000, 0x0000000089800000| Untracked 
| 153|0x0000000089900000, 0x0000000089a00000, 0x0000000089a00000|100%| O|  |TAMS 0x0000000089900000, 0x0000000089900000| Untracked 
| 154|0x0000000089a00000, 0x0000000089b00000, 0x0000000089b00000|100%| O|  |TAMS 0x0000000089a00000, 0x0000000089a00000| Untracked 
| 155|0x0000000089b00000, 0x0000000089c00000, 0x0000000089c00000|100%| O|  |TAMS 0x0000000089b00000, 0x0000000089b00000| Untracked 
| 156|0x0000000089c00000, 0x0000000089d00000, 0x0000000089d00000|100%| O|  |TAMS 0x0000000089c00000, 0x0000000089c00000| Untracked 
| 157|0x0000000089d00000, 0x0000000089e00000, 0x0000000089e00000|100%| O|  |TAMS 0x0000000089d00000, 0x0000000089d00000| Untracked 
| 158|0x0000000089e00000, 0x0000000089f00000, 0x0000000089f00000|100%| O|  |TAMS 0x0000000089e00000, 0x0000000089e00000| Untracked 
| 159|0x0000000089f00000, 0x000000008a000000, 0x000000008a000000|100%| O|  |TAMS 0x0000000089f00000, 0x0000000089f00000| Untracked 
| 160|0x000000008a000000, 0x000000008a100000, 0x000000008a100000|100%| O|  |TAMS 0x000000008a000000, 0x000000008a000000| Untracked 
| 161|0x000000008a100000, 0x000000008a200000, 0x000000008a200000|100%| O|  |TAMS 0x000000008a100000, 0x000000008a100000| Untracked 
| 162|0x000000008a200000, 0x000000008a300000, 0x000000008a300000|100%| O|  |TAMS 0x000000008a200000, 0x000000008a200000| Untracked 
| 163|0x000000008a300000, 0x000000008a400000, 0x000000008a400000|100%| O|  |TAMS 0x000000008a300000, 0x000000008a300000| Untracked 
| 164|0x000000008a400000, 0x000000008a500000, 0x000000008a500000|100%| O|  |TAMS 0x000000008a400000, 0x000000008a400000| Untracked 
| 165|0x000000008a500000, 0x000000008a600000, 0x000000008a600000|100%| O|  |TAMS 0x000000008a500000, 0x000000008a500000| Untracked 
| 166|0x000000008a600000, 0x000000008a700000, 0x000000008a700000|100%| O|  |TAMS 0x000000008a600000, 0x000000008a600000| Untracked 
| 167|0x000000008a700000, 0x000000008a800000, 0x000000008a800000|100%| O|  |TAMS 0x000000008a700000, 0x000000008a700000| Untracked 
| 168|0x000000008a800000, 0x000000008a900000, 0x000000008a900000|100%| O|  |TAMS 0x000000008a800000, 0x000000008a800000| Untracked 
| 169|0x000000008a900000, 0x000000008a980000, 0x000000008aa00000| 50%| O|  |TAMS 0x000000008a900000, 0x000000008a900000| Untracked 
| 170|0x000000008aa00000, 0x000000008aa00000, 0x000000008ab00000|  0%| F|  |TAMS 0x000000008aa00000, 0x000000008aa00000| Untracked 
| 171|0x000000008ab00000, 0x000000008ab00000, 0x000000008ac00000|  0%| F|  |TAMS 0x000000008ab00000, 0x000000008ab00000| Untracked 
| 172|0x000000008ac00000, 0x000000008ac00000, 0x000000008ad00000|  0%| F|  |TAMS 0x000000008ac00000, 0x000000008ac00000| Untracked 
| 173|0x000000008ad00000, 0x000000008ad00000, 0x000000008ae00000|  0%| F|  |TAMS 0x000000008ad00000, 0x000000008ad00000| Untracked 
| 174|0x000000008ae00000, 0x000000008ae00000, 0x000000008af00000|  0%| F|  |TAMS 0x000000008ae00000, 0x000000008ae00000| Untracked 
| 175|0x000000008af00000, 0x000000008af00000, 0x000000008b000000|  0%| F|  |TAMS 0x000000008af00000, 0x000000008af00000| Untracked 
| 176|0x000000008b000000, 0x000000008b000000, 0x000000008b100000|  0%| F|  |TAMS 0x000000008b000000, 0x000000008b000000| Untracked 
| 177|0x000000008b100000, 0x000000008b100000, 0x000000008b200000|  0%| F|  |TAMS 0x000000008b100000, 0x000000008b100000| Untracked 
| 178|0x000000008b200000, 0x000000008b200000, 0x000000008b300000|  0%| F|  |TAMS 0x000000008b200000, 0x000000008b200000| Untracked 
| 179|0x000000008b300000, 0x000000008b300000, 0x000000008b400000|  0%| F|  |TAMS 0x000000008b300000, 0x000000008b300000| Untracked 
| 180|0x000000008b400000, 0x000000008b400000, 0x000000008b500000|  0%| F|  |TAMS 0x000000008b400000, 0x000000008b400000| Untracked 
| 181|0x000000008b500000, 0x000000008b500000, 0x000000008b600000|  0%| F|  |TAMS 0x000000008b500000, 0x000000008b500000| Untracked 
| 182|0x000000008b600000, 0x000000008b600000, 0x000000008b700000|  0%| F|  |TAMS 0x000000008b600000, 0x000000008b600000| Untracked 
| 183|0x000000008b700000, 0x000000008b700000, 0x000000008b800000|  0%| F|  |TAMS 0x000000008b700000, 0x000000008b700000| Untracked 
| 184|0x000000008b800000, 0x000000008b800000, 0x000000008b900000|  0%| F|  |TAMS 0x000000008b800000, 0x000000008b800000| Untracked 
| 185|0x000000008b900000, 0x000000008b900000, 0x000000008ba00000|  0%| F|  |TAMS 0x000000008b900000, 0x000000008b900000| Untracked 
| 186|0x000000008ba00000, 0x000000008ba00000, 0x000000008bb00000|  0%| F|  |TAMS 0x000000008ba00000, 0x000000008ba00000| Untracked 
| 187|0x000000008bb00000, 0x000000008bb00000, 0x000000008bc00000|  0%| F|  |TAMS 0x000000008bb00000, 0x000000008bb00000| Untracked 
| 188|0x000000008bc00000, 0x000000008bc00000, 0x000000008bd00000|  0%| F|  |TAMS 0x000000008bc00000, 0x000000008bc00000| Untracked 
| 189|0x000000008bd00000, 0x000000008bd00000, 0x000000008be00000|  0%| F|  |TAMS 0x000000008bd00000, 0x000000008bd00000| Untracked 
| 190|0x000000008be00000, 0x000000008be00000, 0x000000008bf00000|  0%| F|  |TAMS 0x000000008be00000, 0x000000008be00000| Untracked 
| 191|0x000000008bf00000, 0x000000008bf00000, 0x000000008c000000|  0%| F|  |TAMS 0x000000008bf00000, 0x000000008bf00000| Untracked 
| 192|0x000000008c000000, 0x000000008c000000, 0x000000008c100000|  0%| F|  |TAMS 0x000000008c000000, 0x000000008c000000| Untracked 
| 193|0x000000008c100000, 0x000000008c100000, 0x000000008c200000|  0%| F|  |TAMS 0x000000008c100000, 0x000000008c100000| Untracked 
| 194|0x000000008c200000, 0x000000008c200000, 0x000000008c300000|  0%| F|  |TAMS 0x000000008c200000, 0x000000008c200000| Untracked 
| 195|0x000000008c300000, 0x000000008c300000, 0x000000008c400000|  0%| F|  |TAMS 0x000000008c300000, 0x000000008c300000| Untracked 
| 196|0x000000008c400000, 0x000000008c400000, 0x000000008c500000|  0%| F|  |TAMS 0x000000008c400000, 0x000000008c400000| Untracked 
| 197|0x000000008c500000, 0x000000008c500000, 0x000000008c600000|  0%| F|  |TAMS 0x000000008c500000, 0x000000008c500000| Untracked 
| 198|0x000000008c600000, 0x000000008c600000, 0x000000008c700000|  0%| F|  |TAMS 0x000000008c600000, 0x000000008c600000| Untracked 
| 199|0x000000008c700000, 0x000000008c700000, 0x000000008c800000|  0%| F|  |TAMS 0x000000008c700000, 0x000000008c700000| Untracked 
| 200|0x000000008c800000, 0x000000008c800000, 0x000000008c900000|  0%| F|  |TAMS 0x000000008c800000, 0x000000008c800000| Untracked 
| 201|0x000000008c900000, 0x000000008c900000, 0x000000008ca00000|  0%| F|  |TAMS 0x000000008c900000, 0x000000008c900000| Untracked 
| 202|0x000000008ca00000, 0x000000008ca00000, 0x000000008cb00000|  0%| F|  |TAMS 0x000000008ca00000, 0x000000008ca00000| Untracked 
| 203|0x000000008cb00000, 0x000000008cb00000, 0x000000008cc00000|  0%| F|  |TAMS 0x000000008cb00000, 0x000000008cb00000| Untracked 
| 204|0x000000008cc00000, 0x000000008cd00000, 0x000000008cd00000|100%| S|CS|TAMS 0x000000008cc00000, 0x000000008cc00000| Complete 
| 205|0x000000008cd00000, 0x000000008ce00000, 0x000000008ce00000|100%| S|CS|TAMS 0x000000008cd00000, 0x000000008cd00000| Complete 
| 206|0x000000008ce00000, 0x000000008cf00000, 0x000000008cf00000|100%| S|CS|TAMS 0x000000008ce00000, 0x000000008ce00000| Complete 
| 207|0x000000008cf00000, 0x000000008d000000, 0x000000008d000000|100%| S|CS|TAMS 0x000000008cf00000, 0x000000008cf00000| Complete 
| 208|0x000000008d000000, 0x000000008d000000, 0x000000008d100000|  0%| F|  |TAMS 0x000000008d000000, 0x000000008d000000| Untracked 
| 209|0x000000008d100000, 0x000000008d100000, 0x000000008d200000|  0%| F|  |TAMS 0x000000008d100000, 0x000000008d100000| Untracked 
| 210|0x000000008d200000, 0x000000008d200000, 0x000000008d300000|  0%| F|  |TAMS 0x000000008d200000, 0x000000008d200000| Untracked 
| 211|0x000000008d300000, 0x000000008d300000, 0x000000008d400000|  0%| F|  |TAMS 0x000000008d300000, 0x000000008d300000| Untracked 
| 212|0x000000008d400000, 0x000000008d400000, 0x000000008d500000|  0%| F|  |TAMS 0x000000008d400000, 0x000000008d400000| Untracked 
| 213|0x000000008d500000, 0x000000008d500000, 0x000000008d600000|  0%| F|  |TAMS 0x000000008d500000, 0x000000008d500000| Untracked 
| 214|0x000000008d600000, 0x000000008d600000, 0x000000008d700000|  0%| F|  |TAMS 0x000000008d600000, 0x000000008d600000| Untracked 
| 215|0x000000008d700000, 0x000000008d700000, 0x000000008d800000|  0%| F|  |TAMS 0x000000008d700000, 0x000000008d700000| Untracked 
| 216|0x000000008d800000, 0x000000008d800000, 0x000000008d900000|  0%| F|  |TAMS 0x000000008d800000, 0x000000008d800000| Untracked 
| 217|0x000000008d900000, 0x000000008d900000, 0x000000008da00000|  0%| F|  |TAMS 0x000000008d900000, 0x000000008d900000| Untracked 
| 218|0x000000008da00000, 0x000000008da00000, 0x000000008db00000|  0%| F|  |TAMS 0x000000008da00000, 0x000000008da00000| Untracked 
| 219|0x000000008db00000, 0x000000008db00000, 0x000000008dc00000|  0%| F|  |TAMS 0x000000008db00000, 0x000000008db00000| Untracked 
| 220|0x000000008dc00000, 0x000000008dc00000, 0x000000008dd00000|  0%| F|  |TAMS 0x000000008dc00000, 0x000000008dc00000| Untracked 
| 221|0x000000008dd00000, 0x000000008dd00000, 0x000000008de00000|  0%| F|  |TAMS 0x000000008dd00000, 0x000000008dd00000| Untracked 
| 222|0x000000008de00000, 0x000000008de00000, 0x000000008df00000|  0%| F|  |TAMS 0x000000008de00000, 0x000000008de00000| Untracked 
| 223|0x000000008df00000, 0x000000008df00000, 0x000000008e000000|  0%| F|  |TAMS 0x000000008df00000, 0x000000008df00000| Untracked 
| 224|0x000000008e000000, 0x000000008e000000, 0x000000008e100000|  0%| F|  |TAMS 0x000000008e000000, 0x000000008e000000| Untracked 
| 225|0x000000008e100000, 0x000000008e100000, 0x000000008e200000|  0%| F|  |TAMS 0x000000008e100000, 0x000000008e100000| Untracked 
| 226|0x000000008e200000, 0x000000008e200000, 0x000000008e300000|  0%| F|  |TAMS 0x000000008e200000, 0x000000008e200000| Untracked 
| 227|0x000000008e300000, 0x000000008e300000, 0x000000008e400000|  0%| F|  |TAMS 0x000000008e300000, 0x000000008e300000| Untracked 
| 228|0x000000008e400000, 0x000000008e400000, 0x000000008e500000|  0%| F|  |TAMS 0x000000008e400000, 0x000000008e400000| Untracked 
| 229|0x000000008e500000, 0x000000008e500000, 0x000000008e600000|  0%| F|  |TAMS 0x000000008e500000, 0x000000008e500000| Untracked 
| 230|0x000000008e600000, 0x000000008e600000, 0x000000008e700000|  0%| F|  |TAMS 0x000000008e600000, 0x000000008e600000| Untracked 
| 231|0x000000008e700000, 0x000000008e700000, 0x000000008e800000|  0%| F|  |TAMS 0x000000008e700000, 0x000000008e700000| Untracked 
| 232|0x000000008e800000, 0x000000008e800000, 0x000000008e900000|  0%| F|  |TAMS 0x000000008e800000, 0x000000008e800000| Untracked 
| 233|0x000000008e900000, 0x000000008e900000, 0x000000008ea00000|  0%| F|  |TAMS 0x000000008e900000, 0x000000008e900000| Untracked 
| 234|0x000000008ea00000, 0x000000008ea00000, 0x000000008eb00000|  0%| F|  |TAMS 0x000000008ea00000, 0x000000008ea00000| Untracked 
| 235|0x000000008eb00000, 0x000000008eb00000, 0x000000008ec00000|  0%| F|  |TAMS 0x000000008eb00000, 0x000000008eb00000| Untracked 
| 236|0x000000008ec00000, 0x000000008ec00000, 0x000000008ed00000|  0%| F|  |TAMS 0x000000008ec00000, 0x000000008ec00000| Untracked 
| 237|0x000000008ed00000, 0x000000008ed00000, 0x000000008ee00000|  0%| F|  |TAMS 0x000000008ed00000, 0x000000008ed00000| Untracked 
| 238|0x000000008ee00000, 0x000000008ee00000, 0x000000008ef00000|  0%| F|  |TAMS 0x000000008ee00000, 0x000000008ee00000| Untracked 
| 239|0x000000008ef00000, 0x000000008ef00000, 0x000000008f000000|  0%| F|  |TAMS 0x000000008ef00000, 0x000000008ef00000| Untracked 
| 240|0x000000008f000000, 0x000000008f000000, 0x000000008f100000|  0%| F|  |TAMS 0x000000008f000000, 0x000000008f000000| Untracked 
| 241|0x000000008f100000, 0x000000008f100000, 0x000000008f200000|  0%| F|  |TAMS 0x000000008f100000, 0x000000008f100000| Untracked 
| 242|0x000000008f200000, 0x000000008f200000, 0x000000008f300000|  0%| F|  |TAMS 0x000000008f200000, 0x000000008f200000| Untracked 
| 243|0x000000008f300000, 0x000000008f300000, 0x000000008f400000|  0%| F|  |TAMS 0x000000008f300000, 0x000000008f300000| Untracked 
| 244|0x000000008f400000, 0x000000008f400000, 0x000000008f500000|  0%| F|  |TAMS 0x000000008f400000, 0x000000008f400000| Untracked 
| 245|0x000000008f500000, 0x000000008f500000, 0x000000008f600000|  0%| F|  |TAMS 0x000000008f500000, 0x000000008f500000| Untracked 
| 246|0x000000008f600000, 0x000000008f600000, 0x000000008f700000|  0%| F|  |TAMS 0x000000008f600000, 0x000000008f600000| Untracked 
| 247|0x000000008f700000, 0x000000008f700000, 0x000000008f800000|  0%| F|  |TAMS 0x000000008f700000, 0x000000008f700000| Untracked 
| 248|0x000000008f800000, 0x000000008f800000, 0x000000008f900000|  0%| F|  |TAMS 0x000000008f800000, 0x000000008f800000| Untracked 
| 249|0x000000008f900000, 0x000000008f900000, 0x000000008fa00000|  0%| F|  |TAMS 0x000000008f900000, 0x000000008f900000| Untracked 
| 250|0x000000008fa00000, 0x000000008fa00000, 0x000000008fb00000|  0%| F|  |TAMS 0x000000008fa00000, 0x000000008fa00000| Untracked 
| 251|0x000000008fb00000, 0x000000008fb00000, 0x000000008fc00000|  0%| F|  |TAMS 0x000000008fb00000, 0x000000008fb00000| Untracked 
| 252|0x000000008fc00000, 0x000000008fc00000, 0x000000008fd00000|  0%| F|  |TAMS 0x000000008fc00000, 0x000000008fc00000| Untracked 
| 253|0x000000008fd00000, 0x000000008fd00000, 0x000000008fe00000|  0%| F|  |TAMS 0x000000008fd00000, 0x000000008fd00000| Untracked 
| 254|0x000000008fe00000, 0x000000008fe00000, 0x000000008ff00000|  0%| F|  |TAMS 0x000000008fe00000, 0x000000008fe00000| Untracked 
| 255|0x000000008ff00000, 0x000000008ff00000, 0x0000000090000000|  0%| F|  |TAMS 0x000000008ff00000, 0x000000008ff00000| Untracked 
| 256|0x0000000090000000, 0x0000000090000000, 0x0000000090100000|  0%| F|  |TAMS 0x0000000090000000, 0x0000000090000000| Untracked 
| 257|0x0000000090100000, 0x0000000090100000, 0x0000000090200000|  0%| F|  |TAMS 0x0000000090100000, 0x0000000090100000| Untracked 
| 258|0x0000000090200000, 0x0000000090200000, 0x0000000090300000|  0%| F|  |TAMS 0x0000000090200000, 0x0000000090200000| Untracked 
| 259|0x0000000090300000, 0x0000000090300000, 0x0000000090400000|  0%| F|  |TAMS 0x0000000090300000, 0x0000000090300000| Untracked 
| 260|0x0000000090400000, 0x0000000090400000, 0x0000000090500000|  0%| F|  |TAMS 0x0000000090400000, 0x0000000090400000| Untracked 
| 261|0x0000000090500000, 0x0000000090500000, 0x0000000090600000|  0%| F|  |TAMS 0x0000000090500000, 0x0000000090500000| Untracked 
| 262|0x0000000090600000, 0x0000000090600000, 0x0000000090700000|  0%| F|  |TAMS 0x0000000090600000, 0x0000000090600000| Untracked 
| 263|0x0000000090700000, 0x0000000090700000, 0x0000000090800000|  0%| F|  |TAMS 0x0000000090700000, 0x0000000090700000| Untracked 
| 264|0x0000000090800000, 0x0000000090800000, 0x0000000090900000|  0%| F|  |TAMS 0x0000000090800000, 0x0000000090800000| Untracked 
| 265|0x0000000090900000, 0x0000000090900000, 0x0000000090a00000|  0%| F|  |TAMS 0x0000000090900000, 0x0000000090900000| Untracked 
| 266|0x0000000090a00000, 0x0000000090a00000, 0x0000000090b00000|  0%| F|  |TAMS 0x0000000090a00000, 0x0000000090a00000| Untracked 
| 267|0x0000000090b00000, 0x0000000090b00000, 0x0000000090c00000|  0%| F|  |TAMS 0x0000000090b00000, 0x0000000090b00000| Untracked 
| 268|0x0000000090c00000, 0x0000000090c00000, 0x0000000090d00000|  0%| F|  |TAMS 0x0000000090c00000, 0x0000000090c00000| Untracked 
| 269|0x0000000090d00000, 0x0000000090d00000, 0x0000000090e00000|  0%| F|  |TAMS 0x0000000090d00000, 0x0000000090d00000| Untracked 
| 270|0x0000000090e00000, 0x0000000090e00000, 0x0000000090f00000|  0%| F|  |TAMS 0x0000000090e00000, 0x0000000090e00000| Untracked 
| 271|0x0000000090f00000, 0x0000000090f00000, 0x0000000091000000|  0%| F|  |TAMS 0x0000000090f00000, 0x0000000090f00000| Untracked 
| 272|0x0000000091000000, 0x0000000091000000, 0x0000000091100000|  0%| F|  |TAMS 0x0000000091000000, 0x0000000091000000| Untracked 
| 273|0x0000000091100000, 0x0000000091100000, 0x0000000091200000|  0%| F|  |TAMS 0x0000000091100000, 0x0000000091100000| Untracked 
|2036|0x00000000ff400000, 0x00000000ff500000, 0x00000000ff500000|100%| O|  |TAMS 0x00000000ff400000, 0x00000000ff500000| Untracked 
|2037|0x00000000ff500000, 0x00000000ff600000, 0x00000000ff600000|100%| O|  |TAMS 0x00000000ff500000, 0x00000000ff600000| Untracked 
|2038|0x00000000ff600000, 0x00000000ff700000, 0x00000000ff700000|100%| O|  |TAMS 0x00000000ff600000, 0x00000000ff700000| Untracked 
|2039|0x00000000ff700000, 0x00000000ff800000, 0x00000000ff800000|100%| O|  |TAMS 0x00000000ff700000, 0x00000000ff800000| Untracked 
|2040|0x00000000ff800000, 0x00000000ff900000, 0x00000000ff900000|100%| O|  |TAMS 0x00000000ff800000, 0x00000000ff900000| Untracked 
|2041|0x00000000ff900000, 0x00000000ffa00000, 0x00000000ffa00000|100%| O|  |TAMS 0x00000000ff900000, 0x00000000ffa00000| Untracked 
|2042|0x00000000ffa00000, 0x00000000ffb00000, 0x00000000ffb00000|100%| O|  |TAMS 0x00000000ffa00000, 0x00000000ffb00000| Untracked 
|2043|0x00000000ffb00000, 0x00000000ffc00000, 0x00000000ffc00000|100%| O|  |TAMS 0x00000000ffb00000, 0x00000000ffc00000| Untracked 
|2044|0x00000000ffc00000, 0x00000000ffd00000, 0x00000000ffd00000|100%| O|  |TAMS 0x00000000ffc00000, 0x00000000ffd00000| Untracked 
|2045|0x00000000ffd00000, 0x00000000ffe00000, 0x00000000ffe00000|100%| O|  |TAMS 0x00000000ffd00000, 0x00000000ffe00000| Untracked 
|2046|0x00000000ffe00000, 0x00000000fff00000, 0x00000000fff00000|100%| O|  |TAMS 0x00000000fff00000, 0x00000000fff00000| Untracked 
|2047|0x00000000fff00000, 0x0000000100000000, 0x0000000100000000|100%| O|  |TAMS 0x0000000100000000, 0x0000000100000000| Untracked 

Card table byte_map: [0x0000024ec0060000,0x0000024ec0460000] _byte_map_base: 0x0000024ebfc60000

Marking Bits (Prev, Next): (CMBitMap*) 0x0000024ead7e8c80, (CMBitMap*) 0x0000024ead7e8cc0
 Prev Bits: [0x0000024ec0860000, 0x0000024ec2860000)
 Next Bits: [0x0000024ec2860000, 0x0000024ec4860000)

Polling page: 0x0000024eab5b0000

Metaspace:

Usage:
  Non-class:     90.71 MB used.
      Class:     14.35 MB used.
       Both:    105.05 MB used.

Virtual space:
  Non-class space:       96.00 MB reserved,      91.06 MB ( 95%) committed,  12 nodes.
      Class space:        1.00 GB reserved,      14.62 MB (  1%) committed,  1 nodes.
             Both:        1.09 GB reserved,     105.69 MB (  9%) committed. 

Chunk freelists:
   Non-Class:  752.00 KB
       Class:  1.19 MB
        Both:  1.92 MB

MaxMetaspaceSize: unlimited
CompressedClassSpaceSize: 1.00 GB
Initial GC threshold: 21.00 MB
Current GC threshold: 170.56 MB
CDS: off
MetaspaceReclaimPolicy: balanced
 - commit_granule_bytes: 65536.
 - commit_granule_words: 8192.
 - virtual_space_node_default_size: 1048576.
 - enlarge_chunks_in_place: 1.
 - new_chunks_are_fully_committed: 0.
 - uncommit_free_chunks: 1.
 - use_allocation_guard: 0.
 - handle_deallocations: 1.


Internal statistics:

num_allocs_failed_limit: 9.
num_arena_births: 1006.
num_arena_deaths: 6.
num_vsnodes_births: 13.
num_vsnodes_deaths: 0.
num_space_committed: 1691.
num_space_uncommitted: 0.
num_chunks_returned_to_freelist: 17.
num_chunks_taken_from_freelist: 5020.
num_chunk_merges: 10.
num_chunk_splits: 3372.
num_chunks_enlarged: 2296.
num_purges: 2.
num_inconsistent_stats: 0.

CodeHeap 'non-profiled nmethods': size=120000Kb used=6430Kb max_used=6430Kb free=113569Kb
 bounds [0x0000024eb8730000, 0x0000024eb8d80000, 0x0000024ebfc60000]
CodeHeap 'profiled nmethods': size=120000Kb used=22644Kb max_used=22644Kb free=97355Kb
 bounds [0x0000024eb0c60000, 0x0000024eb2280000, 0x0000024eb8190000]
CodeHeap 'non-nmethods': size=5760Kb used=2420Kb max_used=2492Kb free=3339Kb
 bounds [0x0000024eb8190000, 0x0000024eb8410000, 0x0000024eb8730000]
 total_blobs=12529 nmethods=11567 adapters=874
 compilation: enabled
              stopped_count=0, restarted_count=0
 full_count=0

Compilation events (20 events):
Event: 18.640 Thread 0x0000024ec7874990 nmethod 13292 0x0000024eb8d76910 code [0x0000024eb8d76ac0, 0x0000024eb8d76ea8]
Event: 18.640 Thread 0x0000024ec7874990 13303       4       com.android.tools.r8.graph.p2::a (158 bytes)
Event: 18.646 Thread 0x0000024ec7874990 nmethod 13303 0x0000024eb8d77390 code [0x0000024eb8d77520, 0x0000024eb8d77838]
Event: 18.646 Thread 0x0000024ec7874990 13215       4       com.android.tools.r8.dex.B::a (829 bytes)
Event: 18.683 Thread 0x0000024ec787d2c0 13341       2       com.android.tools.r8.graph.S2::a (136 bytes)
Event: 18.684 Thread 0x0000024ec787d2c0 nmethod 13341 0x0000024eb2279b10 code [0x0000024eb2279d20, 0x0000024eb227a338]
Event: 18.686 Thread 0x0000024ec787d2c0 13342       2       com.android.tools.r8.internal.S0::entrySet (32 bytes)
Event: 18.686 Thread 0x0000024ec787d2c0 nmethod 13342 0x0000024eb227a690 code [0x0000024eb227a840, 0x0000024eb227aa98]
Event: 18.686 Thread 0x0000024ec787d2c0 13343       2       com.android.tools.r8.internal.a1::iterator (5 bytes)
Event: 18.687 Thread 0x0000024ec787d2c0 nmethod 13343 0x0000024eb227ab90 code [0x0000024eb227ad40, 0x0000024eb227af28]
Event: 18.754 Thread 0x0000024ec787d2c0 13346       2       com.android.tools.r8.dex.code.a0::<init> (18 bytes)
Event: 18.754 Thread 0x0000024ec787d2c0 nmethod 13346 0x0000024eb227b010 code [0x0000024eb227b1a0, 0x0000024eb227b2e8]
Event: 18.756 Thread 0x0000024ec787d2c0 13347       2       com.android.tools.r8.graph.H4::a (160 bytes)
Event: 18.757 Thread 0x0000024ec787d2c0 nmethod 13347 0x0000024eb227b410 code [0x0000024eb227b660, 0x0000024eb227bdf8]
Event: 18.796 Thread 0x0000024ec787d2c0 13351       2       com.android.tools.r8.graph.H4::g (64 bytes)
Event: 18.797 Thread 0x0000024ec787d2c0 nmethod 13351 0x0000024eb227c290 code [0x0000024eb227c480, 0x0000024eb227c798]
Event: 18.838 Thread 0x0000024ec787d2c0 13353       2       com.android.tools.r8.dex.code.b1::<init> (20 bytes)
Event: 18.839 Thread 0x0000024ec787d2c0 nmethod 13353 0x0000024eb227c990 code [0x0000024eb227cb40, 0x0000024eb227ccc8]
Event: 18.840 Thread 0x0000024ec787d2c0 13354       2       com.android.tools.r8.dex.code.b1::hashCode (22 bytes)
Event: 18.841 Thread 0x0000024ec787d2c0 nmethod 13354 0x0000024eb227ce10 code [0x0000024eb227cfa0, 0x0000024eb227d0e8]

GC Heap History (20 events):
Event: 9.674 GC heap after
{Heap after GC invocations=25 (full 0):
 garbage-first heap   total 124928K, used 63639K [0x0000000080000000, 0x0000000100000000)
  region size 1024K, 2 young (2048K), 2 survivors (2048K)
 Metaspace       used 71821K, committed 72320K, reserved 1114112K
  class space    used 9413K, committed 9664K, reserved 1048576K
}
Event: 9.923 GC heap before
{Heap before GC invocations=25 (full 0):
 garbage-first heap   total 124928K, used 97431K [0x0000000080000000, 0x0000000100000000)
  region size 1024K, 35 young (35840K), 2 survivors (2048K)
 Metaspace       used 72043K, committed 72640K, reserved 1114112K
  class space    used 9452K, committed 9728K, reserved 1048576K
}
Event: 9.933 GC heap after
{Heap after GC invocations=26 (full 0):
 garbage-first heap   total 282624K, used 66480K [0x0000000080000000, 0x0000000100000000)
  region size 1024K, 5 young (5120K), 5 survivors (5120K)
 Metaspace       used 72043K, committed 72640K, reserved 1114112K
  class space    used 9452K, committed 9728K, reserved 1048576K
}
Event: 12.182 GC heap before
{Heap before GC invocations=27 (full 0):
 garbage-first heap   total 239616K, used 197552K [0x0000000080000000, 0x0000000100000000)
  region size 1024K, 133 young (136192K), 5 survivors (5120K)
 Metaspace       used 86718K, committed 87296K, reserved 1130496K
  class space    used 11710K, committed 11968K, reserved 1048576K
}
Event: 12.200 GC heap after
{Heap after GC invocations=28 (full 0):
 garbage-first heap   total 239616K, used 75420K [0x0000000080000000, 0x0000000100000000)
  region size 1024K, 14 young (14336K), 14 survivors (14336K)
 Metaspace       used 86718K, committed 87296K, reserved 1130496K
  class space    used 11710K, committed 11968K, reserved 1048576K
}
Event: 13.513 GC heap before
{Heap before GC invocations=28 (full 0):
 garbage-first heap   total 239616K, used 182940K [0x0000000080000000, 0x0000000100000000)
  region size 1024K, 119 young (121856K), 14 survivors (14336K)
 Metaspace       used 93254K, committed 93824K, reserved 1130496K
  class space    used 12607K, committed 12864K, reserved 1048576K
}
Event: 13.542 GC heap after
{Heap after GC invocations=29 (full 0):
 garbage-first heap   total 239616K, used 89261K [0x0000000080000000, 0x0000000100000000)
  region size 1024K, 14 young (14336K), 14 survivors (14336K)
 Metaspace       used 93254K, committed 93824K, reserved 1130496K
  class space    used 12607K, committed 12864K, reserved 1048576K
}
Event: 15.225 GC heap before
{Heap before GC invocations=29 (full 0):
 garbage-first heap   total 239616K, used 182445K [0x0000000080000000, 0x0000000100000000)
  region size 1024K, 106 young (108544K), 14 survivors (14336K)
 Metaspace       used 97416K, committed 98112K, reserved 1138688K
  class space    used 13143K, committed 13504K, reserved 1048576K
}
Event: 15.250 GC heap after
{Heap after GC invocations=30 (full 0):
 garbage-first heap   total 239616K, used 98004K [0x0000000080000000, 0x0000000100000000)
  region size 1024K, 10 young (10240K), 10 survivors (10240K)
 Metaspace       used 97416K, committed 98112K, reserved 1138688K
  class space    used 13143K, committed 13504K, reserved 1048576K
}
Event: 16.617 GC heap before
{Heap before GC invocations=30 (full 0):
 garbage-first heap   total 239616K, used 186068K [0x0000000080000000, 0x0000000100000000)
  region size 1024K, 97 young (99328K), 10 survivors (10240K)
 Metaspace       used 100820K, committed 101504K, reserved 1138688K
  class space    used 13572K, committed 13888K, reserved 1048576K
}
Event: 16.638 GC heap after
{Heap after GC invocations=31 (full 0):
 garbage-first heap   total 239616K, used 106212K [0x0000000080000000, 0x0000000100000000)
  region size 1024K, 8 young (8192K), 8 survivors (8192K)
 Metaspace       used 100820K, committed 101504K, reserved 1138688K
  class space    used 13572K, committed 13888K, reserved 1048576K
}
Event: 17.191 GC heap before
{Heap before GC invocations=31 (full 0):
 garbage-first heap   total 239616K, used 156388K [0x0000000080000000, 0x0000000100000000)
  region size 1024K, 51 young (52224K), 8 survivors (8192K)
 Metaspace       used 101723K, committed 102400K, reserved 1138688K
  class space    used 13721K, committed 14080K, reserved 1048576K
}
Event: 17.206 GC heap after
{Heap after GC invocations=32 (full 0):
 garbage-first heap   total 239616K, used 119446K [0x0000000080000000, 0x0000000100000000)
  region size 1024K, 6 young (6144K), 6 survivors (6144K)
 Metaspace       used 101723K, committed 102400K, reserved 1138688K
  class space    used 13721K, committed 14080K, reserved 1048576K
}
Event: 18.121 GC heap before
{Heap before GC invocations=33 (full 0):
 garbage-first heap   total 239616K, used 220822K [0x0000000080000000, 0x0000000100000000)
  region size 1024K, 74 young (75776K), 6 survivors (6144K)
 Metaspace       used 106118K, committed 106752K, reserved 1146880K
  class space    used 14427K, committed 14720K, reserved 1048576K
}
Event: 18.164 GC heap after
{Heap after GC invocations=34 (full 0):
 garbage-first heap   total 249856K, used 155920K [0x0000000080000000, 0x0000000100000000)
  region size 1024K, 10 young (10240K), 10 survivors (10240K)
 Metaspace       used 106118K, committed 106752K, reserved 1146880K
  class space    used 14427K, committed 14720K, reserved 1048576K
}
Event: 18.212 GC heap before
{Heap before GC invocations=34 (full 0):
 garbage-first heap   total 249856K, used 157968K [0x0000000080000000, 0x0000000100000000)
  region size 1024K, 12 young (12288K), 10 survivors (10240K)
 Metaspace       used 106749K, committed 107392K, reserved 1146880K
  class space    used 14616K, committed 14912K, reserved 1048576K
}
Event: 18.230 GC heap after
{Heap after GC invocations=35 (full 0):
 garbage-first heap   total 249856K, used 157184K [0x0000000080000000, 0x0000000100000000)
  region size 1024K, 1 young (1024K), 1 survivors (1024K)
 Metaspace       used 106749K, committed 107392K, reserved 1146880K
  class space    used 14616K, committed 14912K, reserved 1048576K
}
Event: 18.648 GC heap before
{Heap before GC invocations=35 (full 0):
 garbage-first heap   total 249856K, used 200192K [0x0000000080000000, 0x0000000100000000)
  region size 1024K, 43 young (44032K), 1 survivors (1024K)
 Metaspace       used 107563K, committed 108160K, reserved 1146880K
  class space    used 14689K, committed 14976K, reserved 1048576K
}
Event: 18.678 GC heap after
{Heap after GC invocations=36 (full 0):
 garbage-first heap   total 249856K, used 177152K [0x0000000080000000, 0x0000000100000000)
  region size 1024K, 6 young (6144K), 6 survivors (6144K)
 Metaspace       used 107563K, committed 108160K, reserved 1146880K
  class space    used 14689K, committed 14976K, reserved 1048576K
}
Event: 18.945 GC heap before
{Heap before GC invocations=36 (full 0):
 garbage-first heap   total 249856K, used 201728K [0x0000000080000000, 0x0000000100000000)
  region size 1024K, 30 young (30720K), 6 survivors (6144K)
 Metaspace       used 107575K, committed 108224K, reserved 1146880K
  class space    used 14689K, committed 14976K, reserved 1048576K
}

Dll operation events (2 events):
Event: 0.006 Loaded shared library C:\Program Files\Android\Android Studio1\jbr\bin\java.dll
Event: 0.403 Loaded shared library C:\Program Files\Android\Android Studio1\jbr\bin\verify.dll

Deoptimization events (20 events):
Event: 18.240 Thread 0x0000024ed2047d00 Uncommon trap: trap_request=0xffffff45 fr.pc=0x0000024eb8cbb828 relative=0x0000000000000188
Event: 18.241 Thread 0x0000024ed2049510 Uncommon trap: trap_request=0xffffff45 fr.pc=0x0000024eb8cbb828 relative=0x0000000000000188
Event: 18.241 Thread 0x0000024ed2047d00 Uncommon trap: reason=unstable_if action=reinterpret pc=0x0000024eb8cbb828 method=com.android.tools.r8.graph.m2.h(Ljava/lang/Object;)Z @ 23 c2
Event: 18.241 Thread 0x0000024ed2049510 Uncommon trap: reason=unstable_if action=reinterpret pc=0x0000024eb8cbb828 method=com.android.tools.r8.graph.m2.h(Ljava/lang/Object;)Z @ 23 c2
Event: 18.241 Thread 0x0000024ed2047d00 DEOPT PACKING pc=0x0000024eb8cbb828 sp=0x00000071e3ffe940
Event: 18.241 Thread 0x0000024ed2047d00 DEOPT UNPACKING pc=0x0000024eb81e69a3 sp=0x00000071e3ffe8d0 mode 2
Event: 18.241 Thread 0x0000024ed2049510 DEOPT PACKING pc=0x0000024eb8cbb828 sp=0x00000071e40fee60
Event: 18.241 Thread 0x0000024ed2049510 DEOPT UNPACKING pc=0x0000024eb81e69a3 sp=0x00000071e40fedf0 mode 2
Event: 18.253 Thread 0x0000024ed204ad20 Uncommon trap: trap_request=0xffffff45 fr.pc=0x0000024eb8d50e8c relative=0x000000000000034c
Event: 18.253 Thread 0x0000024ed204ad20 Uncommon trap: reason=unstable_if action=reinterpret pc=0x0000024eb8d50e8c method=com.android.tools.r8.internal.xp.a(ILjava/lang/Object;)Ljava/lang/Object; @ 1 c2
Event: 18.254 Thread 0x0000024ed204ad20 DEOPT PACKING pc=0x0000024eb8d50e8c sp=0x00000071e42fec40
Event: 18.254 Thread 0x0000024ed204ad20 DEOPT UNPACKING pc=0x0000024eb81e69a3 sp=0x00000071e42fec08 mode 2
Event: 18.517 Thread 0x0000024ed20499e0 DEOPT PACKING pc=0x0000024eb21dd5e4 sp=0x00000071e41fed70
Event: 18.517 Thread 0x0000024ed20499e0 DEOPT UNPACKING pc=0x0000024eb81e7143 sp=0x00000071e41fe288 mode 0
Event: 18.530 Thread 0x0000024ed204ad20 DEOPT PACKING pc=0x0000024eb21dd5e4 sp=0x00000071e42fefa0
Event: 18.530 Thread 0x0000024ed204ad20 DEOPT UNPACKING pc=0x0000024eb81e7143 sp=0x00000071e42fe4b8 mode 0
Event: 18.617 Thread 0x0000024ed2047d00 Uncommon trap: trap_request=0xffffff45 fr.pc=0x0000024eb8d6ebd4 relative=0x0000000000005b54
Event: 18.617 Thread 0x0000024ed2047d00 Uncommon trap: reason=unstable_if action=reinterpret pc=0x0000024eb8d6ebd4 method=com.android.tools.r8.dex.code.O.a(IILcom/android/tools/r8/dex/code/a;Lcom/android/tools/r8/graph/p5;)Lcom/android/tools/r8/dex/code/B1; @ 1 c2
Event: 18.617 Thread 0x0000024ed2047d00 DEOPT PACKING pc=0x0000024eb8d6ebd4 sp=0x00000071e3ffe8e0
Event: 18.617 Thread 0x0000024ed2047d00 DEOPT UNPACKING pc=0x0000024eb81e69a3 sp=0x00000071e3ffe8b0 mode 2

Classes unloaded (3 events):
Event: 17.443 Thread 0x0000024ec6d85300 Unloading class 0x0000000100d40c00 'java/lang/invoke/LambdaForm$DMH+0x0000000100d40c00'
Event: 17.443 Thread 0x0000024ec6d85300 Unloading class 0x0000000100d40800 'java/lang/invoke/LambdaForm$DMH+0x0000000100d40800'
Event: 17.443 Thread 0x0000024ec6d85300 Unloading class 0x0000000100d40400 'java/lang/invoke/LambdaForm$DMH+0x0000000100d40400'

Classes redefined (0 events):
No events

Internal exceptions (20 events):
Event: 16.485 Thread 0x0000024ed2049eb0 Exception <a 'java/lang/NoSuchMethodError'{0x0000000089b9f628}: static Lorg/jetbrains/kotlin/incremental/ClasspathChanges;.<clinit>()V> (0x0000000089b9f628) 
thrown [s\src\hotspot\share\prims\jni.cpp, line 1108]
Event: 16.518 Thread 0x0000024ed20464f0 Exception <a 'sun/nio/fs/WindowsException'{0x0000000089ae6b38}> (0x0000000089ae6b38) 
thrown [s\src\hotspot\share\prims\jni.cpp, line 517]
Event: 16.583 Thread 0x0000024ed20464f0 Exception <a 'sun/nio/fs/WindowsException'{0x0000000089363650}> (0x0000000089363650) 
thrown [s\src\hotspot\share\prims\jni.cpp, line 517]
Event: 16.982 Thread 0x0000024ed2048b70 Exception <a 'java/lang/NoSuchMethodError'{0x000000008cbac1f0}: 'void java.lang.invoke.DirectMethodHandle$Holder.invokeStatic(java.lang.Object, long)'> (0x000000008cbac1f0) 
thrown [s\src\hotspot\share\interpreter\linkResolver.cpp, line 771]
Event: 16.983 Thread 0x0000024ed2048b70 Exception <a 'java/lang/NoSuchMethodError'{0x000000008cbf4e50}: 'java.lang.Object java.lang.invoke.DirectMethodHandle$Holder.newInvokeSpecial(java.lang.Object, long)'> (0x000000008cbf4e50) 
thrown [s\src\hotspot\share\interpreter\linkResolver.cpp, line 771]
Event: 16.984 Thread 0x0000024ed2048b70 Exception <a 'java/lang/NoSuchMethodError'{0x000000008cbfbb10}: 'java.lang.Object java.lang.invoke.DirectMethodHandle$Holder.invokeStatic(java.lang.Object, java.lang.Object, long, java.lang.Object)'> (0x000000008cbfbb10) 
thrown [s\src\hotspot\share\interpreter\linkResolver.cpp, line 771]
Event: 16.985 Thread 0x0000024ed2048b70 Exception <a 'java/lang/NoSuchMethodError'{0x000000008cbff590}: 'java.lang.Object java.lang.invoke.DirectMethodHandle$Holder.invokeStaticInit(java.lang.Object, java.lang.Object, long, java.lang.Object)'> (0x000000008cbff590) 
thrown [s\src\hotspot\share\interpreter\linkResolver.cpp, line 771]
Event: 17.013 Thread 0x0000024ed20486a0 Exception <a 'sun/nio/fs/WindowsException'{0x000000008c90d6f0}> (0x000000008c90d6f0) 
thrown [s\src\hotspot\share\prims\jni.cpp, line 517]
Event: 17.117 Thread 0x0000024ed20486a0 Exception <a 'sun/nio/fs/WindowsException'{0x000000008c267588}> (0x000000008c267588) 
thrown [s\src\hotspot\share\prims\jni.cpp, line 517]
Event: 17.260 Thread 0x0000024ed20439a0 Exception <a 'sun/nio/fs/WindowsException'{0x0000000090f2f460}> (0x0000000090f2f460) 
thrown [s\src\hotspot\share\prims\jni.cpp, line 517]
Event: 17.522 Thread 0x0000024ed20439a0 Exception <a 'java/lang/NoSuchMethodError'{0x000000008dc0f718}: 'java.lang.Object java.lang.invoke.DirectMethodHandle$Holder.invokeStaticInit(java.lang.Object, java.lang.Object, java.lang.Object, java.lang.Object, java.lang.Object, java.lang.Object, java.lang.Object, java.lang.Object, java.lang.Object, java.lang.Object, java.lang.Object, java.lang.Object, java.lang.Object, java.lang.Object, java.lang.Object, java.lang.Object, java.lang.Object, java.lang.Object, java.lang.Object, int, java.lang.Object, java
Event: 18.065 Thread 0x0000024ed2047d00 Exception <a 'java/lang/IncompatibleClassChangeError'{0x000000008a007b70}: Found class java.lang.Object, but interface was expected> (0x000000008a007b70) 
thrown [s\src\hotspot\share\interpreter\linkResolver.cpp, line 838]
Event: 18.090 Thread 0x0000024ed2047d00 Exception <a 'java/lang/NoSuchMethodError'{0x0000000089f542e0}: 'long java.lang.invoke.DirectMethodHandle$Holder.invokeStatic(java.lang.Object, java.lang.Object, java.lang.Object)'> (0x0000000089f542e0) 
thrown [s\src\hotspot\share\interpreter\linkResolver.cpp, line 771]
Event: 18.210 Thread 0x0000024ed2049510 Exception <a 'java/lang/IncompatibleClassChangeError'{0x00000000910d12a0}: Found class java.lang.Object, but interface was expected> (0x00000000910d12a0) 
thrown [s\src\hotspot\share\interpreter\linkResolver.cpp, line 838]
Event: 18.210 Thread 0x0000024ed2047d00 Exception <a 'java/lang/IncompatibleClassChangeError'{0x00000000910d4378}: Found class java.lang.Object, but interface was expected> (0x00000000910d4378) 
thrown [s\src\hotspot\share\interpreter\linkResolver.cpp, line 838]
Event: 18.211 Thread 0x0000024ed204ad20 Exception <a 'java/lang/IncompatibleClassChangeError'{0x00000000910d3bf0}: Found class java.lang.Object, but interface was expected> (0x00000000910d3bf0) 
thrown [s\src\hotspot\share\interpreter\linkResolver.cpp, line 838]
Event: 18.211 Thread 0x0000024ed2049510 Exception <a 'java/lang/IncompatibleClassChangeError'{0x00000000910ea920}: Found class java.lang.Object, but interface was expected> (0x00000000910ea920) 
thrown [s\src\hotspot\share\interpreter\linkResolver.cpp, line 838]
Event: 18.212 Thread 0x0000024ed2047d00 Exception <a 'java/lang/IncompatibleClassChangeError'{0x00000000910ec418}: Found class java.lang.Object, but interface was expected> (0x00000000910ec418) 
thrown [s\src\hotspot\share\interpreter\linkResolver.cpp, line 838]
Event: 18.211 Thread 0x0000024ed204ad20 Exception <a 'java/lang/IncompatibleClassChangeError'{0x00000000910eaf80}: Found class java.lang.Object, but interface was expected> (0x00000000910eaf80) 
thrown [s\src\hotspot\share\interpreter\linkResolver.cpp, line 838]
Event: 18.230 Thread 0x0000024ed204ad20 Implicit null exception at 0x0000024eb8d0e36b to 0x0000024eb8d0e52c

VM Operations (20 events):
Event: 17.268 Executing VM operation: HandshakeAllThreads done
Event: 17.313 Executing VM operation: HandshakeAllThreads
Event: 17.313 Executing VM operation: HandshakeAllThreads done
Event: 17.443 Executing VM operation: G1Concurrent
Event: 17.456 Executing VM operation: G1Concurrent done
Event: 17.568 Executing VM operation: G1Concurrent
Event: 17.580 Executing VM operation: G1Concurrent done
Event: 17.969 Executing VM operation: HandshakeAllThreads
Event: 17.969 Executing VM operation: HandshakeAllThreads done
Event: 18.069 Executing VM operation: HandshakeAllThreads
Event: 18.069 Executing VM operation: HandshakeAllThreads done
Event: 18.121 Executing VM operation: G1CollectForAllocation
Event: 18.164 Executing VM operation: G1CollectForAllocation done
Event: 18.212 Executing VM operation: G1CollectForAllocation
Event: 18.231 Executing VM operation: G1CollectForAllocation done
Event: 18.516 Executing VM operation: HandshakeAllThreads
Event: 18.530 Executing VM operation: HandshakeAllThreads done
Event: 18.647 Executing VM operation: G1CollectForAllocation
Event: 18.709 Executing VM operation: G1CollectForAllocation done
Event: 18.945 Executing VM operation: G1CollectForAllocation

Events (20 events):
Event: 18.052 loading class java/util/concurrent/ForkJoinTask$Aux
Event: 18.052 loading class java/util/concurrent/ForkJoinTask$Aux done
Event: 18.053 loading class java/util/concurrent/ForkJoinPool$DefaultForkJoinWorkerThreadFactory$1
Event: 18.053 loading class java/util/concurrent/ForkJoinPool$DefaultForkJoinWorkerThreadFactory$1 done
Event: 18.053 Thread 0x0000024ed2047d00 Thread added: 0x0000024ed2047d00
Event: 18.054 Thread 0x0000024ed2049510 Thread added: 0x0000024ed2049510
Event: 18.054 Thread 0x0000024ed20499e0 Thread added: 0x0000024ed20499e0
Event: 18.065 Thread 0x0000024ed204ad20 Thread added: 0x0000024ed204ad20
Event: 18.068 loading class java/lang/reflect/GenericSignatureFormatError
Event: 18.068 loading class java/lang/reflect/GenericSignatureFormatError done
Event: 18.202 loading class java/nio/ShortBuffer
Event: 18.202 loading class java/nio/ShortBuffer done
Event: 18.203 loading class java/nio/HeapShortBuffer
Event: 18.203 loading class java/nio/HeapShortBuffer done
Event: 18.232 loading class java/util/AbstractList$RandomAccessSubList
Event: 18.232 loading class java/util/AbstractList$SubList
Event: 18.232 loading class java/util/AbstractList$SubList done
Event: 18.232 loading class java/util/AbstractList$RandomAccessSubList done
Event: 18.233 loading class java/util/AbstractList$SubList$1
Event: 18.233 loading class java/util/AbstractList$SubList$1 done


Dynamic libraries:
0x00007ff719b20000 - 0x00007ff719b2a000 	C:\Program Files\Android\Android Studio1\jbr\bin\java.exe
0x00007ff98fa40000 - 0x00007ff98fc49000 	C:\Windows\SYSTEM32\ntdll.dll
0x00007ff98e820000 - 0x00007ff98e8dd000 	C:\Windows\System32\KERNEL32.DLL
0x00007ff98d230000 - 0x00007ff98d5a9000 	C:\Windows\System32\KERNELBASE.dll
0x00007ff98d110000 - 0x00007ff98d221000 	C:\Windows\System32\ucrtbase.dll
0x00007ff98aea0000 - 0x00007ff98aeb7000 	C:\Program Files\Android\Android Studio1\jbr\bin\jli.dll
0x00007ff98ae80000 - 0x00007ff98ae9b000 	C:\Program Files\Android\Android Studio1\jbr\bin\VCRUNTIME140.dll
0x00007ff98e580000 - 0x00007ff98e72c000 	C:\Windows\System32\USER32.dll
0x00007ff976e30000 - 0x00007ff9770d5000 	C:\Windows\WinSxS\amd64_microsoft.windows.common-controls_6595b64144ccf1df_6.0.22000.120_none_9d947278b86cc467\COMCTL32.dll
0x00007ff98cf70000 - 0x00007ff98cf96000 	C:\Windows\System32\win32u.dll
0x00007ff98e730000 - 0x00007ff98e7d3000 	C:\Windows\System32\msvcrt.dll
0x00007ff98e7f0000 - 0x00007ff98e819000 	C:\Windows\System32\GDI32.dll
0x00007ff98d5b0000 - 0x00007ff98d6c2000 	C:\Windows\System32\gdi32full.dll
0x00007ff98d750000 - 0x00007ff98d7ed000 	C:\Windows\System32\msvcp_win.dll
0x00007ff98e540000 - 0x00007ff98e571000 	C:\Windows\System32\IMM32.DLL
0x00007ff98ae00000 - 0x00007ff98ae0c000 	C:\Program Files\Android\Android Studio1\jbr\bin\vcruntime140_1.dll
0x00007ff9675e0000 - 0x00007ff96766d000 	C:\Program Files\Android\Android Studio1\jbr\bin\msvcp140.dll
0x00007ff9472e0000 - 0x00007ff947f4d000 	C:\Program Files\Android\Android Studio1\jbr\bin\server\jvm.dll
0x00007ff98f920000 - 0x00007ff98f9ce000 	C:\Windows\System32\ADVAPI32.dll
0x00007ff98db50000 - 0x00007ff98dbee000 	C:\Windows\System32\sechost.dll
0x00007ff98e940000 - 0x00007ff98ea60000 	C:\Windows\System32\RPCRT4.dll
0x00007ff9754c0000 - 0x00007ff9754c9000 	C:\Windows\SYSTEM32\WSOCK32.dll
0x00007ff9871d0000 - 0x00007ff987203000 	C:\Windows\SYSTEM32\WINMM.dll
0x00007ff98f7c0000 - 0x00007ff98f82f000 	C:\Windows\System32\WS2_32.dll
0x00007ff9840f0000 - 0x00007ff9840fa000 	C:\Windows\SYSTEM32\VERSION.dll
0x00007ff98c0f0000 - 0x00007ff98c108000 	C:\Windows\SYSTEM32\kernel.appcore.dll
0x00007ff984120000 - 0x00007ff98412a000 	C:\Program Files\Android\Android Studio1\jbr\bin\jimage.dll
0x00007ff957690000 - 0x00007ff9578b1000 	C:\Windows\SYSTEM32\DBGHELP.DLL
0x00007ff97f750000 - 0x00007ff97f781000 	C:\Windows\SYSTEM32\dbgcore.DLL
0x00007ff98d6d0000 - 0x00007ff98d74f000 	C:\Windows\System32\bcryptPrimitives.dll
0x00007ff97d1e0000 - 0x00007ff97d205000 	C:\Program Files\Android\Android Studio1\jbr\bin\java.dll
0x00007ff97d1c0000 - 0x00007ff97d1d8000 	C:\Program Files\Android\Android Studio1\jbr\bin\zip.dll
0x00007ff98dc00000 - 0x00007ff98e3af000 	C:\Windows\System32\SHELL32.dll
0x00007ff98b040000 - 0x00007ff98b8a8000 	C:\Windows\SYSTEM32\windows.storage.dll
0x00007ff98eed0000 - 0x00007ff98f248000 	C:\Windows\System32\combase.dll
0x00007ff98aed0000 - 0x00007ff98b036000 	C:\Windows\SYSTEM32\wintypes.dll
0x00007ff98d940000 - 0x00007ff98da2a000 	C:\Windows\System32\SHCORE.dll
0x00007ff98e8e0000 - 0x00007ff98e93d000 	C:\Windows\System32\shlwapi.dll
0x00007ff98ce30000 - 0x00007ff98ce51000 	C:\Windows\SYSTEM32\profapi.dll
0x00007ff97c560000 - 0x00007ff97c579000 	C:\Program Files\Android\Android Studio1\jbr\bin\net.dll
0x00007ff98a360000 - 0x00007ff98a46c000 	C:\Windows\SYSTEM32\WINHTTP.dll
0x00007ff98c520000 - 0x00007ff98c587000 	C:\Windows\system32\mswsock.dll
0x00007ff97c540000 - 0x00007ff97c556000 	C:\Program Files\Android\Android Studio1\jbr\bin\nio.dll
0x00007ff97b2e0000 - 0x00007ff97b2f0000 	C:\Program Files\Android\Android Studio1\jbr\bin\verify.dll
0x00007ff979390000 - 0x00007ff9793b7000 	C:\Users\ThinkPad T470\.gradle\native\68d5fa5c4cc2d200863cafc0d521ce42e7d3e7ee720ec0a83991735586a16f82\windows-amd64\native-platform.dll
0x00007ff961c90000 - 0x00007ff961dd4000 	C:\Users\ThinkPad T470\.gradle\native\e376f236ea51e6404a007f0833ffe2c6e607c4080706a723a18a27aeea778392\windows-amd64\native-platform-file-events.dll
0x00007ff97cd00000 - 0x00007ff97cd09000 	C:\Program Files\Android\Android Studio1\jbr\bin\management.dll
0x00007ff97c530000 - 0x00007ff97c53b000 	C:\Program Files\Android\Android Studio1\jbr\bin\management_ext.dll
0x00007ff98f7b0000 - 0x00007ff98f7b8000 	C:\Windows\System32\PSAPI.DLL
0x00007ff98c760000 - 0x00007ff98c778000 	C:\Windows\SYSTEM32\CRYPTSP.dll
0x00007ff98c050000 - 0x00007ff98c085000 	C:\Windows\system32\rsaenh.dll
0x00007ff98c610000 - 0x00007ff98c639000 	C:\Windows\SYSTEM32\USERENV.dll
0x00007ff98c8e0000 - 0x00007ff98c907000 	C:\Windows\SYSTEM32\bcrypt.dll
0x00007ff98c780000 - 0x00007ff98c78c000 	C:\Windows\SYSTEM32\CRYPTBASE.dll
0x00007ff98bc20000 - 0x00007ff98bc4d000 	C:\Windows\SYSTEM32\IPHLPAPI.DLL
0x00007ff98e7e0000 - 0x00007ff98e7e9000 	C:\Windows\System32\NSI.dll
0x00007ff9840d0000 - 0x00007ff9840e9000 	C:\Windows\SYSTEM32\dhcpcsvc6.DLL
0x00007ff987180000 - 0x00007ff98719e000 	C:\Windows\SYSTEM32\dhcpcsvc.DLL
0x00007ff98bca0000 - 0x00007ff98bd88000 	C:\Windows\SYSTEM32\DNSAPI.dll
0x00007ff97b2d0000 - 0x00007ff97b2d8000 	C:\Windows\system32\wshunix.dll
0x00007ff97f690000 - 0x00007ff97f6a7000 	C:\Windows\system32\napinsp.dll
0x00007ff97f670000 - 0x00007ff97f68b000 	C:\Windows\system32\pnrpnsp.dll
0x00007ff97f650000 - 0x00007ff97f662000 	C:\Windows\System32\winrnr.dll
0x00007ff96e290000 - 0x00007ff96e2a5000 	C:\Windows\system32\wshbth.dll
0x00007ff977a30000 - 0x00007ff977a4f000 	C:\Windows\system32\nlansp_c.dll
0x00007ff97ea30000 - 0x00007ff97ea3a000 	C:\Windows\System32\rasadhlp.dll
0x00007ff97ff90000 - 0x00007ff980011000 	C:\Windows\System32\fwpuclnt.dll
0x00007ff98ae50000 - 0x00007ff98ae6e000 	C:\Temp\native-platform3896952000684905344dir\native-platform.dll

dbghelp: loaded successfully - version: 4.0.5 - missing functions: none
symbol engine: initialized successfully - sym options: 0x614 - pdb path: .;C:\Program Files\Android\Android Studio1\jbr\bin;C:\Windows\SYSTEM32;C:\Windows\WinSxS\amd64_microsoft.windows.common-controls_6595b64144ccf1df_6.0.22000.120_none_9d947278b86cc467;C:\Program Files\Android\Android Studio1\jbr\bin\server;C:\Users\ThinkPad T470\.gradle\native\68d5fa5c4cc2d200863cafc0d521ce42e7d3e7ee720ec0a83991735586a16f82\windows-amd64;C:\Users\ThinkPad T470\.gradle\native\e376f236ea51e6404a007f0833ffe2c6e607c4080706a723a18a27aeea778392\windows-amd64;C:\Temp\native-platform3896952000684905344dir

VM Arguments:
jvm_args: --add-opens=java.base/java.util=ALL-UNNAMED --add-opens=java.base/java.lang=ALL-UNNAMED --add-opens=java.base/java.lang.invoke=ALL-UNNAMED --add-opens=java.prefs/java.util.prefs=ALL-UNNAMED --add-opens=java.base/java.nio.charset=ALL-UNNAMED --add-opens=java.base/java.net=ALL-UNNAMED --add-opens=java.base/java.util.concurrent.atomic=ALL-UNNAMED -Xmx2048m -Dfile.encoding=UTF-8 -Duser.country=RU -Duser.language=ru -Duser.variant 
java_command: org.gradle.launcher.daemon.bootstrap.GradleDaemon 8.0
java_class_path (initial): C:\Users\ThinkPad T470\.gradle\wrapper\dists\gradle-8.0-bin\ca5e32bp14vu59qr306oxotwh\gradle-8.0\lib\gradle-launcher-8.0.jar
Launcher Type: SUN_STANDARD

[Global flags]
     intx CICompilerCount                          = 3                                         {product} {ergonomic}
     uint ConcGCThreads                            = 1                                         {product} {ergonomic}
     uint G1ConcRefinementThreads                  = 4                                         {product} {ergonomic}
   size_t G1HeapRegionSize                         = 1048576                                   {product} {ergonomic}
    uintx GCDrainStackTargetSize                   = 64                                        {product} {ergonomic}
   size_t InitialHeapSize                          = 266338304                                 {product} {ergonomic}
   size_t MarkStackSize                            = 4194304                                   {product} {ergonomic}
   size_t MaxHeapSize                              = 2147483648                                {product} {command line}
   size_t MaxNewSize                               = 1287651328                                {product} {ergonomic}
   size_t MinHeapDeltaBytes                        = 1048576                                   {product} {ergonomic}
   size_t MinHeapSize                              = 8388608                                   {product} {ergonomic}
    uintx NonNMethodCodeHeapSize                   = 5832780                                {pd product} {ergonomic}
    uintx NonProfiledCodeHeapSize                  = 122912730                              {pd product} {ergonomic}
    uintx ProfiledCodeHeapSize                     = 122912730                              {pd product} {ergonomic}
    uintx ReservedCodeCacheSize                    = 251658240                              {pd product} {ergonomic}
     bool SegmentedCodeCache                       = true                                      {product} {ergonomic}
   size_t SoftMaxHeapSize                          = 2147483648                             {manageable} {ergonomic}
     bool UseCompressedClassPointers               = true                           {product lp64_product} {ergonomic}
     bool UseCompressedOops                        = true                           {product lp64_product} {ergonomic}
     bool UseG1GC                                  = true                                      {product} {ergonomic}
     bool UseLargePagesIndividualAllocation        = false                                  {pd product} {ergonomic}

Logging:
Log output configuration:
 #0: stdout all=warning uptime,level,tags
 #1: stderr all=off uptime,level,tags

Environment Variables:
PATH=C:\Windows\system32;C:\Windows;C:\Windows\System32\Wbem;C:\Windows\System32\WindowsPowerShell\v1.0\;C:\Program Files (x86)\dotnet\;C:\Program Files\Git\cmd;c:\Program Files (x86)\Intel\Intel(R) Management Engine Components\DAL;c:\Program Files\Intel\Intel(R) Management Engine Components\DAL;C:\Users\ThinkPad T470\AppData\Local\Microsoft\WindowsApps;
USERNAME=ThinkPad T470
OS=Windows_NT
PROCESSOR_IDENTIFIER=Intel64 Family 6 Model 78 Stepping 3, GenuineIntel
TMP=C:\Temp
TEMP=C:\Temp



---------------  S Y S T E M  ---------------

OS:
 Windows 11 , 64 bit Build 22000 (10.0.22000.675)
OS uptime: 18 days 12:59 hours

CPU: total 4 (initial active 4) (2 cores per cpu, 2 threads per core) family 6 model 78 stepping 3 microcode 0xec, cx8, cmov, fxsr, ht, mmx, 3dnowpref, sse, sse2, sse3, ssse3, sse4.1, sse4.2, popcnt, lzcnt, tsc, tscinvbit, avx, avx2, aes, erms, clmul, bmi1, bmi2, rtm, adx, fma, vzeroupper, clflush, clflushopt

Memory: 4k page, system-wide physical 16223M (2721M free)
TotalPageFile size 16239M (AvailPageFile size 24M)
current process WorkingSet (physical memory assigned to process): 549M, peak: 553M
current process commit charge ("private bytes"): 618M, peak: 823M

vm_info: OpenJDK 64-Bit Server VM (17.0.6+0-b2043.56-9586694) for windows-amd64 JRE (17.0.6+0-b2043.56-9586694), built on Feb  9 2023 20:06:20 by "androidbuild" with MS VC++ 16.10 / 16.11 (VS2019)

END.
