#
# There is insufficient memory for the Java Runtime Environment to continue.
# Native memory allocation (mmap) failed to map 362807296 bytes for G1 virtual space
# Possible reasons:
#   The system is out of physical RAM or swap space
#   The process is running with CompressedOops enabled, and the Java Heap may be blocking the growth of the native heap
# Possible solutions:
#   Reduce memory load on the system
#   Increase physical memory or swap space
#   Check if swap backing store is full
#   Decrease Java heap size (-Xmx/-Xms)
#   Decrease number of Java threads
#   Decrease Java thread stack sizes (-Xss)
#   Set larger code cache with -XX:ReservedCodeCacheSize=
#   JVM is running with Unscaled Compressed Oops mode in which the Java heap is
#     placed in the first 4GB address space. The Java Heap base address is the
#     maximum limit for the native heap growth. Please use -XX:HeapBaseMinAddress
#     to set the Java Heap base and to place the Java Heap above 4GB virtual address.
# This output file may be truncated or incomplete.
#
#  Out of Memory Error (os_windows.cpp:3769), pid=16752, tid=11328
#
# JRE version: OpenJDK Runtime Environment (17.0.6) (build 17.0.6+0-b2043.56-9586694)
# Java VM: OpenJDK 64-Bit Server VM (17.0.6+0-b2043.56-9586694, mixed mode, tiered, compressed oops, compressed class ptrs, g1 gc, windows-amd64)
# No core dump will be written. Minidumps are not enabled by default on client versions of Windows
#

---------------  S U M M A R Y ------------

Command Line: --add-opens=java.base/java.util=ALL-UNNAMED --add-opens=java.base/java.lang=ALL-UNNAMED --add-opens=java.base/java.lang.invoke=ALL-UNNAMED --add-opens=java.prefs/java.util.prefs=ALL-UNNAMED --add-opens=java.base/java.nio.charset=ALL-UNNAMED --add-opens=java.base/java.net=ALL-UNNAMED --add-opens=java.base/java.util.concurrent.atomic=ALL-UNNAMED -Xmx2048m -Dfile.encoding=UTF-8 -Duser.country=RU -Duser.language=ru -Duser.variant org.gradle.launcher.daemon.bootstrap.GradleDaemon 8.0

Host: Intel(R) Core(TM) i5-6300U CPU @ 2.40GHz, 4 cores, 15G,  Windows 11 , 64 bit Build 22000 (10.0.22000.675)
Time: Sun Dec 10 11:33:03 2023 RTZ 2 (s 11 , 64 bit Build 22000 (10.0.22000.675) elapsed time: 19.382867 seconds (0d 0h 0m 19s)

---------------  T H R E A D  ---------------

Current thread (0x00000191f486ed20):  VMThread "VM Thread" [stack: 0x0000000816000000,0x0000000816100000] [id=11328]

Stack: [0x0000000816000000,0x0000000816100000]
Native frames: (J=compiled Java code, j=interpreted, Vv=VM code, C=native code)
V  [jvm.dll+0x683b4a]
V  [jvm.dll+0x842654]
V  [jvm.dll+0x843dfe]
V  [jvm.dll+0x844463]
V  [jvm.dll+0x249b75]
V  [jvm.dll+0x680a19]
V  [jvm.dll+0x674f0a]
V  [jvm.dll+0x309acb]
V  [jvm.dll+0x310f86]
V  [jvm.dll+0x3608ee]
V  [jvm.dll+0x360b1f]
V  [jvm.dll+0x2dfbf8]
V  [jvm.dll+0x2ddec4]
V  [jvm.dll+0x2dd4cc]
V  [jvm.dll+0x321f3b]
V  [jvm.dll+0x84893b]
V  [jvm.dll+0x849674]
V  [jvm.dll+0x849b8d]
V  [jvm.dll+0x849f64]
V  [jvm.dll+0x84a030]
V  [jvm.dll+0x7f25fa]
V  [jvm.dll+0x682985]
C  [ucrtbase.dll+0x26c0c]
C  [KERNEL32.DLL+0x154e0]
C  [ntdll.dll+0x485b]

VM_Operation (0x000000081c6fe560): G1CollectForAllocation, mode: safepoint, requested by thread 0x00000191f6533870


---------------  P R O C E S S  ---------------

Threads class SMR info:
_java_thread_list=0x0000019180cd6b00, length=98, elements={
0x00000191db269050, 0x00000191f546b140, 0x00000191f546bfb0, 0x00000191f549bb50,
0x00000191f549f590, 0x00000191f549fe50, 0x00000191f54a0c10, 0x00000191f54a2900,
0x00000191f54a33a0, 0x00000191f54c0e20, 0x00000191f56241b0, 0x00000191f563ad60,
0x00000191f69ed4b0, 0x00000191f67922f0, 0x00000191f69b2870, 0x00000191f6daa5f0,
0x00000191f8321100, 0x00000191f7851430, 0x00000191f6c066c0, 0x00000191f82bb960,
0x00000191f82bbe30, 0x00000191f82baaf0, 0x00000191f82bc300, 0x00000191f82bc7d0,
0x00000191f82bcca0, 0x00000191f82b92e0, 0x00000191f82b97b0, 0x00000191f82bafc0,
0x00000191f82bb490, 0x00000191f82ba150, 0x00000191f82b9c80, 0x00000191f82ba620,
0x00000191f7f13ec0, 0x00000191f7f16a10, 0x00000191f7f14390, 0x00000191f7f15200,
0x00000191f7f156d0, 0x00000191f7f14860, 0x00000191f7f15ba0, 0x00000191f7f13050,
0x00000191f7f16070, 0x00000191f7f16540, 0x00000191f9eca020, 0x00000191f9ec9b50,
0x00000191f9ecb360, 0x00000191f9ecbd00, 0x00000191f9ecf6c0, 0x00000191f9ecc1d0,
0x00000191f9eca4f0, 0x00000191f9ed0060, 0x00000191f9ecb830, 0x00000191f9ecc6a0,
0x00000191f9ecd9e0, 0x00000191f9eccb70, 0x00000191f9eca9c0, 0x00000191f9ecd510,
0x00000191f9ecd040, 0x00000191f9eced20, 0x00000191f9ed0530, 0x00000191f9ed0a00,
0x00000191f9ecdeb0, 0x00000191f9ece380, 0x00000191f9ed0ed0, 0x00000191f9ec9680,
0x00000191f9ecae90, 0x00000191f9ece850, 0x00000191f9ecf1f0, 0x00000191f9ecfb90,
0x00000191fad86230, 0x00000191fad82870, 0x00000191fad883e0, 0x00000191fad83bb0,
0x00000191fad84ef0, 0x00000191fad81060, 0x00000191fad84080, 0x00000191fad85890,
0x00000191fad82d40, 0x00000191fad870a0, 0x00000191fad83210, 0x00000191fad86bd0,
0x00000191fad836e0, 0x00000191f8729dc0, 0x00000191fad87a40, 0x00000191fad888b0,
0x00000191fad81a00, 0x00000191fad81ed0, 0x00000191fad823a0, 0x00000191f9558080,
0x00000191f9558550, 0x00000191fad87f10, 0x00000191f6536890, 0x00000191f65363c0,
0x00000191f6533d40, 0x00000191f65398b0, 0x00000191f6535ef0, 0x00000191f6533870,
0x00000191f6532530, 0x00000191f6535a20
}
_to_delete_list=0x0000019180e59ee0, length=97, elements={
0x00000191db269050, 0x00000191f546b140, 0x00000191f546bfb0, 0x00000191f549bb50,
0x00000191f549f590, 0x00000191f549fe50, 0x00000191f54a0c10, 0x00000191f54a2900,
0x00000191f54a33a0, 0x00000191f54c0e20, 0x00000191f56241b0, 0x00000191f563ad60,
0x00000191f69ed4b0, 0x00000191f67922f0, 0x00000191f69b2870, 0x00000191f6daa5f0,
0x00000191f8321100, 0x00000191f7851430, 0x00000191f6c066c0, 0x00000191f82bb960,
0x00000191f82bbe30, 0x00000191f82baaf0, 0x00000191f82bc300, 0x00000191f82bc7d0,
0x00000191f82bcca0, 0x00000191f82b92e0, 0x00000191f82b97b0, 0x00000191f82bafc0,
0x00000191f82bb490, 0x00000191f82ba150, 0x00000191f82b9c80, 0x00000191f82ba620,
0x00000191f7f13ec0, 0x00000191f7f16a10, 0x00000191f7f14390, 0x00000191f7f15200,
0x00000191f7f156d0, 0x00000191f7f14860, 0x00000191f7f15ba0, 0x00000191f7f13050,
0x00000191f7f16070, 0x00000191f7f16540, 0x00000191f9eca020, 0x00000191f9ec9b50,
0x00000191f9ecb360, 0x00000191f9ecbd00, 0x00000191f9ecf6c0, 0x00000191f9ecc1d0,
0x00000191f9eca4f0, 0x00000191f9ed0060, 0x00000191f9ecb830, 0x00000191f9ecc6a0,
0x00000191f9ecd9e0, 0x00000191f9eccb70, 0x00000191f9eca9c0, 0x00000191f9ecd510,
0x00000191f9ecd040, 0x00000191f9eced20, 0x00000191f9ed0530, 0x00000191f9ed0a00,
0x00000191f9ecdeb0, 0x00000191f9ece380, 0x00000191f9ed0ed0, 0x00000191f9ec9680,
0x00000191f9ecae90, 0x00000191f9ece850, 0x00000191f9ecf1f0, 0x00000191f9ecfb90,
0x00000191fad86230, 0x00000191fad82870, 0x00000191fad883e0, 0x00000191fad83bb0,
0x00000191fad84ef0, 0x00000191fad81060, 0x00000191fad84080, 0x00000191fad85890,
0x00000191fad82d40, 0x00000191fad870a0, 0x00000191fad83210, 0x00000191fad86bd0,
0x00000191fad836e0, 0x00000191f8729dc0, 0x00000191fad87a40, 0x00000191fad888b0,
0x00000191fad81a00, 0x00000191fad81ed0, 0x00000191fad823a0, 0x00000191f9558080,
0x00000191f9558550, 0x00000191fad87f10, 0x00000191f6536890, 0x00000191f65363c0,
0x00000191f6533d40, 0x00000191f65398b0, 0x00000191f6535ef0, 0x00000191f6533870,
0x00000191f6532530
}

Java Threads: ( => current thread )
  0x00000191db269050 JavaThread "main" [_thread_blocked, id=17696, stack(0x0000000815a00000,0x0000000815b00000)]
  0x00000191f546b140 JavaThread "Reference Handler" daemon [_thread_blocked, id=16008, stack(0x0000000816100000,0x0000000816200000)]
  0x00000191f546bfb0 JavaThread "Finalizer" daemon [_thread_blocked, id=12628, stack(0x0000000816200000,0x0000000816300000)]
  0x00000191f549bb50 JavaThread "Signal Dispatcher" daemon [_thread_blocked, id=18876, stack(0x0000000816300000,0x0000000816400000)]
  0x00000191f549f590 JavaThread "Attach Listener" daemon [_thread_blocked, id=10924, stack(0x0000000816400000,0x0000000816500000)]
  0x00000191f549fe50 JavaThread "Service Thread" daemon [_thread_blocked, id=18756, stack(0x0000000816500000,0x0000000816600000)]
  0x00000191f54a0c10 JavaThread "Monitor Deflation Thread" daemon [_thread_blocked, id=4468, stack(0x0000000816600000,0x0000000816700000)]
  0x00000191f54a2900 JavaThread "C2 CompilerThread0" daemon [_thread_blocked, id=6088, stack(0x0000000816700000,0x0000000816800000)]
  0x00000191f54a33a0 JavaThread "C1 CompilerThread0" daemon [_thread_blocked, id=7548, stack(0x0000000816800000,0x0000000816900000)]
  0x00000191f54c0e20 JavaThread "Sweeper thread" daemon [_thread_blocked, id=16760, stack(0x0000000816900000,0x0000000816a00000)]
  0x00000191f56241b0 JavaThread "Common-Cleaner" daemon [_thread_blocked, id=17520, stack(0x0000000816a00000,0x0000000816b00000)]
  0x00000191f563ad60 JavaThread "Notification Thread" daemon [_thread_blocked, id=3436, stack(0x0000000816b00000,0x0000000816c00000)]
  0x00000191f69ed4b0 JavaThread "Daemon health stats" [_thread_blocked, id=18620, stack(0x0000000817100000,0x0000000817200000)]
  0x00000191f67922f0 JavaThread "Incoming local TCP Connector on port 60072" [_thread_in_native, id=3524, stack(0x0000000817200000,0x0000000817300000)]
  0x00000191f69b2870 JavaThread "Daemon periodic checks" [_thread_blocked, id=14800, stack(0x0000000817300000,0x0000000817400000)]
  0x00000191f6daa5f0 JavaThread "Daemon" [_thread_blocked, id=3956, stack(0x0000000817400000,0x0000000817500000)]
  0x00000191f8321100 JavaThread "Handler for socket connection from /127.0.0.1:60072 to /127.0.0.1:60073" [_thread_in_native, id=11740, stack(0x0000000817500000,0x0000000817600000)]
  0x00000191f7851430 JavaThread "Cancel handler" [_thread_blocked, id=16884, stack(0x0000000817600000,0x0000000817700000)]
  0x00000191f6c066c0 JavaThread "Daemon worker" [_thread_blocked, id=11080, stack(0x0000000817700000,0x0000000817800000)]
  0x00000191f82bb960 JavaThread "Asynchronous log dispatcher for DefaultDaemonConnection: socket connection from /127.0.0.1:60072 to /127.0.0.1:60073" [_thread_blocked, id=19440, stack(0x0000000817800000,0x0000000817900000)]
  0x00000191f82bbe30 JavaThread "Stdin handler" [_thread_blocked, id=16408, stack(0x0000000817900000,0x0000000817a00000)]
  0x00000191f82baaf0 JavaThread "Daemon client event forwarder" [_thread_blocked, id=18472, stack(0x0000000817a00000,0x0000000817b00000)]
  0x00000191f82bc300 JavaThread "Cache worker for journal cache (C:\Users\ThinkPad T470\.gradle\caches\journal-1)" [_thread_blocked, id=13004, stack(0x0000000817b00000,0x0000000817c00000)]
  0x00000191f82bc7d0 JavaThread "File lock request listener" [_thread_in_native, id=3232, stack(0x0000000817c00000,0x0000000817d00000)]
  0x00000191f82bcca0 JavaThread "Cache worker for file hash cache (C:\Users\ThinkPad T470\.gradle\caches\8.0\fileHashes)" [_thread_blocked, id=19104, stack(0x0000000817d00000,0x0000000817e00000)]
  0x00000191f82b92e0 JavaThread "File watcher server" daemon [_thread_blocked, id=8780, stack(0x0000000817e00000,0x0000000817f00000)]
  0x00000191f82b97b0 JavaThread "File watcher consumer" daemon [_thread_blocked, id=19260, stack(0x0000000817f00000,0x0000000818000000)]
  0x00000191f82bafc0 JavaThread "Cache worker for checksums cache (D:\numbersGame\.gradle\8.0\checksums)" [_thread_blocked, id=7920, stack(0x0000000818000000,0x0000000818100000)]
  0x00000191f82bb490 JavaThread "Cache worker for cache directory md-rule (C:\Users\ThinkPad T470\.gradle\caches\8.0\md-rule)" [_thread_blocked, id=12080, stack(0x0000000818100000,0x0000000818200000)]
  0x00000191f82ba150 JavaThread "Cache worker for file content cache (C:\Users\ThinkPad T470\.gradle\caches\8.0\fileContent)" [_thread_blocked, id=8292, stack(0x0000000818200000,0x0000000818300000)]
  0x00000191f82b9c80 JavaThread "Cache worker for file hash cache (D:\numbersGame\.gradle\8.0\fileHashes)" [_thread_blocked, id=11188, stack(0x0000000818300000,0x0000000818400000)]
  0x00000191f82ba620 JavaThread "Cache worker for cache directory md-supplier (C:\Users\ThinkPad T470\.gradle\caches\8.0\md-supplier)" [_thread_blocked, id=10036, stack(0x0000000818400000,0x0000000818500000)]
  0x00000191f7f13ec0 JavaThread "Cache worker for execution history cache (C:\Users\ThinkPad T470\.gradle\caches\8.0\executionHistory)" [_thread_blocked, id=12112, stack(0x0000000818500000,0x0000000818600000)]
  0x00000191f7f16a10 JavaThread "jar transforms" [_thread_blocked, id=6832, stack(0x0000000818600000,0x0000000818700000)]
  0x00000191f7f14390 JavaThread "jar transforms Thread 2" [_thread_blocked, id=12804, stack(0x0000000818700000,0x0000000818800000)]
  0x00000191f7f15200 JavaThread "jar transforms Thread 3" [_thread_blocked, id=18728, stack(0x0000000818900000,0x0000000818a00000)]
  0x00000191f7f156d0 JavaThread "jar transforms Thread 4" [_thread_blocked, id=6788, stack(0x0000000818a00000,0x0000000818b00000)]
  0x00000191f7f14860 JavaThread "Cache worker for dependencies-accessors (D:\numbersGame\.gradle\8.0\dependencies-accessors)" [_thread_blocked, id=19072, stack(0x0000000818b00000,0x0000000818c00000)]
  0x00000191f7f15ba0 JavaThread "Cache worker for Build Output Cleanup Cache (D:\numbersGame\.gradle\buildOutputCleanup)" [_thread_blocked, id=18168, stack(0x0000000818c00000,0x0000000818d00000)]
  0x00000191f7f13050 JavaThread "Unconstrained build operations" [_thread_blocked, id=8284, stack(0x0000000818d00000,0x0000000818e00000)]
  0x00000191f7f16070 JavaThread "Unconstrained build operations Thread 2" [_thread_blocked, id=12840, stack(0x0000000818e00000,0x0000000818f00000)]
  0x00000191f7f16540 JavaThread "Unconstrained build operations Thread 3" [_thread_blocked, id=11788, stack(0x0000000818f00000,0x0000000819000000)]
  0x00000191f9eca020 JavaThread "Unconstrained build operations Thread 4" [_thread_blocked, id=8560, stack(0x0000000819000000,0x0000000819100000)]
  0x00000191f9ec9b50 JavaThread "Unconstrained build operations Thread 5" [_thread_blocked, id=6360, stack(0x0000000819100000,0x0000000819200000)]
  0x00000191f9ecb360 JavaThread "Unconstrained build operations Thread 6" [_thread_blocked, id=14380, stack(0x0000000819200000,0x0000000819300000)]
  0x00000191f9ecbd00 JavaThread "Unconstrained build operations Thread 7" [_thread_blocked, id=7096, stack(0x0000000819300000,0x0000000819400000)]
  0x00000191f9ecf6c0 JavaThread "Unconstrained build operations Thread 8" [_thread_blocked, id=18280, stack(0x0000000819400000,0x0000000819500000)]
  0x00000191f9ecc1d0 JavaThread "Unconstrained build operations Thread 9" [_thread_blocked, id=4572, stack(0x0000000819500000,0x0000000819600000)]
  0x00000191f9eca4f0 JavaThread "Unconstrained build operations Thread 10" [_thread_blocked, id=13900, stack(0x0000000819600000,0x0000000819700000)]
  0x00000191f9ed0060 JavaThread "Unconstrained build operations Thread 11" [_thread_blocked, id=16168, stack(0x0000000819700000,0x0000000819800000)]
  0x00000191f9ecb830 JavaThread "Unconstrained build operations Thread 12" [_thread_blocked, id=8612, stack(0x0000000819800000,0x0000000819900000)]
  0x00000191f9ecc6a0 JavaThread "Unconstrained build operations Thread 13" [_thread_blocked, id=16992, stack(0x0000000819900000,0x0000000819a00000)]
  0x00000191f9ecd9e0 JavaThread "Unconstrained build operations Thread 14" [_thread_blocked, id=10272, stack(0x0000000819a00000,0x0000000819b00000)]
  0x00000191f9eccb70 JavaThread "Unconstrained build operations Thread 15" [_thread_blocked, id=18884, stack(0x0000000819b00000,0x0000000819c00000)]
  0x00000191f9eca9c0 JavaThread "Unconstrained build operations Thread 16" [_thread_blocked, id=17716, stack(0x0000000819c00000,0x0000000819d00000)]
  0x00000191f9ecd510 JavaThread "Unconstrained build operations Thread 17" [_thread_blocked, id=10416, stack(0x0000000819d00000,0x0000000819e00000)]
  0x00000191f9ecd040 JavaThread "Unconstrained build operations Thread 18" [_thread_blocked, id=7780, stack(0x0000000819e00000,0x0000000819f00000)]
  0x00000191f9eced20 JavaThread "Unconstrained build operations Thread 19" [_thread_blocked, id=19332, stack(0x0000000819f00000,0x000000081a000000)]
  0x00000191f9ed0530 JavaThread "Unconstrained build operations Thread 20" [_thread_blocked, id=8992, stack(0x000000081a000000,0x000000081a100000)]
  0x00000191f9ed0a00 JavaThread "Unconstrained build operations Thread 21" [_thread_blocked, id=18536, stack(0x000000081a100000,0x000000081a200000)]
  0x00000191f9ecdeb0 JavaThread "Unconstrained build operations Thread 22" [_thread_blocked, id=2492, stack(0x000000081a200000,0x000000081a300000)]
  0x00000191f9ece380 JavaThread "Unconstrained build operations Thread 23" [_thread_blocked, id=8860, stack(0x000000081a300000,0x000000081a400000)]
  0x00000191f9ed0ed0 JavaThread "Unconstrained build operations Thread 24" [_thread_blocked, id=14704, stack(0x000000081a400000,0x000000081a500000)]
  0x00000191f9ec9680 JavaThread "Unconstrained build operations Thread 25" [_thread_blocked, id=7972, stack(0x000000081a500000,0x000000081a600000)]
  0x00000191f9ecae90 JavaThread "Unconstrained build operations Thread 26" [_thread_blocked, id=5380, stack(0x000000081a600000,0x000000081a700000)]
  0x00000191f9ece850 JavaThread "Unconstrained build operations Thread 27" [_thread_blocked, id=4012, stack(0x000000081a700000,0x000000081a800000)]
  0x00000191f9ecf1f0 JavaThread "Unconstrained build operations Thread 28" [_thread_blocked, id=17748, stack(0x000000081a800000,0x000000081a900000)]
  0x00000191f9ecfb90 JavaThread "Unconstrained build operations Thread 29" [_thread_blocked, id=19316, stack(0x000000081a900000,0x000000081aa00000)]
  0x00000191fad86230 JavaThread "Unconstrained build operations Thread 30" [_thread_blocked, id=2812, stack(0x000000081aa00000,0x000000081ab00000)]
  0x00000191fad82870 JavaThread "Unconstrained build operations Thread 31" [_thread_blocked, id=18288, stack(0x000000081ab00000,0x000000081ac00000)]
  0x00000191fad883e0 JavaThread "Unconstrained build operations Thread 32" [_thread_blocked, id=13832, stack(0x000000081ac00000,0x000000081ad00000)]
  0x00000191fad83bb0 JavaThread "Unconstrained build operations Thread 33" [_thread_blocked, id=11804, stack(0x000000081ad00000,0x000000081ae00000)]
  0x00000191fad84ef0 JavaThread "Unconstrained build operations Thread 34" [_thread_blocked, id=15304, stack(0x000000081ae00000,0x000000081af00000)]
  0x00000191fad81060 JavaThread "Unconstrained build operations Thread 35" [_thread_blocked, id=13844, stack(0x000000081af00000,0x000000081b000000)]
  0x00000191fad84080 JavaThread "Unconstrained build operations Thread 36" [_thread_blocked, id=17020, stack(0x000000081b000000,0x000000081b100000)]
  0x00000191fad85890 JavaThread "Unconstrained build operations Thread 37" [_thread_blocked, id=19416, stack(0x000000081b100000,0x000000081b200000)]
  0x00000191fad82d40 JavaThread "Unconstrained build operations Thread 38" [_thread_blocked, id=2012, stack(0x000000081b200000,0x000000081b300000)]
  0x00000191fad870a0 JavaThread "Unconstrained build operations Thread 39" [_thread_blocked, id=14984, stack(0x000000081b300000,0x000000081b400000)]
  0x00000191fad83210 JavaThread "Unconstrained build operations Thread 40" [_thread_blocked, id=14968, stack(0x000000081b400000,0x000000081b500000)]
  0x00000191fad86bd0 JavaThread "build event listener" [_thread_blocked, id=776, stack(0x000000081b500000,0x000000081b600000)]
  0x00000191fad836e0 JavaThread "Memory manager" [_thread_blocked, id=12464, stack(0x000000081b600000,0x000000081b700000)]
  0x00000191f8729dc0 JavaThread "C2 CompilerThread1" daemon [_thread_in_native, id=3196, stack(0x0000000816d00000,0x0000000816e00000)]
  0x00000191fad87a40 JavaThread "pool-3-thread-1" [_thread_blocked, id=18516, stack(0x000000081b700000,0x000000081b800000)]
  0x00000191fad888b0 JavaThread "build event listener" [_thread_blocked, id=8960, stack(0x000000081b800000,0x000000081b900000)]
  0x00000191fad81a00 JavaThread "included builds" [_thread_blocked, id=15372, stack(0x000000081b900000,0x000000081ba00000)]
  0x00000191fad81ed0 JavaThread "Execution worker" [_thread_blocked, id=19356, stack(0x000000081ba00000,0x000000081bb00000)]
  0x00000191fad823a0 JavaThread "Execution worker Thread 2" [_thread_blocked, id=17304, stack(0x000000081bb00000,0x000000081bc00000)]
  0x00000191f9558080 JavaThread "Execution worker Thread 3" [_thread_blocked, id=8544, stack(0x000000081bc00000,0x000000081bd00000)]
  0x00000191f9558550 JavaThread "Cache worker for execution history cache (D:\numbersGame\.gradle\8.0\executionHistory)" [_thread_blocked, id=7340, stack(0x000000081bd00000,0x000000081be00000)]
  0x00000191fad87f10 JavaThread "WorkerExecutor Queue" [_thread_blocked, id=8724, stack(0x000000081be00000,0x000000081bf00000)]
  0x00000191f6536890 JavaThread "WorkerExecutor Queue Thread 2" [_thread_blocked, id=16712, stack(0x000000081bf00000,0x000000081c000000)]
  0x00000191f65363c0 JavaThread "Thread-74" [_thread_in_native, id=512, stack(0x000000081c000000,0x000000081c100000)]
  0x00000191f6533d40 JavaThread "WorkerExecutor Queue Thread 3" [_thread_blocked, id=7364, stack(0x000000081c100000,0x000000081c200000)]
  0x00000191f65398b0 JavaThread "WorkerExecutor Queue Thread 4" [_thread_blocked, id=18808, stack(0x000000081c200000,0x000000081c300000)]
  0x00000191f6535ef0 JavaThread "ForkJoinPool-1-worker-1" daemon [_thread_blocked, id=11688, stack(0x000000081c500000,0x000000081c600000)]
  0x00000191f6533870 JavaThread "ForkJoinPool-1-worker-2" daemon [_thread_blocked, id=10848, stack(0x000000081c600000,0x000000081c700000)]
  0x00000191f6532530 JavaThread "ForkJoinPool-1-worker-3" daemon [_thread_blocked, id=14316, stack(0x000000081c700000,0x000000081c800000)]
  0x00000191f6535a20 JavaThread "ForkJoinPool-1-worker-4" daemon [_thread_blocked, id=8740, stack(0x000000081c800000,0x000000081c900000)]

Other Threads:
=>0x00000191f486ed20 VMThread "VM Thread" [stack: 0x0000000816000000,0x0000000816100000] [id=11328]
  0x00000191f5624a90 WatcherThread [stack: 0x0000000816c00000,0x0000000816d00000] [id=17256]
  0x00000191db2c5610 GCTaskThread "GC Thread#0" [stack: 0x0000000815b00000,0x0000000815c00000] [id=11552]
  0x00000191f59d4a90 GCTaskThread "GC Thread#1" [stack: 0x0000000816e00000,0x0000000816f00000] [id=18228]
  0x00000191f57fc780 GCTaskThread "GC Thread#2" [stack: 0x0000000816f00000,0x0000000817000000] [id=1076]
  0x00000191f5994570 GCTaskThread "GC Thread#3" [stack: 0x0000000817000000,0x0000000817100000] [id=17420]
  0x00000191db2d6550 ConcurrentGCThread "G1 Main Marker" [stack: 0x0000000815c00000,0x0000000815d00000] [id=18760]
  0x00000191db2d7700 ConcurrentGCThread "G1 Conc#0" [stack: 0x0000000815d00000,0x0000000815e00000] [id=18704]
  0x00000191f470e1e0 ConcurrentGCThread "G1 Refine#0" [stack: 0x0000000815e00000,0x0000000815f00000] [id=19268]
  0x00000191fa8cf070 ConcurrentGCThread "G1 Refine#1" [stack: 0x0000000818800000,0x0000000818900000] [id=10844]
  0x00000191fa1aa2c0 ConcurrentGCThread "G1 Refine#2" [stack: 0x000000081c300000,0x000000081c400000] [id=12820]
  0x00000191fa1aa5a0 ConcurrentGCThread "G1 Refine#3" [stack: 0x000000081c400000,0x000000081c500000] [id=12632]
  0x00000191f470ea10 ConcurrentGCThread "G1 Service" [stack: 0x0000000815f00000,0x0000000816000000] [id=13800]

Threads with active compile tasks:
C2 CompilerThread0    19403 12985       4       com.android.tools.r8.dex.code.O::a (3284 bytes)
C1 CompilerThread0    19403 13089       3       com.android.tools.r8.dex.B::b (193 bytes)
C2 CompilerThread1    19403 12854       4       com.android.tools.r8.dex.B::l (2085 bytes)

VM state: at safepoint (normal execution)

VM Mutex/Monitor currently owned by a thread:  ([mutex/lock_event])
[0x00000191db264ca0] Threads_lock - owner thread: 0x00000191f486ed20
[0x00000191db2645e0] Heap_lock - owner thread: 0x00000191f6533870

Heap address: 0x0000000080000000, size: 2048 MB, Compressed Oops mode: 32-bit

CDS archive(s) not mapped
Compressed class space mapped at: 0x0000000100000000-0x0000000140000000, reserved size: 1073741824
Narrow klass base: 0x0000000000000000, Narrow klass shift: 3, Narrow klass range: 0x140000000

GC Precious Log:
 CPUs: 4 total, 4 available
 Memory: 16223M
 Large Page Support: Disabled
 NUMA Support: Disabled
 Compressed Oops: Enabled (32-bit)
 Heap Region Size: 1M
 Heap Min Capacity: 8M
 Heap Initial Capacity: 254M
 Heap Max Capacity: 2G
 Pre-touch: Disabled
 Parallel Workers: 4
 Concurrent Workers: 1
 Concurrent Refinement Workers: 4
 Periodic GC: Disabled

Heap:
 garbage-first heap   total 260096K, used 158720K [0x0000000080000000, 0x0000000100000000)
  region size 1024K, 3 young (3072K), 3 survivors (3072K)
 Metaspace       used 107470K, committed 108160K, reserved 1146880K
  class space    used 14691K, committed 15040K, reserved 1048576K

Heap Regions: E=young(eden), S=young(survivor), O=old, HS=humongous(starts), HC=humongous(continues), CS=collection set, F=free, OA=open archive, CA=closed archive, TAMS=top-at-mark-start (previous, next)
|   0|0x0000000080000000, 0x0000000080100000, 0x0000000080100000|100%| O|  |TAMS 0x0000000080100000, 0x0000000080000000| Untracked 
|   1|0x0000000080100000, 0x0000000080200000, 0x0000000080200000|100%| O|  |TAMS 0x0000000080200000, 0x0000000080100000| Untracked 
|   2|0x0000000080200000, 0x0000000080300000, 0x0000000080300000|100%|HS|  |TAMS 0x0000000080300000, 0x0000000080200000| Complete 
|   3|0x0000000080300000, 0x0000000080400000, 0x0000000080400000|100%|HC|  |TAMS 0x0000000080400000, 0x0000000080300000| Complete 
|   4|0x0000000080400000, 0x0000000080500000, 0x0000000080500000|100%|HC|  |TAMS 0x0000000080500000, 0x0000000080400000| Complete 
|   5|0x0000000080500000, 0x0000000080600000, 0x0000000080600000|100%|HC|  |TAMS 0x0000000080600000, 0x0000000080500000| Complete 
|   6|0x0000000080600000, 0x0000000080700000, 0x0000000080700000|100%| O|  |TAMS 0x0000000080700000, 0x0000000080600000| Untracked 
|   7|0x0000000080700000, 0x0000000080800000, 0x0000000080800000|100%| O|  |TAMS 0x0000000080800000, 0x0000000080700000| Untracked 
|   8|0x0000000080800000, 0x0000000080900000, 0x0000000080900000|100%| O|  |TAMS 0x0000000080900000, 0x0000000080800000| Untracked 
|   9|0x0000000080900000, 0x0000000080a00000, 0x0000000080a00000|100%| O|  |TAMS 0x0000000080a00000, 0x0000000080900000| Untracked 
|  10|0x0000000080a00000, 0x0000000080b00000, 0x0000000080b00000|100%| O|  |TAMS 0x0000000080b00000, 0x0000000080a00000| Untracked 
|  11|0x0000000080b00000, 0x0000000080c00000, 0x0000000080c00000|100%| O|  |TAMS 0x0000000080c00000, 0x0000000080b00000| Untracked 
|  12|0x0000000080c00000, 0x0000000080d00000, 0x0000000080d00000|100%| O|  |TAMS 0x0000000080d00000, 0x0000000080c00000| Untracked 
|  13|0x0000000080d00000, 0x0000000080e00000, 0x0000000080e00000|100%| O|  |TAMS 0x0000000080e00000, 0x0000000080d00000| Untracked 
|  14|0x0000000080e00000, 0x0000000080f00000, 0x0000000080f00000|100%| O|  |TAMS 0x0000000080f00000, 0x0000000080e00000| Untracked 
|  15|0x0000000080f00000, 0x0000000081000000, 0x0000000081000000|100%| O|  |TAMS 0x0000000081000000, 0x0000000080f00000| Untracked 
|  16|0x0000000081000000, 0x0000000081100000, 0x0000000081100000|100%| O|  |TAMS 0x0000000081100000, 0x0000000081000000| Untracked 
|  17|0x0000000081100000, 0x0000000081200000, 0x0000000081200000|100%| O|  |TAMS 0x0000000081200000, 0x0000000081100000| Untracked 
|  18|0x0000000081200000, 0x0000000081300000, 0x0000000081300000|100%| O|  |TAMS 0x0000000081300000, 0x0000000081200000| Untracked 
|  19|0x0000000081300000, 0x0000000081400000, 0x0000000081400000|100%| O|  |TAMS 0x0000000081400000, 0x0000000081300000| Untracked 
|  20|0x0000000081400000, 0x0000000081500000, 0x0000000081500000|100%| O|  |TAMS 0x0000000081500000, 0x0000000081400000| Untracked 
|  21|0x0000000081500000, 0x0000000081600000, 0x0000000081600000|100%| O|  |TAMS 0x0000000081600000, 0x0000000081500000| Untracked 
|  22|0x0000000081600000, 0x0000000081700000, 0x0000000081700000|100%|HS|  |TAMS 0x0000000081600000, 0x0000000081600000| Complete 
|  23|0x0000000081700000, 0x0000000081800000, 0x0000000081800000|100%| O|  |TAMS 0x0000000081800000, 0x0000000081700000| Untracked 
|  24|0x0000000081800000, 0x0000000081900000, 0x0000000081900000|100%| O|  |TAMS 0x0000000081900000, 0x0000000081800000| Untracked 
|  25|0x0000000081900000, 0x0000000081a00000, 0x0000000081a00000|100%| O|  |TAMS 0x0000000081a00000, 0x0000000081900000| Untracked 
|  26|0x0000000081a00000, 0x0000000081b00000, 0x0000000081b00000|100%| O|  |TAMS 0x0000000081b00000, 0x0000000081a00000| Untracked 
|  27|0x0000000081b00000, 0x0000000081c00000, 0x0000000081c00000|100%| O|  |TAMS 0x0000000081c00000, 0x0000000081b00000| Untracked 
|  28|0x0000000081c00000, 0x0000000081d00000, 0x0000000081d00000|100%| O|  |TAMS 0x0000000081d00000, 0x0000000081c00000| Untracked 
|  29|0x0000000081d00000, 0x0000000081e00000, 0x0000000081e00000|100%| O|  |TAMS 0x0000000081e00000, 0x0000000081d00000| Untracked 
|  30|0x0000000081e00000, 0x0000000081f00000, 0x0000000081f00000|100%| O|  |TAMS 0x0000000081f00000, 0x0000000081e00000| Untracked 
|  31|0x0000000081f00000, 0x0000000082000000, 0x0000000082000000|100%|HS|  |TAMS 0x0000000082000000, 0x0000000081f00000| Complete 
|  32|0x0000000082000000, 0x0000000082100000, 0x0000000082100000|100%|HS|  |TAMS 0x0000000082100000, 0x0000000082000000| Complete 
|  33|0x0000000082100000, 0x0000000082200000, 0x0000000082200000|100%|HC|  |TAMS 0x0000000082200000, 0x0000000082100000| Complete 
|  34|0x0000000082200000, 0x0000000082300000, 0x0000000082300000|100%|HS|  |TAMS 0x0000000082300000, 0x0000000082200000| Complete 
|  35|0x0000000082300000, 0x0000000082400000, 0x0000000082400000|100%|HS|  |TAMS 0x0000000082400000, 0x0000000082300000| Complete 
|  36|0x0000000082400000, 0x0000000082500000, 0x0000000082500000|100%|HC|  |TAMS 0x0000000082500000, 0x0000000082400000| Complete 
|  37|0x0000000082500000, 0x0000000082600000, 0x0000000082600000|100%|HC|  |TAMS 0x0000000082600000, 0x0000000082500000| Complete 
|  38|0x0000000082600000, 0x0000000082700000, 0x0000000082700000|100%|HC|  |TAMS 0x0000000082700000, 0x0000000082600000| Complete 
|  39|0x0000000082700000, 0x0000000082800000, 0x0000000082800000|100%| O|  |TAMS 0x0000000082800000, 0x0000000082700000| Untracked 
|  40|0x0000000082800000, 0x0000000082900000, 0x0000000082900000|100%| O|  |TAMS 0x0000000082900000, 0x0000000082800000| Untracked 
|  41|0x0000000082900000, 0x0000000082a00000, 0x0000000082a00000|100%| O|  |TAMS 0x0000000082a00000, 0x0000000082900000| Untracked 
|  42|0x0000000082a00000, 0x0000000082b00000, 0x0000000082b00000|100%| O|  |TAMS 0x0000000082b00000, 0x0000000082a00000| Untracked 
|  43|0x0000000082b00000, 0x0000000082c00000, 0x0000000082c00000|100%| O|  |TAMS 0x0000000082c00000, 0x0000000082b00000| Untracked 
|  44|0x0000000082c00000, 0x0000000082d00000, 0x0000000082d00000|100%| O|  |TAMS 0x0000000082d00000, 0x0000000082c00000| Untracked 
|  45|0x0000000082d00000, 0x0000000082e00000, 0x0000000082e00000|100%| O|  |TAMS 0x0000000082e00000, 0x0000000082d00000| Untracked 
|  46|0x0000000082e00000, 0x0000000082f00000, 0x0000000082f00000|100%| O|  |TAMS 0x0000000082f00000, 0x0000000082e00000| Untracked 
|  47|0x0000000082f00000, 0x0000000083000000, 0x0000000083000000|100%| O|  |TAMS 0x0000000083000000, 0x0000000082f00000| Untracked 
|  48|0x0000000083000000, 0x0000000083100000, 0x0000000083100000|100%| O|  |TAMS 0x0000000083100000, 0x0000000083000000| Untracked 
|  49|0x0000000083100000, 0x0000000083200000, 0x0000000083200000|100%| O|  |TAMS 0x0000000083200000, 0x0000000083100000| Untracked 
|  50|0x0000000083200000, 0x0000000083300000, 0x0000000083300000|100%| O|  |TAMS 0x0000000083300000, 0x0000000083200000| Untracked 
|  51|0x0000000083300000, 0x0000000083400000, 0x0000000083400000|100%| O|  |TAMS 0x0000000083400000, 0x0000000083300000| Untracked 
|  52|0x0000000083400000, 0x0000000083500000, 0x0000000083500000|100%| O|  |TAMS 0x0000000083500000, 0x0000000083400000| Untracked 
|  53|0x0000000083500000, 0x0000000083600000, 0x0000000083600000|100%| O|  |TAMS 0x0000000083600000, 0x0000000083500000| Untracked 
|  54|0x0000000083600000, 0x0000000083700000, 0x0000000083700000|100%| O|  |TAMS 0x0000000083700000, 0x0000000083600000| Untracked 
|  55|0x0000000083700000, 0x0000000083800000, 0x0000000083800000|100%| O|  |TAMS 0x0000000083800000, 0x0000000083700000| Untracked 
|  56|0x0000000083800000, 0x0000000083900000, 0x0000000083900000|100%| O|  |TAMS 0x0000000083900000, 0x0000000083800000| Untracked 
|  57|0x0000000083900000, 0x0000000083a00000, 0x0000000083a00000|100%| O|  |TAMS 0x0000000083a00000, 0x0000000083900000| Untracked 
|  58|0x0000000083a00000, 0x0000000083b00000, 0x0000000083b00000|100%| O|  |TAMS 0x0000000083b00000, 0x0000000083a00000| Untracked 
|  59|0x0000000083b00000, 0x0000000083c00000, 0x0000000083c00000|100%| O|  |TAMS 0x0000000083c00000, 0x0000000083b00000| Untracked 
|  60|0x0000000083c00000, 0x0000000083d00000, 0x0000000083d00000|100%| O|  |TAMS 0x0000000083d00000, 0x0000000083c00000| Untracked 
|  61|0x0000000083d00000, 0x0000000083e00000, 0x0000000083e00000|100%| O|  |TAMS 0x0000000083e00000, 0x0000000083d00000| Untracked 
|  62|0x0000000083e00000, 0x0000000083f00000, 0x0000000083f00000|100%| O|  |TAMS 0x0000000083f00000, 0x0000000083e00000| Untracked 
|  63|0x0000000083f00000, 0x0000000084000000, 0x0000000084000000|100%| O|  |TAMS 0x0000000084000000, 0x0000000083f00000| Untracked 
|  64|0x0000000084000000, 0x0000000084100000, 0x0000000084100000|100%| O|  |TAMS 0x0000000084100000, 0x0000000084000000| Untracked 
|  65|0x0000000084100000, 0x0000000084200000, 0x0000000084200000|100%| O|  |TAMS 0x0000000084200000, 0x0000000084100000| Untracked 
|  66|0x0000000084200000, 0x0000000084300000, 0x0000000084300000|100%| O|  |TAMS 0x0000000084300000, 0x0000000084200000| Untracked 
|  67|0x0000000084300000, 0x0000000084400000, 0x0000000084400000|100%| O|  |TAMS 0x0000000084400000, 0x0000000084300000| Untracked 
|  68|0x0000000084400000, 0x0000000084500000, 0x0000000084500000|100%| O|  |TAMS 0x0000000084500000, 0x0000000084400000| Untracked 
|  69|0x0000000084500000, 0x0000000084600000, 0x0000000084600000|100%| O|  |TAMS 0x0000000084600000, 0x0000000084500000| Untracked 
|  70|0x0000000084600000, 0x0000000084700000, 0x0000000084700000|100%| O|  |TAMS 0x0000000084700000, 0x0000000084600000| Untracked 
|  71|0x0000000084700000, 0x0000000084800000, 0x0000000084800000|100%| O|  |TAMS 0x0000000084800000, 0x0000000084700000| Untracked 
|  72|0x0000000084800000, 0x0000000084900000, 0x0000000084900000|100%| O|  |TAMS 0x0000000084900000, 0x0000000084800000| Untracked 
|  73|0x0000000084900000, 0x0000000084a00000, 0x0000000084a00000|100%| O|  |TAMS 0x0000000084a00000, 0x0000000084900000| Untracked 
|  74|0x0000000084a00000, 0x0000000084b00000, 0x0000000084b00000|100%| O|  |TAMS 0x0000000084b00000, 0x0000000084a00000| Untracked 
|  75|0x0000000084b00000, 0x0000000084c00000, 0x0000000084c00000|100%| O|  |TAMS 0x0000000084c00000, 0x0000000084b00000| Untracked 
|  76|0x0000000084c00000, 0x0000000084d00000, 0x0000000084d00000|100%| O|  |TAMS 0x0000000084d00000, 0x0000000084c00000| Untracked 
|  77|0x0000000084d00000, 0x0000000084e00000, 0x0000000084e00000|100%| O|  |TAMS 0x0000000084e00000, 0x0000000084d00000| Untracked 
|  78|0x0000000084e00000, 0x0000000084f00000, 0x0000000084f00000|100%| O|  |TAMS 0x0000000084f00000, 0x0000000084e00000| Untracked 
|  79|0x0000000084f00000, 0x0000000085000000, 0x0000000085000000|100%| O|  |TAMS 0x0000000085000000, 0x0000000084f00000| Untracked 
|  80|0x0000000085000000, 0x0000000085100000, 0x0000000085100000|100%|HS|  |TAMS 0x0000000085000000, 0x0000000085000000| Complete 
|  81|0x0000000085100000, 0x0000000085200000, 0x0000000085200000|100%| O|  |TAMS 0x0000000085200000, 0x0000000085100000| Untracked 
|  82|0x0000000085200000, 0x0000000085300000, 0x0000000085300000|100%| O|  |TAMS 0x0000000085300000, 0x0000000085200000| Untracked 
|  83|0x0000000085300000, 0x0000000085400000, 0x0000000085400000|100%| O|  |TAMS 0x0000000085400000, 0x0000000085300000| Untracked 
|  84|0x0000000085400000, 0x0000000085500000, 0x0000000085500000|100%| O|  |TAMS 0x0000000085500000, 0x0000000085400000| Untracked 
|  85|0x0000000085500000, 0x0000000085600000, 0x0000000085600000|100%| O|  |TAMS 0x0000000085600000, 0x0000000085500000| Untracked 
|  86|0x0000000085600000, 0x0000000085700000, 0x0000000085700000|100%| O|  |TAMS 0x0000000085700000, 0x0000000085600000| Untracked 
|  87|0x0000000085700000, 0x0000000085800000, 0x0000000085800000|100%| O|  |TAMS 0x0000000085800000, 0x0000000085700000| Untracked 
|  88|0x0000000085800000, 0x0000000085900000, 0x0000000085900000|100%| O|  |TAMS 0x0000000085900000, 0x0000000085800000| Untracked 
|  89|0x0000000085900000, 0x0000000085a00000, 0x0000000085a00000|100%| O|  |TAMS 0x0000000085a00000, 0x0000000085900000| Untracked 
|  90|0x0000000085a00000, 0x0000000085b00000, 0x0000000085b00000|100%| O|  |TAMS 0x0000000085b00000, 0x0000000085a00000| Untracked 
|  91|0x0000000085b00000, 0x0000000085c00000, 0x0000000085c00000|100%| O|  |TAMS 0x0000000085c00000, 0x0000000085b00000| Untracked 
|  92|0x0000000085c00000, 0x0000000085d00000, 0x0000000085d00000|100%| O|  |TAMS 0x0000000085d00000, 0x0000000085c00000| Untracked 
|  93|0x0000000085d00000, 0x0000000085e00000, 0x0000000085e00000|100%| O|  |TAMS 0x0000000085e00000, 0x0000000085d00000| Untracked 
|  94|0x0000000085e00000, 0x0000000085f00000, 0x0000000085f00000|100%| O|  |TAMS 0x0000000085f00000, 0x0000000085e00000| Untracked 
|  95|0x0000000085f00000, 0x0000000086000000, 0x0000000086000000|100%| O|  |TAMS 0x0000000086000000, 0x0000000085f00000| Untracked 
|  96|0x0000000086000000, 0x0000000086100000, 0x0000000086100000|100%| O|  |TAMS 0x0000000086100000, 0x0000000086000000| Untracked 
|  97|0x0000000086100000, 0x0000000086200000, 0x0000000086200000|100%| O|  |TAMS 0x0000000086200000, 0x0000000086100000| Untracked 
|  98|0x0000000086200000, 0x0000000086300000, 0x0000000086300000|100%| O|  |TAMS 0x00000000862ac600, 0x0000000086200000| Untracked 
|  99|0x0000000086300000, 0x0000000086400000, 0x0000000086400000|100%|HS|  |TAMS 0x0000000086300000, 0x0000000086300000| Complete 
| 100|0x0000000086400000, 0x0000000086500000, 0x0000000086500000|100%|HC|  |TAMS 0x0000000086400000, 0x0000000086400000| Complete 
| 101|0x0000000086500000, 0x0000000086600000, 0x0000000086600000|100%|HS|  |TAMS 0x0000000086500000, 0x0000000086500000| Complete 
| 102|0x0000000086600000, 0x0000000086700000, 0x0000000086700000|100%|HS|  |TAMS 0x0000000086600000, 0x0000000086600000| Complete 
| 103|0x0000000086700000, 0x0000000086800000, 0x0000000086800000|100%|HC|  |TAMS 0x0000000086700000, 0x0000000086700000| Complete 
| 104|0x0000000086800000, 0x0000000086900000, 0x0000000086900000|100%|HS|  |TAMS 0x0000000086800000, 0x0000000086800000| Complete 
| 105|0x0000000086900000, 0x0000000086a00000, 0x0000000086a00000|100%|HC|  |TAMS 0x0000000086900000, 0x0000000086900000| Complete 
| 106|0x0000000086a00000, 0x0000000086b00000, 0x0000000086b00000|100%|HS|  |TAMS 0x0000000086a00000, 0x0000000086a00000| Complete 
| 107|0x0000000086b00000, 0x0000000086c00000, 0x0000000086c00000|100%|HC|  |TAMS 0x0000000086b00000, 0x0000000086b00000| Complete 
| 108|0x0000000086c00000, 0x0000000086d00000, 0x0000000086d00000|100%|HC|  |TAMS 0x0000000086c00000, 0x0000000086c00000| Complete 
| 109|0x0000000086d00000, 0x0000000086e00000, 0x0000000086e00000|100%|HS|  |TAMS 0x0000000086d00000, 0x0000000086d00000| Complete 
| 110|0x0000000086e00000, 0x0000000086f00000, 0x0000000086f00000|100%|HC|  |TAMS 0x0000000086e00000, 0x0000000086e00000| Complete 
| 111|0x0000000086f00000, 0x0000000087000000, 0x0000000087000000|100%| O|  |TAMS 0x0000000086f00000, 0x0000000086f00000| Untracked 
| 112|0x0000000087000000, 0x0000000087100000, 0x0000000087100000|100%|HS|  |TAMS 0x0000000087000000, 0x0000000087000000| Complete 
| 113|0x0000000087100000, 0x0000000087200000, 0x0000000087200000|100%|HC|  |TAMS 0x0000000087100000, 0x0000000087100000| Complete 
| 114|0x0000000087200000, 0x0000000087300000, 0x0000000087300000|100%| O|  |TAMS 0x0000000087200000, 0x0000000087200000| Untracked 
| 115|0x0000000087300000, 0x0000000087400000, 0x0000000087400000|100%|HS|  |TAMS 0x0000000087300000, 0x0000000087300000| Complete 
| 116|0x0000000087400000, 0x0000000087500000, 0x0000000087500000|100%| O|  |TAMS 0x0000000087400000, 0x0000000087400000| Untracked 
| 117|0x0000000087500000, 0x0000000087600000, 0x0000000087600000|100%|HS|  |TAMS 0x0000000087500000, 0x0000000087500000| Complete 
| 118|0x0000000087600000, 0x0000000087700000, 0x0000000087700000|100%| O|  |TAMS 0x0000000087600000, 0x0000000087600000| Untracked 
| 119|0x0000000087700000, 0x0000000087800000, 0x0000000087800000|100%| O|  |TAMS 0x0000000087700000, 0x0000000087700000| Untracked 
| 120|0x0000000087800000, 0x0000000087900000, 0x0000000087900000|100%| O|  |TAMS 0x0000000087800000, 0x0000000087800000| Untracked 
| 121|0x0000000087900000, 0x0000000087a00000, 0x0000000087a00000|100%| O|  |TAMS 0x0000000087900000, 0x0000000087900000| Untracked 
| 122|0x0000000087a00000, 0x0000000087b00000, 0x0000000087b00000|100%| O|  |TAMS 0x0000000087a00000, 0x0000000087a00000| Untracked 
| 123|0x0000000087b00000, 0x0000000087c00000, 0x0000000087c00000|100%| O|  |TAMS 0x0000000087b00000, 0x0000000087b00000| Untracked 
| 124|0x0000000087c00000, 0x0000000087d00000, 0x0000000087d00000|100%| O|  |TAMS 0x0000000087c00000, 0x0000000087c00000| Untracked 
| 125|0x0000000087d00000, 0x0000000087e00000, 0x0000000087e00000|100%| O|  |TAMS 0x0000000087d00000, 0x0000000087d00000| Untracked 
| 126|0x0000000087e00000, 0x0000000087f00000, 0x0000000087f00000|100%| O|  |TAMS 0x0000000087e00000, 0x0000000087e00000| Untracked 
| 127|0x0000000087f00000, 0x0000000088000000, 0x0000000088000000|100%|HS|  |TAMS 0x0000000087f00000, 0x0000000087f00000| Complete 
| 128|0x0000000088000000, 0x0000000088100000, 0x0000000088100000|100%|HC|  |TAMS 0x0000000088000000, 0x0000000088000000| Complete 
| 129|0x0000000088100000, 0x0000000088200000, 0x0000000088200000|100%|HS|  |TAMS 0x0000000088100000, 0x0000000088100000| Complete 
| 130|0x0000000088200000, 0x0000000088300000, 0x0000000088300000|100%| O|  |TAMS 0x0000000088200000, 0x0000000088200000| Untracked 
| 131|0x0000000088300000, 0x0000000088400000, 0x0000000088400000|100%| O|  |TAMS 0x0000000088300000, 0x0000000088300000| Untracked 
| 132|0x0000000088400000, 0x0000000088500000, 0x0000000088500000|100%| O|  |TAMS 0x0000000088400000, 0x0000000088400000| Untracked 
| 133|0x0000000088500000, 0x0000000088600000, 0x0000000088600000|100%| O|  |TAMS 0x0000000088500000, 0x0000000088500000| Untracked 
| 134|0x0000000088600000, 0x0000000088700000, 0x0000000088700000|100%| O|  |TAMS 0x0000000088600000, 0x0000000088600000| Untracked 
| 135|0x0000000088700000, 0x0000000088800000, 0x0000000088800000|100%| O|  |TAMS 0x0000000088700000, 0x0000000088700000| Untracked 
| 136|0x0000000088800000, 0x0000000088900000, 0x0000000088900000|100%| O|  |TAMS 0x0000000088800000, 0x0000000088800000| Untracked 
| 137|0x0000000088900000, 0x0000000088a00000, 0x0000000088a00000|100%| O|  |TAMS 0x0000000088900000, 0x0000000088900000| Untracked 
| 138|0x0000000088a00000, 0x0000000088b00000, 0x0000000088b00000|100%|HS|  |TAMS 0x0000000088a00000, 0x0000000088a00000| Complete 
| 139|0x0000000088b00000, 0x0000000088c00000, 0x0000000088c00000|100%|HC|  |TAMS 0x0000000088b00000, 0x0000000088b00000| Complete 
| 140|0x0000000088c00000, 0x0000000088d00000, 0x0000000088d00000|100%|HC|  |TAMS 0x0000000088c00000, 0x0000000088c00000| Complete 
| 141|0x0000000088d00000, 0x0000000088e00000, 0x0000000088e00000|100%| O|  |TAMS 0x0000000088d00000, 0x0000000088d00000| Untracked 
| 142|0x0000000088e00000, 0x0000000088f00000, 0x0000000088f00000|100%| O|  |TAMS 0x0000000088e00000, 0x0000000088e00000| Untracked 
| 143|0x0000000088f00000, 0x0000000089000000, 0x0000000089000000|100%| O|  |TAMS 0x0000000088f00000, 0x0000000088f00000| Untracked 
| 144|0x0000000089000000, 0x0000000089100000, 0x0000000089100000|100%| O|  |TAMS 0x0000000089000000, 0x0000000089000000| Untracked 
| 145|0x0000000089100000, 0x0000000089200000, 0x0000000089200000|100%| O|  |TAMS 0x0000000089100000, 0x0000000089100000| Untracked 
| 146|0x0000000089200000, 0x0000000089300000, 0x0000000089300000|100%| O|  |TAMS 0x0000000089200000, 0x0000000089200000| Untracked 
| 147|0x0000000089300000, 0x0000000089400000, 0x0000000089400000|100%| O|  |TAMS 0x0000000089300000, 0x0000000089300000| Untracked 
| 148|0x0000000089400000, 0x0000000089500000, 0x0000000089500000|100%| O|  |TAMS 0x0000000089400000, 0x0000000089400000| Untracked 
| 149|0x0000000089500000, 0x0000000089600000, 0x0000000089600000|100%| O|  |TAMS 0x0000000089500000, 0x0000000089500000| Untracked 
| 150|0x0000000089600000, 0x0000000089700000, 0x0000000089700000|100%| O|  |TAMS 0x0000000089600000, 0x0000000089600000| Untracked 
| 151|0x0000000089700000, 0x0000000089800000, 0x0000000089800000|100%| O|  |TAMS 0x0000000089700000, 0x0000000089700000| Untracked 
| 152|0x0000000089800000, 0x0000000089800000, 0x0000000089900000|  0%| F|  |TAMS 0x0000000089800000, 0x0000000089800000| Untracked 
| 153|0x0000000089900000, 0x0000000089900000, 0x0000000089a00000|  0%| F|  |TAMS 0x0000000089900000, 0x0000000089900000| Untracked 
| 154|0x0000000089a00000, 0x0000000089a00000, 0x0000000089b00000|  0%| F|  |TAMS 0x0000000089a00000, 0x0000000089a00000| Untracked 
| 155|0x0000000089b00000, 0x0000000089b00000, 0x0000000089c00000|  0%| F|  |TAMS 0x0000000089b00000, 0x0000000089b00000| Untracked 
| 156|0x0000000089c00000, 0x0000000089c00000, 0x0000000089d00000|  0%| F|  |TAMS 0x0000000089c00000, 0x0000000089c00000| Untracked 
| 157|0x0000000089d00000, 0x0000000089d00000, 0x0000000089e00000|  0%| F|  |TAMS 0x0000000089d00000, 0x0000000089d00000| Untracked 
| 158|0x0000000089e00000, 0x0000000089e00000, 0x0000000089f00000|  0%| F|  |TAMS 0x0000000089e00000, 0x0000000089e00000| Untracked 
| 159|0x0000000089f00000, 0x0000000089f00000, 0x000000008a000000|  0%| F|  |TAMS 0x0000000089f00000, 0x0000000089f00000| Untracked 
| 160|0x000000008a000000, 0x000000008a000000, 0x000000008a100000|  0%| F|  |TAMS 0x000000008a000000, 0x000000008a000000| Untracked 
| 161|0x000000008a100000, 0x000000008a100000, 0x000000008a200000|  0%| F|  |TAMS 0x000000008a100000, 0x000000008a100000| Untracked 
| 162|0x000000008a200000, 0x000000008a200000, 0x000000008a300000|  0%| F|  |TAMS 0x000000008a200000, 0x000000008a200000| Untracked 
| 163|0x000000008a300000, 0x000000008a300000, 0x000000008a400000|  0%| F|  |TAMS 0x000000008a300000, 0x000000008a300000| Untracked 
| 164|0x000000008a400000, 0x000000008a400000, 0x000000008a500000|  0%| F|  |TAMS 0x000000008a400000, 0x000000008a400000| Untracked 
| 165|0x000000008a500000, 0x000000008a500000, 0x000000008a600000|  0%| F|  |TAMS 0x000000008a500000, 0x000000008a500000| Untracked 
| 166|0x000000008a600000, 0x000000008a600000, 0x000000008a700000|  0%| F|  |TAMS 0x000000008a600000, 0x000000008a600000| Untracked 
| 167|0x000000008a700000, 0x000000008a700000, 0x000000008a800000|  0%| F|  |TAMS 0x000000008a700000, 0x000000008a700000| Untracked 
| 168|0x000000008a800000, 0x000000008a800000, 0x000000008a900000|  0%| F|  |TAMS 0x000000008a800000, 0x000000008a800000| Untracked 
| 169|0x000000008a900000, 0x000000008a900000, 0x000000008aa00000|  0%| F|  |TAMS 0x000000008a900000, 0x000000008a900000| Untracked 
| 170|0x000000008aa00000, 0x000000008aa00000, 0x000000008ab00000|  0%| F|  |TAMS 0x000000008aa00000, 0x000000008aa00000| Untracked 
| 171|0x000000008ab00000, 0x000000008ab00000, 0x000000008ac00000|  0%| F|  |TAMS 0x000000008ab00000, 0x000000008ab00000| Untracked 
| 172|0x000000008ac00000, 0x000000008ac00000, 0x000000008ad00000|  0%| F|  |TAMS 0x000000008ac00000, 0x000000008ac00000| Untracked 
| 173|0x000000008ad00000, 0x000000008ad00000, 0x000000008ae00000|  0%| F|  |TAMS 0x000000008ad00000, 0x000000008ad00000| Untracked 
| 174|0x000000008ae00000, 0x000000008ae00000, 0x000000008af00000|  0%| F|  |TAMS 0x000000008ae00000, 0x000000008ae00000| Untracked 
| 175|0x000000008af00000, 0x000000008af00000, 0x000000008b000000|  0%| F|  |TAMS 0x000000008af00000, 0x000000008af00000| Untracked 
| 176|0x000000008b000000, 0x000000008b000000, 0x000000008b100000|  0%| F|  |TAMS 0x000000008b000000, 0x000000008b000000| Untracked 
| 177|0x000000008b100000, 0x000000008b100000, 0x000000008b200000|  0%| F|  |TAMS 0x000000008b100000, 0x000000008b100000| Untracked 
| 178|0x000000008b200000, 0x000000008b200000, 0x000000008b300000|  0%| F|  |TAMS 0x000000008b200000, 0x000000008b200000| Untracked 
| 179|0x000000008b300000, 0x000000008b400000, 0x000000008b400000|100%| S|CS|TAMS 0x000000008b300000, 0x000000008b300000| Complete 
| 180|0x000000008b400000, 0x000000008b500000, 0x000000008b500000|100%| S|CS|TAMS 0x000000008b400000, 0x000000008b400000| Complete 
| 181|0x000000008b500000, 0x000000008b600000, 0x000000008b600000|100%| S|CS|TAMS 0x000000008b500000, 0x000000008b500000| Complete 
| 182|0x000000008b600000, 0x000000008b600000, 0x000000008b700000|  0%| F|  |TAMS 0x000000008b600000, 0x000000008b600000| Untracked 
| 183|0x000000008b700000, 0x000000008b700000, 0x000000008b800000|  0%| F|  |TAMS 0x000000008b700000, 0x000000008b700000| Untracked 
| 184|0x000000008b800000, 0x000000008b800000, 0x000000008b900000|  0%| F|  |TAMS 0x000000008b800000, 0x000000008b800000| Untracked 
| 185|0x000000008b900000, 0x000000008b900000, 0x000000008ba00000|  0%| F|  |TAMS 0x000000008b900000, 0x000000008b900000| Untracked 
| 186|0x000000008ba00000, 0x000000008ba00000, 0x000000008bb00000|  0%| F|  |TAMS 0x000000008ba00000, 0x000000008ba00000| Untracked 
| 187|0x000000008bb00000, 0x000000008bb00000, 0x000000008bc00000|  0%| F|  |TAMS 0x000000008bb00000, 0x000000008bb00000| Untracked 
| 188|0x000000008bc00000, 0x000000008bc00000, 0x000000008bd00000|  0%| F|  |TAMS 0x000000008bc00000, 0x000000008bc00000| Untracked 
| 189|0x000000008bd00000, 0x000000008bd00000, 0x000000008be00000|  0%| F|  |TAMS 0x000000008bd00000, 0x000000008bd00000| Untracked 
| 190|0x000000008be00000, 0x000000008be00000, 0x000000008bf00000|  0%| F|  |TAMS 0x000000008be00000, 0x000000008be00000| Untracked 
| 191|0x000000008bf00000, 0x000000008bf00000, 0x000000008c000000|  0%| F|  |TAMS 0x000000008bf00000, 0x000000008bf00000| Untracked 
| 192|0x000000008c000000, 0x000000008c000000, 0x000000008c100000|  0%| F|  |TAMS 0x000000008c000000, 0x000000008c000000| Untracked 
| 193|0x000000008c100000, 0x000000008c100000, 0x000000008c200000|  0%| F|  |TAMS 0x000000008c100000, 0x000000008c100000| Untracked 
| 194|0x000000008c200000, 0x000000008c200000, 0x000000008c300000|  0%| F|  |TAMS 0x000000008c200000, 0x000000008c200000| Untracked 
| 195|0x000000008c300000, 0x000000008c300000, 0x000000008c400000|  0%| F|  |TAMS 0x000000008c300000, 0x000000008c300000| Untracked 
| 196|0x000000008c400000, 0x000000008c400000, 0x000000008c500000|  0%| F|  |TAMS 0x000000008c400000, 0x000000008c400000| Untracked 
| 197|0x000000008c500000, 0x000000008c500000, 0x000000008c600000|  0%| F|  |TAMS 0x000000008c500000, 0x000000008c500000| Untracked 
| 198|0x000000008c600000, 0x000000008c600000, 0x000000008c700000|  0%| F|  |TAMS 0x000000008c600000, 0x000000008c600000| Untracked 
| 199|0x000000008c700000, 0x000000008c700000, 0x000000008c800000|  0%| F|  |TAMS 0x000000008c700000, 0x000000008c700000| Untracked 
| 200|0x000000008c800000, 0x000000008c800000, 0x000000008c900000|  0%| F|  |TAMS 0x000000008c800000, 0x000000008c800000| Untracked 
| 201|0x000000008c900000, 0x000000008c900000, 0x000000008ca00000|  0%| F|  |TAMS 0x000000008c900000, 0x000000008c900000| Untracked 
| 202|0x000000008ca00000, 0x000000008ca00000, 0x000000008cb00000|  0%| F|  |TAMS 0x000000008ca00000, 0x000000008ca00000| Untracked 
| 203|0x000000008cb00000, 0x000000008cb00000, 0x000000008cc00000|  0%| F|  |TAMS 0x000000008cb00000, 0x000000008cb00000| Untracked 
| 204|0x000000008cc00000, 0x000000008cc00000, 0x000000008cd00000|  0%| F|  |TAMS 0x000000008cc00000, 0x000000008cc00000| Untracked 
| 205|0x000000008cd00000, 0x000000008cd00000, 0x000000008ce00000|  0%| F|  |TAMS 0x000000008cd00000, 0x000000008cd00000| Untracked 
| 206|0x000000008ce00000, 0x000000008ce00000, 0x000000008cf00000|  0%| F|  |TAMS 0x000000008ce00000, 0x000000008ce00000| Untracked 
| 207|0x000000008cf00000, 0x000000008cf00000, 0x000000008d000000|  0%| F|  |TAMS 0x000000008cf00000, 0x000000008cf00000| Untracked 
| 208|0x000000008d000000, 0x000000008d000000, 0x000000008d100000|  0%| F|  |TAMS 0x000000008d000000, 0x000000008d000000| Untracked 
| 209|0x000000008d100000, 0x000000008d100000, 0x000000008d200000|  0%| F|  |TAMS 0x000000008d100000, 0x000000008d100000| Untracked 
| 210|0x000000008d200000, 0x000000008d200000, 0x000000008d300000|  0%| F|  |TAMS 0x000000008d200000, 0x000000008d200000| Untracked 
| 211|0x000000008d300000, 0x000000008d300000, 0x000000008d400000|  0%| F|  |TAMS 0x000000008d300000, 0x000000008d300000| Untracked 
| 212|0x000000008d400000, 0x000000008d400000, 0x000000008d500000|  0%| F|  |TAMS 0x000000008d400000, 0x000000008d400000| Untracked 
| 213|0x000000008d500000, 0x000000008d500000, 0x000000008d600000|  0%| F|  |TAMS 0x000000008d500000, 0x000000008d500000| Untracked 
| 214|0x000000008d600000, 0x000000008d600000, 0x000000008d700000|  0%| F|  |TAMS 0x000000008d600000, 0x000000008d600000| Untracked 
| 215|0x000000008d700000, 0x000000008d700000, 0x000000008d800000|  0%| F|  |TAMS 0x000000008d700000, 0x000000008d700000| Untracked 
| 216|0x000000008d800000, 0x000000008d800000, 0x000000008d900000|  0%| F|  |TAMS 0x000000008d800000, 0x000000008d800000| Untracked 
| 217|0x000000008d900000, 0x000000008d900000, 0x000000008da00000|  0%| F|  |TAMS 0x000000008d900000, 0x000000008d900000| Untracked 
| 218|0x000000008da00000, 0x000000008da00000, 0x000000008db00000|  0%| F|  |TAMS 0x000000008da00000, 0x000000008da00000| Untracked 
| 219|0x000000008db00000, 0x000000008db00000, 0x000000008dc00000|  0%| F|  |TAMS 0x000000008db00000, 0x000000008db00000| Untracked 
| 220|0x000000008dc00000, 0x000000008dc00000, 0x000000008dd00000|  0%| F|  |TAMS 0x000000008dc00000, 0x000000008dc00000| Untracked 
| 221|0x000000008dd00000, 0x000000008dd00000, 0x000000008de00000|  0%| F|  |TAMS 0x000000008dd00000, 0x000000008dd00000| Untracked 
| 222|0x000000008de00000, 0x000000008de00000, 0x000000008df00000|  0%| F|  |TAMS 0x000000008de00000, 0x000000008de00000| Untracked 
| 223|0x000000008df00000, 0x000000008df00000, 0x000000008e000000|  0%| F|  |TAMS 0x000000008df00000, 0x000000008df00000| Untracked 
| 224|0x000000008e000000, 0x000000008e000000, 0x000000008e100000|  0%| F|  |TAMS 0x000000008e000000, 0x000000008e000000| Untracked 
| 225|0x000000008e100000, 0x000000008e100000, 0x000000008e200000|  0%| F|  |TAMS 0x000000008e100000, 0x000000008e100000| Untracked 
| 226|0x000000008e200000, 0x000000008e200000, 0x000000008e300000|  0%| F|  |TAMS 0x000000008e200000, 0x000000008e200000| Untracked 
| 227|0x000000008e300000, 0x000000008e300000, 0x000000008e400000|  0%| F|  |TAMS 0x000000008e300000, 0x000000008e300000| Untracked 
| 228|0x000000008e400000, 0x000000008e400000, 0x000000008e500000|  0%| F|  |TAMS 0x000000008e400000, 0x000000008e400000| Untracked 
| 229|0x000000008e500000, 0x000000008e500000, 0x000000008e600000|  0%| F|  |TAMS 0x000000008e500000, 0x000000008e500000| Untracked 
| 230|0x000000008e600000, 0x000000008e600000, 0x000000008e700000|  0%| F|  |TAMS 0x000000008e600000, 0x000000008e600000| Untracked 
| 231|0x000000008e700000, 0x000000008e700000, 0x000000008e800000|  0%| F|  |TAMS 0x000000008e700000, 0x000000008e700000| Untracked 
| 232|0x000000008e800000, 0x000000008e800000, 0x000000008e900000|  0%| F|  |TAMS 0x000000008e800000, 0x000000008e800000| Untracked 
| 233|0x000000008e900000, 0x000000008e900000, 0x000000008ea00000|  0%| F|  |TAMS 0x000000008e900000, 0x000000008e900000| Untracked 
| 234|0x000000008ea00000, 0x000000008ea00000, 0x000000008eb00000|  0%| F|  |TAMS 0x000000008ea00000, 0x000000008ea00000| Untracked 
| 235|0x000000008eb00000, 0x000000008eb00000, 0x000000008ec00000|  0%| F|  |TAMS 0x000000008eb00000, 0x000000008eb00000| Untracked 
| 236|0x000000008ec00000, 0x000000008ec00000, 0x000000008ed00000|  0%| F|  |TAMS 0x000000008ec00000, 0x000000008ec00000| Untracked 
| 237|0x000000008ed00000, 0x000000008ed00000, 0x000000008ee00000|  0%| F|  |TAMS 0x000000008ed00000, 0x000000008ed00000| Untracked 
| 238|0x000000008ee00000, 0x000000008ee00000, 0x000000008ef00000|  0%| F|  |TAMS 0x000000008ee00000, 0x000000008ee00000| Untracked 
| 239|0x000000008ef00000, 0x000000008ef00000, 0x000000008f000000|  0%| F|  |TAMS 0x000000008ef00000, 0x000000008ef00000| Untracked 
| 240|0x000000008f000000, 0x000000008f000000, 0x000000008f100000|  0%| F|  |TAMS 0x000000008f000000, 0x000000008f000000| Untracked 
| 241|0x000000008f100000, 0x000000008f100000, 0x000000008f200000|  0%| F|  |TAMS 0x000000008f100000, 0x000000008f100000| Untracked 
| 242|0x000000008f200000, 0x000000008f200000, 0x000000008f300000|  0%| F|  |TAMS 0x000000008f200000, 0x000000008f200000| Untracked 
| 243|0x000000008f300000, 0x000000008f300000, 0x000000008f400000|  0%| F|  |TAMS 0x000000008f300000, 0x000000008f300000| Untracked 
| 244|0x000000008f400000, 0x000000008f400000, 0x000000008f500000|  0%| F|  |TAMS 0x000000008f400000, 0x000000008f400000| Untracked 
| 245|0x000000008f500000, 0x000000008f500000, 0x000000008f600000|  0%| F|  |TAMS 0x000000008f500000, 0x000000008f500000| Untracked 
| 246|0x000000008f600000, 0x000000008f600000, 0x000000008f700000|  0%| F|  |TAMS 0x000000008f600000, 0x000000008f600000| Untracked 
| 247|0x000000008f700000, 0x000000008f700000, 0x000000008f800000|  0%| F|  |TAMS 0x000000008f700000, 0x000000008f700000| Untracked 
| 248|0x000000008f800000, 0x000000008f800000, 0x000000008f900000|  0%| F|  |TAMS 0x000000008f800000, 0x000000008f800000| Untracked 
| 249|0x000000008f900000, 0x000000008f900000, 0x000000008fa00000|  0%| F|  |TAMS 0x000000008f900000, 0x000000008f900000| Untracked 
| 250|0x000000008fa00000, 0x000000008fa00000, 0x000000008fb00000|  0%| F|  |TAMS 0x000000008fa00000, 0x000000008fa00000| Untracked 
| 251|0x000000008fb00000, 0x000000008fb00000, 0x000000008fc00000|  0%| F|  |TAMS 0x000000008fb00000, 0x000000008fb00000| Untracked 
| 252|0x000000008fc00000, 0x000000008fc00000, 0x000000008fd00000|  0%| F|  |TAMS 0x000000008fc00000, 0x000000008fc00000| Untracked 
| 253|0x000000008fd00000, 0x000000008fd00000, 0x000000008fe00000|  0%| F|  |TAMS 0x000000008fd00000, 0x000000008fd00000| Untracked 

Card table byte_map: [0x00000191edb40000,0x00000191edf40000] _byte_map_base: 0x00000191ed740000

Marking Bits (Prev, Next): (CMBitMap*) 0x00000191db2c5c60, (CMBitMap*) 0x00000191db2c5c20
 Prev Bits: [0x00000191f0340000, 0x00000191f2340000)
 Next Bits: [0x00000191ee340000, 0x00000191f0340000)

Polling page: 0x00000191d9190000

Metaspace:

Usage:
  Non-class:     90.60 MB used.
      Class:     14.35 MB used.
       Both:    104.95 MB used.

Virtual space:
  Non-class space:       96.00 MB reserved,      90.94 MB ( 95%) committed,  12 nodes.
      Class space:        1.00 GB reserved,      14.69 MB (  1%) committed,  1 nodes.
             Both:        1.09 GB reserved,     105.62 MB (  9%) committed. 

Chunk freelists:
   Non-Class:  272.00 KB
       Class:  1.31 MB
        Both:  1.58 MB

MaxMetaspaceSize: unlimited
CompressedClassSpaceSize: 1.00 GB
Initial GC threshold: 21.00 MB
Current GC threshold: 165.44 MB
CDS: off
MetaspaceReclaimPolicy: balanced
 - commit_granule_bytes: 65536.
 - commit_granule_words: 8192.
 - virtual_space_node_default_size: 1048576.
 - enlarge_chunks_in_place: 1.
 - new_chunks_are_fully_committed: 0.
 - uncommit_free_chunks: 1.
 - use_allocation_guard: 0.
 - handle_deallocations: 1.


Internal statistics:

num_allocs_failed_limit: 15.
num_arena_births: 1006.
num_arena_deaths: 6.
num_vsnodes_births: 13.
num_vsnodes_deaths: 0.
num_space_committed: 1690.
num_space_uncommitted: 0.
num_chunks_returned_to_freelist: 22.
num_chunks_taken_from_freelist: 5045.
num_chunk_merges: 14.
num_chunk_splits: 3363.
num_chunks_enlarged: 2263.
num_purges: 2.
num_inconsistent_stats: 0.

CodeHeap 'non-profiled nmethods': size=120000Kb used=6621Kb max_used=6621Kb free=113378Kb
 bounds [0x00000191e6210000, 0x00000191e6890000, 0x00000191ed740000]
CodeHeap 'profiled nmethods': size=120000Kb used=22572Kb max_used=22572Kb free=97427Kb
 bounds [0x00000191de740000, 0x00000191dfd50000, 0x00000191e5c70000]
CodeHeap 'non-nmethods': size=5760Kb used=2419Kb max_used=2495Kb free=3340Kb
 bounds [0x00000191e5c70000, 0x00000191e5f00000, 0x00000191e6210000]
 total_blobs=12330 nmethods=11368 adapters=874
 compilation: enabled
              stopped_count=0, restarted_count=0
 full_count=0

Compilation events (20 events):
Event: 19.344 Thread 0x00000191f54a33a0 nmethod 13079 0x00000191dfd47a10 code [0x00000191dfd47be0, 0x00000191dfd47f98]
Event: 19.344 Thread 0x00000191f54a33a0 13080       3       java.util.function.Function::lambda$andThen$1 (14 bytes)
Event: 19.344 Thread 0x00000191f54a33a0 nmethod 13080 0x00000191dfd48110 code [0x00000191dfd482c0, 0x00000191dfd48558]
Event: 19.345 Thread 0x00000191f54a33a0 13081       3       com.android.tools.r8.dex.code.T0::hashCode (29 bytes)
Event: 19.345 Thread 0x00000191f54a33a0 nmethod 13081 0x00000191dfd48610 code [0x00000191dfd487c0, 0x00000191dfd489c8]
Event: 19.345 Thread 0x00000191f54a33a0 13082       3       com.android.tools.r8.dex.code.E0::hashCode (13 bytes)
Event: 19.345 Thread 0x00000191f54a33a0 nmethod 13082 0x00000191dfd48a90 code [0x00000191dfd48c40, 0x00000191dfd48e48]
Event: 19.345 Thread 0x00000191f54a33a0 13083       3       com.android.tools.r8.graph.h2::b (8 bytes)
Event: 19.345 Thread 0x00000191f54a33a0 nmethod 13083 0x00000191dfd48f10 code [0x00000191dfd490a0, 0x00000191dfd491d8]
Event: 19.345 Thread 0x00000191f54a33a0 13084       3       com.android.tools.r8.graph.X0::o1 (17 bytes)
Event: 19.345 Thread 0x00000191f54a33a0 nmethod 13084 0x00000191dfd49290 code [0x00000191dfd49440, 0x00000191dfd49898]
Event: 19.345 Thread 0x00000191f54a33a0 13085       3       com.android.tools.r8.graph.h2::<init> (10 bytes)
Event: 19.345 Thread 0x00000191f54a33a0 nmethod 13085 0x00000191dfd49a10 code [0x00000191dfd49bc0, 0x00000191dfd49dd8]
Event: 19.345 Thread 0x00000191f54a33a0 13086       3       com.android.tools.r8.graph.j2::<init> (5 bytes)
Event: 19.346 Thread 0x00000191f54a33a0 nmethod 13086 0x00000191dfd49f10 code [0x00000191dfd4a0a0, 0x00000191dfd4a1f8]
Event: 19.346 Thread 0x00000191f54a33a0 13087       3       com.android.tools.r8.graph.j2::hashCode (25 bytes)
Event: 19.346 Thread 0x00000191f54a33a0 nmethod 13087 0x00000191dfd4a290 code [0x00000191dfd4a480, 0x00000191dfd4ab08]
Event: 19.348 Thread 0x00000191f54a33a0 13088       3       com.android.tools.r8.dex.code.T0::<init> (28 bytes)
Event: 19.348 Thread 0x00000191f54a33a0 nmethod 13088 0x00000191dfd4ad10 code [0x00000191dfd4af00, 0x00000191dfd4b578]
Event: 19.348 Thread 0x00000191f54a33a0 13089       3       com.android.tools.r8.dex.B::b (193 bytes)

GC Heap History (20 events):
Event: 12.543 GC heap after
{Heap after GC invocations=23 (full 0):
 garbage-first heap   total 169984K, used 75165K [0x0000000080000000, 0x0000000100000000)
  region size 1024K, 9 young (9216K), 9 survivors (9216K)
 Metaspace       used 86412K, committed 86976K, reserved 1130496K
  class space    used 11652K, committed 11904K, reserved 1048576K
}
Event: 13.560 GC heap before
{Heap before GC invocations=23 (full 0):
 garbage-first heap   total 169984K, used 136605K [0x0000000080000000, 0x0000000100000000)
  region size 1024K, 69 young (70656K), 9 survivors (9216K)
 Metaspace       used 92835K, committed 93440K, reserved 1130496K
  class space    used 12571K, committed 12864K, reserved 1048576K
}
Event: 13.583 GC heap after
{Heap after GC invocations=24 (full 0):
 garbage-first heap   total 169984K, used 81687K [0x0000000080000000, 0x0000000100000000)
  region size 1024K, 6 young (6144K), 6 survivors (6144K)
 Metaspace       used 92835K, committed 93440K, reserved 1130496K
  class space    used 12571K, committed 12864K, reserved 1048576K
}
Event: 14.075 GC heap before
{Heap before GC invocations=24 (full 0):
 garbage-first heap   total 169984K, used 135959K [0x0000000080000000, 0x0000000100000000)
  region size 1024K, 60 young (61440K), 6 survivors (6144K)
 Metaspace       used 93797K, committed 94400K, reserved 1130496K
  class space    used 12651K, committed 12992K, reserved 1048576K
}
Event: 14.097 GC heap after
{Heap after GC invocations=25 (full 0):
 garbage-first heap   total 169984K, used 91136K [0x0000000080000000, 0x0000000100000000)
  region size 1024K, 8 young (8192K), 8 survivors (8192K)
 Metaspace       used 93797K, committed 94400K, reserved 1130496K
  class space    used 12651K, committed 12992K, reserved 1048576K
}
Event: 14.920 GC heap before
{Heap before GC invocations=25 (full 0):
 garbage-first heap   total 169984K, used 135168K [0x0000000080000000, 0x0000000100000000)
  region size 1024K, 52 young (53248K), 8 survivors (8192K)
 Metaspace       used 96885K, committed 97600K, reserved 1138688K
  class space    used 13109K, committed 13440K, reserved 1048576K
}
Event: 14.941 GC heap after
{Heap after GC invocations=26 (full 0):
 garbage-first heap   total 204800K, used 96692K [0x0000000080000000, 0x0000000100000000)
  region size 1024K, 5 young (5120K), 5 survivors (5120K)
 Metaspace       used 96885K, committed 97600K, reserved 1138688K
  class space    used 13109K, committed 13440K, reserved 1048576K
}
Event: 16.416 GC heap before
{Heap before GC invocations=27 (full 0):
 garbage-first heap   total 204800K, used 162228K [0x0000000080000000, 0x0000000100000000)
  region size 1024K, 70 young (71680K), 5 survivors (5120K)
 Metaspace       used 97700K, committed 98304K, reserved 1138688K
  class space    used 13163K, committed 13440K, reserved 1048576K
}
Event: 16.429 GC heap after
{Heap after GC invocations=28 (full 0):
 garbage-first heap   total 204800K, used 101005K [0x0000000080000000, 0x0000000100000000)
  region size 1024K, 9 young (9216K), 9 survivors (9216K)
 Metaspace       used 97700K, committed 98304K, reserved 1138688K
  class space    used 13163K, committed 13440K, reserved 1048576K
}
Event: 16.435 GC heap before
{Heap before GC invocations=28 (full 0):
 garbage-first heap   total 204800K, used 102029K [0x0000000080000000, 0x0000000100000000)
  region size 1024K, 10 young (10240K), 9 survivors (9216K)
 Metaspace       used 97707K, committed 98304K, reserved 1138688K
  class space    used 13163K, committed 13440K, reserved 1048576K
}
Event: 16.446 GC heap after
{Heap after GC invocations=29 (full 0):
 garbage-first heap   total 204800K, used 101427K [0x0000000080000000, 0x0000000100000000)
  region size 1024K, 2 young (2048K), 2 survivors (2048K)
 Metaspace       used 97707K, committed 98304K, reserved 1138688K
  class space    used 13163K, committed 13440K, reserved 1048576K
}
Event: 17.429 GC heap before
{Heap before GC invocations=29 (full 0):
 garbage-first heap   total 204800K, used 163891K [0x0000000080000000, 0x0000000100000000)
  region size 1024K, 64 young (65536K), 2 survivors (2048K)
 Metaspace       used 100866K, committed 101568K, reserved 1138688K
  class space    used 13577K, committed 13888K, reserved 1048576K
}
Event: 17.440 GC heap after
{Heap after GC invocations=30 (full 0):
 garbage-first heap   total 204800K, used 105377K [0x0000000080000000, 0x0000000100000000)
  region size 1024K, 6 young (6144K), 6 survivors (6144K)
 Metaspace       used 100866K, committed 101568K, reserved 1138688K
  class space    used 13577K, committed 13888K, reserved 1048576K
}
Event: 18.568 GC heap before
{Heap before GC invocations=31 (full 0):
 garbage-first heap   total 204800K, used 187297K [0x0000000080000000, 0x0000000100000000)
  region size 1024K, 65 young (66560K), 6 survivors (6144K)
 Metaspace       used 104740K, committed 105408K, reserved 1146880K
  class space    used 14150K, committed 14464K, reserved 1048576K
}
Event: 18.580 GC heap after
{Heap after GC invocations=32 (full 0):
 garbage-first heap   total 204800K, used 131791K [0x0000000080000000, 0x0000000100000000)
  region size 1024K, 8 young (8192K), 8 survivors (8192K)
 Metaspace       used 104740K, committed 105408K, reserved 1146880K
  class space    used 14150K, committed 14464K, reserved 1048576K
}
Event: 18.581 GC heap before
{Heap before GC invocations=32 (full 0):
 garbage-first heap   total 204800K, used 134863K [0x0000000080000000, 0x0000000100000000)
  region size 1024K, 10 young (10240K), 8 survivors (8192K)
 Metaspace       used 104742K, committed 105408K, reserved 1146880K
  class space    used 14150K, committed 14464K, reserved 1048576K
}
Event: 18.587 GC heap after
{Heap after GC invocations=33 (full 0):
 garbage-first heap   total 204800K, used 130339K [0x0000000080000000, 0x0000000100000000)
  region size 1024K, 2 young (2048K), 2 survivors (2048K)
 Metaspace       used 104742K, committed 105408K, reserved 1146880K
  class space    used 14150K, committed 14464K, reserved 1048576K
}
Event: 19.013 GC heap before
{Heap before GC invocations=33 (full 0):
 garbage-first heap   total 204800K, used 183587K [0x0000000080000000, 0x0000000100000000)
  region size 1024K, 40 young (40960K), 2 survivors (2048K)
 Metaspace       used 105085K, committed 105792K, reserved 1146880K
  class space    used 14197K, committed 14528K, reserved 1048576K
}
Event: 19.035 GC heap after
{Heap after GC invocations=34 (full 0):
 garbage-first heap   total 204800K, used 151464K [0x0000000080000000, 0x0000000100000000)
  region size 1024K, 5 young (5120K), 5 survivors (5120K)
 Metaspace       used 105085K, committed 105792K, reserved 1146880K
  class space    used 14197K, committed 14528K, reserved 1048576K
}
Event: 19.350 GC heap before
{Heap before GC invocations=34 (full 0):
 garbage-first heap   total 204800K, used 169896K [0x0000000080000000, 0x0000000100000000)
  region size 1024K, 23 young (23552K), 5 survivors (5120K)
 Metaspace       used 107470K, committed 108160K, reserved 1146880K
  class space    used 14691K, committed 15040K, reserved 1048576K
}

Dll operation events (2 events):
Event: 0.006 Loaded shared library C:\Program Files\Android\Android Studio1\jbr\bin\java.dll
Event: 0.386 Loaded shared library C:\Program Files\Android\Android Studio1\jbr\bin\verify.dll

Deoptimization events (20 events):
Event: 18.989 Thread 0x00000191f6533d40 DEOPT PACKING pc=0x00000191dfc99cf5 sp=0x000000081c1fd9f0
Event: 18.989 Thread 0x00000191f6533d40 DEOPT UNPACKING pc=0x00000191e5cc7143 sp=0x000000081c1fd050 mode 0
Event: 18.990 Thread 0x00000191f6533d40 DEOPT PACKING pc=0x00000191dfc99cf5 sp=0x000000081c1fd9f0
Event: 18.990 Thread 0x00000191f6533d40 DEOPT UNPACKING pc=0x00000191e5cc7143 sp=0x000000081c1fd050 mode 0
Event: 19.006 Thread 0x00000191f6533d40 DEOPT PACKING pc=0x00000191dfc99cf5 sp=0x000000081c1fd9f0
Event: 19.006 Thread 0x00000191f6533d40 DEOPT UNPACKING pc=0x00000191e5cc7143 sp=0x000000081c1fd050 mode 0
Event: 19.008 Thread 0x00000191f6533d40 DEOPT PACKING pc=0x00000191dfc99cf5 sp=0x000000081c1fd9f0
Event: 19.008 Thread 0x00000191f6533d40 DEOPT UNPACKING pc=0x00000191e5cc7143 sp=0x000000081c1fd050 mode 0
Event: 19.012 Thread 0x00000191f6533d40 DEOPT PACKING pc=0x00000191dfc99cf5 sp=0x000000081c1fd9f0
Event: 19.013 Thread 0x00000191f6533d40 DEOPT UNPACKING pc=0x00000191e5cc7143 sp=0x000000081c1fd050 mode 0
Event: 19.043 Thread 0x00000191f6533d40 DEOPT PACKING pc=0x00000191dfc99cf5 sp=0x000000081c1fd9f0
Event: 19.043 Thread 0x00000191f6533d40 DEOPT UNPACKING pc=0x00000191e5cc7143 sp=0x000000081c1fd050 mode 0
Event: 19.044 Thread 0x00000191f6533d40 DEOPT PACKING pc=0x00000191dfc99cf5 sp=0x000000081c1fd9f0
Event: 19.044 Thread 0x00000191f6533d40 DEOPT UNPACKING pc=0x00000191e5cc7143 sp=0x000000081c1fd050 mode 0
Event: 19.095 Thread 0x00000191f6533d40 DEOPT PACKING pc=0x00000191dfc99cf5 sp=0x000000081c1fd9f0
Event: 19.095 Thread 0x00000191f6533d40 DEOPT UNPACKING pc=0x00000191e5cc7143 sp=0x000000081c1fd050 mode 0
Event: 19.156 Thread 0x00000191f6533870 Uncommon trap: trap_request=0xffffff45 fr.pc=0x00000191e6840e54 relative=0x0000000000000914
Event: 19.156 Thread 0x00000191f6533870 Uncommon trap: reason=unstable_if action=reinterpret pc=0x00000191e6840e54 method=com.google.common.collect.MapMakerInternalMap$Segment.getEntry(Ljava/lang/Object;I)Lcom/google/common/collect/MapMakerInternalMap$InternalEntry; @ 63 c2
Event: 19.156 Thread 0x00000191f6533870 DEOPT PACKING pc=0x00000191e6840e54 sp=0x000000081c6f9e20
Event: 19.156 Thread 0x00000191f6533870 DEOPT UNPACKING pc=0x00000191e5cc69a3 sp=0x000000081c6f9c20 mode 2

Classes unloaded (3 events):
Event: 17.679 Thread 0x00000191f486ed20 Unloading class 0x0000000100d14c00 'java/lang/invoke/LambdaForm$DMH+0x0000000100d14c00'
Event: 17.679 Thread 0x00000191f486ed20 Unloading class 0x0000000100d14800 'java/lang/invoke/LambdaForm$DMH+0x0000000100d14800'
Event: 17.679 Thread 0x00000191f486ed20 Unloading class 0x0000000100d14400 'java/lang/invoke/LambdaForm$DMH+0x0000000100d14400'

Classes redefined (0 events):
No events

Internal exceptions (20 events):
Event: 16.557 Thread 0x00000191fad81a00 Exception <a 'java/lang/NoSuchMethodError'{0x000000008b9e2f60}: 'int java.lang.invoke.DirectMethodHandle$Holder.invokeSpecial(java.lang.Object, java.lang.Object, java.lang.Object, java.lang.Object, java.lang.Object)'> (0x000000008b9e2f60) 
thrown [s\src\hotspot\share\interpreter\linkResolver.cpp, line 771]
Event: 17.290 Thread 0x00000191fad81a00 Exception <a 'java/lang/NoSuchMethodError'{0x000000008909fc00}: static Lorg/jetbrains/kotlin/incremental/ChangedFiles$Unknown;.<clinit>()V> (0x000000008909fc00) 
thrown [s\src\hotspot\share\prims\jni.cpp, line 1108]
Event: 17.292 Thread 0x00000191fad81a00 Exception <a 'java/lang/NoSuchMethodError'{0x00000000890d4a08}: static Lorg/jetbrains/kotlin/incremental/ClasspathChanges$ClasspathSnapshotEnabled$NotAvailableForNonIncrementalRun;.<clinit>()V> (0x00000000890d4a08) 
thrown [s\src\hotspot\share\prims\jni.cpp, line 1108]
Event: 17.292 Thread 0x00000191fad81a00 Exception <a 'java/lang/NoSuchMethodError'{0x00000000890d6990}: static Lorg/jetbrains/kotlin/incremental/ClasspathChanges$ClasspathSnapshotEnabled;.<clinit>()V> (0x00000000890d6990) 
thrown [s\src\hotspot\share\prims\jni.cpp, line 1108]
Event: 17.292 Thread 0x00000191fad81a00 Exception <a 'java/lang/NoSuchMethodError'{0x00000000890d8fc0}: static Lorg/jetbrains/kotlin/incremental/ClasspathChanges;.<clinit>()V> (0x00000000890d8fc0) 
thrown [s\src\hotspot\share\prims\jni.cpp, line 1108]
Event: 17.329 Thread 0x00000191fad81ed0 Exception <a 'sun/nio/fs/WindowsException'{0x0000000088f8dfd0}> (0x0000000088f8dfd0) 
thrown [s\src\hotspot\share\prims\jni.cpp, line 517]
Event: 17.419 Thread 0x00000191fad81ed0 Exception <a 'sun/nio/fs/WindowsException'{0x00000000888c3288}> (0x00000000888c3288) 
thrown [s\src\hotspot\share\prims\jni.cpp, line 517]
Event: 18.025 Thread 0x00000191fad823a0 Exception <a 'sun/nio/fs/WindowsException'{0x000000008a9ea7b0}> (0x000000008a9ea7b0) 
thrown [s\src\hotspot\share\prims\jni.cpp, line 517]
Event: 18.088 Thread 0x00000191fad823a0 Exception <a 'sun/nio/fs/WindowsException'{0x000000008a151718}> (0x000000008a151718) 
thrown [s\src\hotspot\share\prims\jni.cpp, line 517]
Event: 18.177 Thread 0x00000191fad87f10 Exception <a 'java/lang/NoSuchMethodError'{0x000000008a080d20}: 'void java.lang.invoke.DirectMethodHandle$Holder.invokeStatic(java.lang.Object, long)'> (0x000000008a080d20) 
thrown [s\src\hotspot\share\interpreter\linkResolver.cpp, line 771]
Event: 18.177 Thread 0x00000191fad87f10 Exception <a 'java/lang/NoSuchMethodError'{0x000000008a086620}: 'java.lang.Object java.lang.invoke.DirectMethodHandle$Holder.newInvokeSpecial(java.lang.Object, long)'> (0x000000008a086620) 
thrown [s\src\hotspot\share\interpreter\linkResolver.cpp, line 771]
Event: 18.179 Thread 0x00000191fad87f10 Exception <a 'java/lang/NoSuchMethodError'{0x000000008a08d5f8}: 'java.lang.Object java.lang.invoke.DirectMethodHandle$Holder.invokeStatic(java.lang.Object, java.lang.Object, long, java.lang.Object)'> (0x000000008a08d5f8) 
thrown [s\src\hotspot\share\interpreter\linkResolver.cpp, line 771]
Event: 18.184 Thread 0x00000191fad87f10 Exception <a 'java/lang/NoSuchMethodError'{0x000000008a091078}: 'java.lang.Object java.lang.invoke.DirectMethodHandle$Holder.invokeStaticInit(java.lang.Object, java.lang.Object, long, java.lang.Object)'> (0x000000008a091078) 
thrown [s\src\hotspot\share\interpreter\linkResolver.cpp, line 771]
Event: 18.343 Thread 0x00000191f6533d40 Exception <a 'sun/nio/fs/WindowsException'{0x0000000089add838}> (0x0000000089add838) 
thrown [s\src\hotspot\share\prims\jni.cpp, line 517]
Event: 18.554 Thread 0x00000191f6533d40 Exception <a 'java/lang/NoSuchMethodError'{0x000000008915c8a8}: 'java.lang.Object java.lang.invoke.DirectMethodHandle$Holder.invokeStaticInit(java.lang.Object, java.lang.Object, java.lang.Object, java.lang.Object, java.lang.Object, java.lang.Object, java.lang.Object, java.lang.Object, java.lang.Object, java.lang.Object, java.lang.Object, java.lang.Object, java.lang.Object, java.lang.Object, java.lang.Object, java.lang.Object, java.lang.Object, java.lang.Object, java.lang.Object, int, java.lang.Object, java
Event: 19.132 Thread 0x00000191f6535ef0 Exception <a 'java/lang/IncompatibleClassChangeError'{0x000000008be87fe0}: Found class java.lang.Object, but interface was expected> (0x000000008be87fe0) 
thrown [s\src\hotspot\share\interpreter\linkResolver.cpp, line 838]
Event: 19.179 Thread 0x00000191f6535ef0 Exception <a 'java/lang/NoSuchMethodError'{0x000000008bc11930}: 'long java.lang.invoke.DirectMethodHandle$Holder.invokeStatic(java.lang.Object, java.lang.Object, java.lang.Object)'> (0x000000008bc11930) 
thrown [s\src\hotspot\share\interpreter\linkResolver.cpp, line 771]
Event: 19.250 Thread 0x00000191f6535a20 Exception <a 'java/lang/IncompatibleClassChangeError'{0x000000008b937c80}: Found class java.lang.Object, but interface was expected> (0x000000008b937c80) 
thrown [s\src\hotspot\share\interpreter\linkResolver.cpp, line 838]
Event: 19.250 Thread 0x00000191f6533870 Exception <a 'java/lang/IncompatibleClassChangeError'{0x000000008b933170}: Found class java.lang.Object, but interface was expected> (0x000000008b933170) 
thrown [s\src\hotspot\share\interpreter\linkResolver.cpp, line 838]
Event: 19.251 Thread 0x00000191f6535a20 Exception <a 'java/lang/IncompatibleClassChangeError'{0x000000008b94cbd0}: Found class java.lang.Object, but interface was expected> (0x000000008b94cbd0) 
thrown [s\src\hotspot\share\interpreter\linkResolver.cpp, line 838]

VM Operations (20 events):
Event: 17.834 Executing VM operation: G1Concurrent done
Event: 18.188 Executing VM operation: HandshakeAllThreads
Event: 18.188 Executing VM operation: HandshakeAllThreads done
Event: 18.352 Executing VM operation: HandshakeAllThreads
Event: 18.352 Executing VM operation: HandshakeAllThreads done
Event: 18.397 Executing VM operation: HandshakeAllThreads
Event: 18.398 Executing VM operation: HandshakeAllThreads done
Event: 18.398 Executing VM operation: HandshakeAllThreads
Event: 18.398 Executing VM operation: HandshakeAllThreads done
Event: 18.416 Executing VM operation: ICBufferFull
Event: 18.416 Executing VM operation: ICBufferFull done
Event: 18.568 Executing VM operation: G1CollectForAllocation
Event: 18.580 Executing VM operation: G1CollectForAllocation done
Event: 18.581 Executing VM operation: G1CollectForAllocation
Event: 18.587 Executing VM operation: G1CollectForAllocation done
Event: 19.013 Executing VM operation: G1CollectForAllocation
Event: 19.035 Executing VM operation: G1CollectForAllocation done
Event: 19.146 Executing VM operation: HandshakeAllThreads
Event: 19.146 Executing VM operation: HandshakeAllThreads done
Event: 19.349 Executing VM operation: G1CollectForAllocation

Events (20 events):
Event: 19.121 loading class java/util/concurrent/ForkJoinTask$Aux
Event: 19.121 loading class java/util/concurrent/ForkJoinTask$Aux done
Event: 19.121 loading class java/util/concurrent/ForkJoinPool$DefaultForkJoinWorkerThreadFactory$1
Event: 19.122 loading class java/util/concurrent/ForkJoinPool$DefaultForkJoinWorkerThreadFactory$1 done
Event: 19.122 Thread 0x00000191f6535ef0 Thread added: 0x00000191f6535ef0
Event: 19.126 Thread 0x00000191f6533870 Thread added: 0x00000191f6533870
Event: 19.136 Thread 0x00000191f6532530 Thread added: 0x00000191f6532530
Event: 19.143 Thread 0x00000191f6535a20 Thread added: 0x00000191f6535a20
Event: 19.151 loading class java/lang/reflect/GenericSignatureFormatError
Event: 19.151 loading class java/lang/reflect/GenericSignatureFormatError done
Event: 19.240 loading class java/nio/ShortBuffer
Event: 19.241 loading class java/nio/ShortBuffer done
Event: 19.241 loading class java/nio/HeapShortBuffer
Event: 19.241 loading class java/nio/HeapShortBuffer done
Event: 19.253 loading class java/util/AbstractList$RandomAccessSubList
Event: 19.253 loading class java/util/AbstractList$SubList
Event: 19.253 loading class java/util/AbstractList$SubList done
Event: 19.253 loading class java/util/AbstractList$RandomAccessSubList done
Event: 19.253 loading class java/util/AbstractList$SubList$1
Event: 19.253 loading class java/util/AbstractList$SubList$1 done


Dynamic libraries:
0x00007ff719b20000 - 0x00007ff719b2a000 	C:\Program Files\Android\Android Studio1\jbr\bin\java.exe
0x00007ff98fa40000 - 0x00007ff98fc49000 	C:\Windows\SYSTEM32\ntdll.dll
0x00007ff98e820000 - 0x00007ff98e8dd000 	C:\Windows\System32\KERNEL32.DLL
0x00007ff98d230000 - 0x00007ff98d5a9000 	C:\Windows\System32\KERNELBASE.dll
0x00007ff98d110000 - 0x00007ff98d221000 	C:\Windows\System32\ucrtbase.dll
0x00007ff98aea0000 - 0x00007ff98aebb000 	C:\Program Files\Android\Android Studio1\jbr\bin\VCRUNTIME140.dll
0x00007ff98ae80000 - 0x00007ff98ae97000 	C:\Program Files\Android\Android Studio1\jbr\bin\jli.dll
0x00007ff98e580000 - 0x00007ff98e72c000 	C:\Windows\System32\USER32.dll
0x00007ff98cf70000 - 0x00007ff98cf96000 	C:\Windows\System32\win32u.dll
0x00007ff98e7f0000 - 0x00007ff98e819000 	C:\Windows\System32\GDI32.dll
0x00007ff98d5b0000 - 0x00007ff98d6c2000 	C:\Windows\System32\gdi32full.dll
0x00007ff976e30000 - 0x00007ff9770d5000 	C:\Windows\WinSxS\amd64_microsoft.windows.common-controls_6595b64144ccf1df_6.0.22000.120_none_9d947278b86cc467\COMCTL32.dll
0x00007ff98d750000 - 0x00007ff98d7ed000 	C:\Windows\System32\msvcp_win.dll
0x00007ff98e730000 - 0x00007ff98e7d3000 	C:\Windows\System32\msvcrt.dll
0x00007ff98e540000 - 0x00007ff98e571000 	C:\Windows\System32\IMM32.DLL
0x00007ff98ae60000 - 0x00007ff98ae6c000 	C:\Program Files\Android\Android Studio1\jbr\bin\vcruntime140_1.dll
0x00007ff9675e0000 - 0x00007ff96766d000 	C:\Program Files\Android\Android Studio1\jbr\bin\msvcp140.dll
0x00007ff9472e0000 - 0x00007ff947f4d000 	C:\Program Files\Android\Android Studio1\jbr\bin\server\jvm.dll
0x00007ff98f920000 - 0x00007ff98f9ce000 	C:\Windows\System32\ADVAPI32.dll
0x00007ff98db50000 - 0x00007ff98dbee000 	C:\Windows\System32\sechost.dll
0x00007ff98e940000 - 0x00007ff98ea60000 	C:\Windows\System32\RPCRT4.dll
0x00007ff9871d0000 - 0x00007ff987203000 	C:\Windows\SYSTEM32\WINMM.dll
0x00007ff9754c0000 - 0x00007ff9754c9000 	C:\Windows\SYSTEM32\WSOCK32.dll
0x00007ff98f7c0000 - 0x00007ff98f82f000 	C:\Windows\System32\WS2_32.dll
0x00007ff9840f0000 - 0x00007ff9840fa000 	C:\Windows\SYSTEM32\VERSION.dll
0x00007ff98c0f0000 - 0x00007ff98c108000 	C:\Windows\SYSTEM32\kernel.appcore.dll
0x00007ff984120000 - 0x00007ff98412a000 	C:\Program Files\Android\Android Studio1\jbr\bin\jimage.dll
0x00007ff957690000 - 0x00007ff9578b1000 	C:\Windows\SYSTEM32\DBGHELP.DLL
0x00007ff97f750000 - 0x00007ff97f781000 	C:\Windows\SYSTEM32\dbgcore.DLL
0x00007ff98d6d0000 - 0x00007ff98d74f000 	C:\Windows\System32\bcryptPrimitives.dll
0x00007ff97d1e0000 - 0x00007ff97d205000 	C:\Program Files\Android\Android Studio1\jbr\bin\java.dll
0x00007ff97d1c0000 - 0x00007ff97d1d8000 	C:\Program Files\Android\Android Studio1\jbr\bin\zip.dll
0x00007ff98dc00000 - 0x00007ff98e3af000 	C:\Windows\System32\SHELL32.dll
0x00007ff98b040000 - 0x00007ff98b8a8000 	C:\Windows\SYSTEM32\windows.storage.dll
0x00007ff98eed0000 - 0x00007ff98f248000 	C:\Windows\System32\combase.dll
0x00007ff98aed0000 - 0x00007ff98b036000 	C:\Windows\SYSTEM32\wintypes.dll
0x00007ff98d940000 - 0x00007ff98da2a000 	C:\Windows\System32\SHCORE.dll
0x00007ff98e8e0000 - 0x00007ff98e93d000 	C:\Windows\System32\shlwapi.dll
0x00007ff98ce30000 - 0x00007ff98ce51000 	C:\Windows\SYSTEM32\profapi.dll
0x00007ff97c560000 - 0x00007ff97c579000 	C:\Program Files\Android\Android Studio1\jbr\bin\net.dll
0x00007ff98a360000 - 0x00007ff98a46c000 	C:\Windows\SYSTEM32\WINHTTP.dll
0x00007ff98c520000 - 0x00007ff98c587000 	C:\Windows\system32\mswsock.dll
0x00007ff97c540000 - 0x00007ff97c556000 	C:\Program Files\Android\Android Studio1\jbr\bin\nio.dll
0x00007ff97b2e0000 - 0x00007ff97b2f0000 	C:\Program Files\Android\Android Studio1\jbr\bin\verify.dll
0x00007ff979390000 - 0x00007ff9793b7000 	C:\Users\ThinkPad T470\.gradle\native\68d5fa5c4cc2d200863cafc0d521ce42e7d3e7ee720ec0a83991735586a16f82\windows-amd64\native-platform.dll
0x00007ff961e60000 - 0x00007ff961fa4000 	C:\Users\ThinkPad T470\.gradle\native\e376f236ea51e6404a007f0833ffe2c6e607c4080706a723a18a27aeea778392\windows-amd64\native-platform-file-events.dll
0x00007ff97cd00000 - 0x00007ff97cd09000 	C:\Program Files\Android\Android Studio1\jbr\bin\management.dll
0x00007ff97c530000 - 0x00007ff97c53b000 	C:\Program Files\Android\Android Studio1\jbr\bin\management_ext.dll
0x00007ff98f7b0000 - 0x00007ff98f7b8000 	C:\Windows\System32\PSAPI.DLL
0x00007ff98c760000 - 0x00007ff98c778000 	C:\Windows\SYSTEM32\CRYPTSP.dll
0x00007ff98c050000 - 0x00007ff98c085000 	C:\Windows\system32\rsaenh.dll
0x00007ff98c610000 - 0x00007ff98c639000 	C:\Windows\SYSTEM32\USERENV.dll
0x00007ff98c8e0000 - 0x00007ff98c907000 	C:\Windows\SYSTEM32\bcrypt.dll
0x00007ff98c780000 - 0x00007ff98c78c000 	C:\Windows\SYSTEM32\CRYPTBASE.dll
0x00007ff98bc20000 - 0x00007ff98bc4d000 	C:\Windows\SYSTEM32\IPHLPAPI.DLL
0x00007ff98e7e0000 - 0x00007ff98e7e9000 	C:\Windows\System32\NSI.dll
0x00007ff9840d0000 - 0x00007ff9840e9000 	C:\Windows\SYSTEM32\dhcpcsvc6.DLL
0x00007ff987180000 - 0x00007ff98719e000 	C:\Windows\SYSTEM32\dhcpcsvc.DLL
0x00007ff98bca0000 - 0x00007ff98bd88000 	C:\Windows\SYSTEM32\DNSAPI.dll
0x00007ff97b2d0000 - 0x00007ff97b2d8000 	C:\Windows\system32\wshunix.dll
0x00007ff97f690000 - 0x00007ff97f6a7000 	C:\Windows\system32\napinsp.dll
0x00007ff97f670000 - 0x00007ff97f68b000 	C:\Windows\system32\pnrpnsp.dll
0x00007ff97f650000 - 0x00007ff97f662000 	C:\Windows\System32\winrnr.dll
0x00007ff96e290000 - 0x00007ff96e2a5000 	C:\Windows\system32\wshbth.dll
0x00007ff977a30000 - 0x00007ff977a4f000 	C:\Windows\system32\nlansp_c.dll
0x00007ff97ea30000 - 0x00007ff97ea3a000 	C:\Windows\System32\rasadhlp.dll
0x00007ff97ff90000 - 0x00007ff980011000 	C:\Windows\System32\fwpuclnt.dll
0x00007ff98ae40000 - 0x00007ff98ae5e000 	C:\Temp\native-platform7871867801511436647dir\native-platform.dll

dbghelp: loaded successfully - version: 4.0.5 - missing functions: none
symbol engine: initialized successfully - sym options: 0x614 - pdb path: .;C:\Program Files\Android\Android Studio1\jbr\bin;C:\Windows\SYSTEM32;C:\Windows\WinSxS\amd64_microsoft.windows.common-controls_6595b64144ccf1df_6.0.22000.120_none_9d947278b86cc467;C:\Program Files\Android\Android Studio1\jbr\bin\server;C:\Users\ThinkPad T470\.gradle\native\68d5fa5c4cc2d200863cafc0d521ce42e7d3e7ee720ec0a83991735586a16f82\windows-amd64;C:\Users\ThinkPad T470\.gradle\native\e376f236ea51e6404a007f0833ffe2c6e607c4080706a723a18a27aeea778392\windows-amd64;C:\Temp\native-platform7871867801511436647dir

VM Arguments:
jvm_args: --add-opens=java.base/java.util=ALL-UNNAMED --add-opens=java.base/java.lang=ALL-UNNAMED --add-opens=java.base/java.lang.invoke=ALL-UNNAMED --add-opens=java.prefs/java.util.prefs=ALL-UNNAMED --add-opens=java.base/java.nio.charset=ALL-UNNAMED --add-opens=java.base/java.net=ALL-UNNAMED --add-opens=java.base/java.util.concurrent.atomic=ALL-UNNAMED -Xmx2048m -Dfile.encoding=UTF-8 -Duser.country=RU -Duser.language=ru -Duser.variant 
java_command: org.gradle.launcher.daemon.bootstrap.GradleDaemon 8.0
java_class_path (initial): C:\Users\ThinkPad T470\.gradle\wrapper\dists\gradle-8.0-bin\ca5e32bp14vu59qr306oxotwh\gradle-8.0\lib\gradle-launcher-8.0.jar
Launcher Type: SUN_STANDARD

[Global flags]
     intx CICompilerCount                          = 3                                         {product} {ergonomic}
     uint ConcGCThreads                            = 1                                         {product} {ergonomic}
     uint G1ConcRefinementThreads                  = 4                                         {product} {ergonomic}
   size_t G1HeapRegionSize                         = 1048576                                   {product} {ergonomic}
    uintx GCDrainStackTargetSize                   = 64                                        {product} {ergonomic}
   size_t InitialHeapSize                          = 266338304                                 {product} {ergonomic}
   size_t MarkStackSize                            = 4194304                                   {product} {ergonomic}
   size_t MaxHeapSize                              = 2147483648                                {product} {command line}
   size_t MaxNewSize                               = 1287651328                                {product} {ergonomic}
   size_t MinHeapDeltaBytes                        = 1048576                                   {product} {ergonomic}
   size_t MinHeapSize                              = 8388608                                   {product} {ergonomic}
    uintx NonNMethodCodeHeapSize                   = 5832780                                {pd product} {ergonomic}
    uintx NonProfiledCodeHeapSize                  = 122912730                              {pd product} {ergonomic}
    uintx ProfiledCodeHeapSize                     = 122912730                              {pd product} {ergonomic}
    uintx ReservedCodeCacheSize                    = 251658240                              {pd product} {ergonomic}
     bool SegmentedCodeCache                       = true                                      {product} {ergonomic}
   size_t SoftMaxHeapSize                          = 2147483648                             {manageable} {ergonomic}
     bool UseCompressedClassPointers               = true                           {product lp64_product} {ergonomic}
     bool UseCompressedOops                        = true                           {product lp64_product} {ergonomic}
     bool UseG1GC                                  = true                                      {product} {ergonomic}
     bool UseLargePagesIndividualAllocation        = false                                  {pd product} {ergonomic}

Logging:
Log output configuration:
 #0: stdout all=warning uptime,level,tags
 #1: stderr all=off uptime,level,tags

Environment Variables:
PATH=C:\Windows\system32;C:\Windows;C:\Windows\System32\Wbem;C:\Windows\System32\WindowsPowerShell\v1.0\;C:\Program Files (x86)\dotnet\;C:\Program Files\Git\cmd;c:\Program Files (x86)\Intel\Intel(R) Management Engine Components\DAL;c:\Program Files\Intel\Intel(R) Management Engine Components\DAL;C:\Users\ThinkPad T470\AppData\Local\Microsoft\WindowsApps;
USERNAME=ThinkPad T470
OS=Windows_NT
PROCESSOR_IDENTIFIER=Intel64 Family 6 Model 78 Stepping 3, GenuineIntel
TMP=C:\Temp
TEMP=C:\Temp



---------------  S Y S T E M  ---------------

OS:
 Windows 11 , 64 bit Build 22000 (10.0.22000.675)
OS uptime: 18 days 13:00 hours

CPU: total 4 (initial active 4) (2 cores per cpu, 2 threads per core) family 6 model 78 stepping 3 microcode 0xec, cx8, cmov, fxsr, ht, mmx, 3dnowpref, sse, sse2, sse3, ssse3, sse4.1, sse4.2, popcnt, lzcnt, tsc, tscinvbit, avx, avx2, aes, erms, clmul, bmi1, bmi2, rtm, adx, fma, vzeroupper, clflush, clflushopt

Memory: 4k page, system-wide physical 16223M (2766M free)
TotalPageFile size 16239M (AvailPageFile size 80M)
current process WorkingSet (physical memory assigned to process): 480M, peak: 481M
current process commit charge ("private bytes"): 559M, peak: 906M

vm_info: OpenJDK 64-Bit Server VM (17.0.6+0-b2043.56-9586694) for windows-amd64 JRE (17.0.6+0-b2043.56-9586694), built on Feb  9 2023 20:06:20 by "androidbuild" with MS VC++ 16.10 / 16.11 (VS2019)

END.
